#
# A fatal error has been detected by the Java Runtime Environment:
#
#  EXCEPTION_ACCESS_VIOLATION (0xc0000005) at pc=0x00000000052da518, pid=2868, tid=0x0000000000004fb4
#
# JRE version: Java(TM) SE Runtime Environment (8.0_241-b07) (build 1.8.0_241-b07)
# Java VM: Java HotSpot(TM) 64-Bit Server VM (25.241-b07 mixed mode windows-amd64 compressed oops)
# Problematic frame:
# J 12322 C2 org.apache.spark.sql.catalyst.expressions.GeneratedClass$GeneratedIteratorForCodegenStage2.processNext()V (132 bytes) @ 0x00000000052da518 [0x00000000052da440+0xd8]
#
# Failed to write core dump. Minidumps are not enabled by default on client versions of Windows
#
# If you would like to submit a bug report, please visit:
#   http://bugreport.java.com/bugreport/crash.jsp
#

---------------  T H R E A D  ---------------

Current thread (0x000000001f4ff000):  JavaThread "stdout writer for C:\Users\Andreas\AppData\Local\Programs\Python\Python37\python.exe" daemon [_thread_in_Java, id=20404, stack(0x000000002bfc0000,0x000000002c0c0000)]

siginfo: ExceptionCode=0xc0000005, reading address 0x00000000000bafd4

Registers:
RAX=0x00000000000bafdc, RBX=0x000000000000021c, RCX=0x00000000c53fc670, RDX=0x00000000c510ab00
RSP=0x000000002c0be930, RBP=0x00000000c51d4d90, RSI=0x00000000000bafd4, RDI=0x0000000012020000
R8 =0x000000000062883e, R9 =0x00000000c53fc900, R10=0x00000000c5107c88, R11=0x00000000000bafd4
R12=0x0000000000000000, R13=0x0000000000000002, R14=0x0000000000000001, R15=0x000000001f4ff000
RIP=0x00000000052da518, EFLAGS=0x0000000000010206

Top of Stack: (sp=0x000000002c0be930)
0x000000002c0be930:   00000000ebbc0f68 00000000ebbc0f68
0x000000002c0be940:   00000000c510ab00 00000000ebbe03d8
0x000000002c0be950:   00000000ebbbfea8 00000000ebb5bbf8
0x000000002c0be960:   00000000c510abb8 00000000046f4ff4
0x000000002c0be970:   00000000c510ab00 0000000200000450
0x000000002c0be980:   00000000c510abb8 00000000ebb4bbd8
0x000000002c0be990:   00000000c50ffba8 00000000ebb0e2e0
0x000000002c0be9a0:   0000000000000000 0000000005307290
0x000000002c0be9b0:   00000000c510b118 00000000c510b060
0x000000002c0be9c0:   00000000c510abf8 0000000003941344
0x000000002c0be9d0:   0000000000000000 0000000003a04694
0x000000002c0be9e0:   00000000c510abf8 0000000003941344
0x000000002c0be9f0:   00000000eb384150 000064d000000000
0x000000002c0bea00:   00000000c510abf8 0000000003941344
0x000000002c0bea10:   00000000c510ab00 00000001007e13a8
0x000000002c0bea20:   00000000c510abf8 00000000052c3294 

Instructions: (pc=0x00000000052da518)
0x00000000052da4f8:   02 12 46 88 24 1f 44 8b 5d 0c 45 89 5a 30 48 8b
0x00000000052da508:   c6 48 83 c0 08 49 c1 e8 09 46 88 24 07 4c 03 de
0x00000000052da518:   41 8b 13 45 8b 43 04 45 89 42 24 49 89 42 10 41
0x00000000052da528:   2b d0 ff 49 18 44 8b 59 20 83 c3 0c 49 63 c0 48 


Register to memory mapping:

RAX=0x00000000000bafdc is an unknown value
RBX=0x000000000000021c is an unknown value
RCX=0x00000000c53fc670 is an oop
org.apache.spark.unsafe.map.BytesToBytesMap$MapIterator 
 - klass: 'org/apache/spark/unsafe/map/BytesToBytesMap$MapIterator'
RDX=0x00000000c510ab00 is an oop
org.apache.spark.sql.catalyst.expressions.GeneratedClass$GeneratedIteratorForCodegenStage2 
 - klass: 'org/apache/spark/sql/catalyst/expressions/GeneratedClass$GeneratedIteratorForCodegenStage2'
RSP=0x000000002c0be930 is pointing into the stack for thread: 0x000000001f4ff000
RBP=0x00000000c51d4d90 is an oop
org.apache.spark.unsafe.memory.MemoryBlock 
 - klass: 'org/apache/spark/unsafe/memory/MemoryBlock'
RSI=0x00000000000bafd4 is an unknown value
RDI=0x0000000012020000 is an unknown value
R8 =0x000000000062883e is an unknown value
R9 =0x00000000c53fc900 is an oop
org.apache.spark.sql.execution.UnsafeFixedWidthAggregationMap$1 
 - klass: 'org/apache/spark/sql/execution/UnsafeFixedWidthAggregationMap$1'
R10=0x00000000c5107c88 is an oop
org.apache.spark.unsafe.map.BytesToBytesMap$Location 
 - klass: 'org/apache/spark/unsafe/map/BytesToBytesMap$Location'
R11=0x00000000000bafd4 is an unknown value
R12=0x0000000000000000 is an unknown value
R13=0x0000000000000002 is an unknown value
R14=0x0000000000000001 is an unknown value
R15=0x000000001f4ff000 is a thread


Stack: [0x000000002bfc0000,0x000000002c0c0000],  sp=0x000000002c0be930,  free space=1018k
Native frames: (J=compiled Java code, j=interpreted, Vv=VM code, C=native code)
C  0x00000000052da518


---------------  P R O C E S S  ---------------

Java Threads: ( => current thread )
  0x0000000022f13800 JavaThread "block-manager-ask-thread-pool-72" daemon [_thread_blocked, id=11100, stack(0x0000000032dc0000,0x0000000032ec0000)]
  0x0000000022f11000 JavaThread "block-manager-slave-async-thread-pool-77" daemon [_thread_blocked, id=14828, stack(0x0000000032cc0000,0x0000000032dc0000)]
  0x0000000022f10800 JavaThread "block-manager-slave-async-thread-pool-76" daemon [_thread_blocked, id=16028, stack(0x0000000032bc0000,0x0000000032cc0000)]
  0x0000000022f15000 JavaThread "block-manager-ask-thread-pool-71" daemon [_thread_blocked, id=3664, stack(0x0000000032ac0000,0x0000000032bc0000)]
  0x0000000022f14000 JavaThread "block-manager-slave-async-thread-pool-75" daemon [_thread_blocked, id=16012, stack(0x00000000329c0000,0x0000000032ac0000)]
  0x0000000022f07800 JavaThread "block-manager-slave-async-thread-pool-74" daemon [_thread_blocked, id=10756, stack(0x00000000328c0000,0x00000000329c0000)]
  0x0000000022f0c000 JavaThread "block-manager-ask-thread-pool-70" daemon [_thread_blocked, id=8852, stack(0x00000000327c0000,0x00000000328c0000)]
  0x0000000022f0a800 JavaThread "block-manager-slave-async-thread-pool-73" daemon [_thread_blocked, id=9276, stack(0x00000000326c0000,0x00000000327c0000)]
  0x0000000022f08000 JavaThread "block-manager-slave-async-thread-pool-72" daemon [_thread_blocked, id=5952, stack(0x00000000325c0000,0x00000000326c0000)]
  0x0000000022f09000 JavaThread "block-manager-ask-thread-pool-69" daemon [_thread_blocked, id=1760, stack(0x00000000324c0000,0x00000000325c0000)]
  0x0000000022f09800 JavaThread "block-manager-slave-async-thread-pool-71" daemon [_thread_blocked, id=20148, stack(0x00000000323c0000,0x00000000324c0000)]
  0x0000000022f0d800 JavaThread "block-manager-slave-async-thread-pool-70" daemon [_thread_blocked, id=7768, stack(0x00000000322c0000,0x00000000323c0000)]
  0x0000000022f0c800 JavaThread "block-manager-ask-thread-pool-68" daemon [_thread_blocked, id=18456, stack(0x00000000321c0000,0x00000000322c0000)]
  0x0000000022f0e000 JavaThread "block-manager-slave-async-thread-pool-69" daemon [_thread_blocked, id=7484, stack(0x00000000320c0000,0x00000000321c0000)]
  0x0000000022f04800 JavaThread "block-manager-slave-async-thread-pool-68" daemon [_thread_blocked, id=9024, stack(0x0000000031fc0000,0x00000000320c0000)]
  0x0000000022f06000 JavaThread "block-manager-ask-thread-pool-67" daemon [_thread_blocked, id=20308, stack(0x0000000031ec0000,0x0000000031fc0000)]
  0x0000000022f05000 JavaThread "block-manager-ask-thread-pool-66" daemon [_thread_blocked, id=18112, stack(0x0000000031dc0000,0x0000000031ec0000)]
  0x0000000022f06800 JavaThread "block-manager-slave-async-thread-pool-67" daemon [_thread_blocked, id=6368, stack(0x0000000031cc0000,0x0000000031dc0000)]
  0x0000000022f0b000 JavaThread "block-manager-slave-async-thread-pool-66" daemon [_thread_blocked, id=8780, stack(0x0000000031bc0000,0x0000000031cc0000)]
  0x0000000022efc800 JavaThread "block-manager-slave-async-thread-pool-65" daemon [_thread_blocked, id=20104, stack(0x0000000031ac0000,0x0000000031bc0000)]
  0x0000000022f03800 JavaThread "block-manager-ask-thread-pool-65" daemon [_thread_blocked, id=5472, stack(0x00000000319c0000,0x0000000031ac0000)]
  0x0000000022efc000 JavaThread "block-manager-slave-async-thread-pool-64" daemon [_thread_blocked, id=14072, stack(0x00000000318c0000,0x00000000319c0000)]
  0x0000000022efe000 JavaThread "block-manager-ask-thread-pool-64" daemon [_thread_blocked, id=6268, stack(0x00000000317c0000,0x00000000318c0000)]
  0x0000000022f03000 JavaThread "block-manager-ask-thread-pool-63" daemon [_thread_blocked, id=14328, stack(0x00000000316c0000,0x00000000317c0000)]
  0x0000000022f02000 JavaThread "block-manager-ask-thread-pool-62" daemon [_thread_blocked, id=15084, stack(0x00000000315c0000,0x00000000316c0000)]
  0x0000000022f01800 JavaThread "block-manager-slave-async-thread-pool-63" daemon [_thread_blocked, id=17644, stack(0x00000000314c0000,0x00000000315c0000)]
  0x0000000022ef9800 JavaThread "block-manager-slave-async-thread-pool-62" daemon [_thread_blocked, id=5356, stack(0x00000000313c0000,0x00000000314c0000)]
  0x0000000022f00800 JavaThread "block-manager-ask-thread-pool-61" daemon [_thread_blocked, id=18656, stack(0x00000000312c0000,0x00000000313c0000)]
  0x0000000022efa800 JavaThread "block-manager-slave-async-thread-pool-61" daemon [_thread_blocked, id=19816, stack(0x00000000311c0000,0x00000000312c0000)]
  0x0000000022efd800 JavaThread "block-manager-ask-thread-pool-60" daemon [_thread_blocked, id=19944, stack(0x00000000310c0000,0x00000000311c0000)]
  0x0000000022ef9000 JavaThread "block-manager-ask-thread-pool-59" daemon [_thread_blocked, id=1280, stack(0x0000000030fc0000,0x00000000310c0000)]
  0x0000000022eff000 JavaThread "block-manager-slave-async-thread-pool-60" daemon [_thread_blocked, id=13412, stack(0x0000000030ec0000,0x0000000030fc0000)]
  0x0000000022efb000 JavaThread "block-manager-slave-async-thread-pool-59" daemon [_thread_blocked, id=17084, stack(0x0000000030dc0000,0x0000000030ec0000)]
  0x0000000022f00000 JavaThread "block-manager-slave-async-thread-pool-58" daemon [_thread_blocked, id=18020, stack(0x0000000030cc0000,0x0000000030dc0000)]
  0x0000000022ef8000 JavaThread "block-manager-ask-thread-pool-58" daemon [_thread_blocked, id=12340, stack(0x0000000030bc0000,0x0000000030cc0000)]
  0x0000000022ef7800 JavaThread "block-manager-ask-thread-pool-57" daemon [_thread_blocked, id=20024, stack(0x0000000030ac0000,0x0000000030bc0000)]
  0x0000000022ef6800 JavaThread "block-manager-ask-thread-pool-56" daemon [_thread_blocked, id=18096, stack(0x00000000309c0000,0x0000000030ac0000)]
  0x000000001ac3f000 JavaThread "block-manager-slave-async-thread-pool-57" daemon [_thread_blocked, id=18052, stack(0x00000000308c0000,0x00000000309c0000)]
  0x000000001ac3d800 JavaThread "block-manager-slave-async-thread-pool-56" daemon [_thread_blocked, id=9676, stack(0x00000000307c0000,0x00000000308c0000)]
  0x000000001ac3d000 JavaThread "block-manager-ask-thread-pool-55" daemon [_thread_blocked, id=5420, stack(0x00000000306c0000,0x00000000307c0000)]
  0x000000001ac3a800 JavaThread "block-manager-slave-async-thread-pool-55" daemon [_thread_blocked, id=17120, stack(0x00000000305c0000,0x00000000306c0000)]
  0x000000001ac3c000 JavaThread "block-manager-ask-thread-pool-54" daemon [_thread_blocked, id=14036, stack(0x00000000304c0000,0x00000000305c0000)]
  0x000000001ac3e800 JavaThread "block-manager-ask-thread-pool-53" daemon [_thread_blocked, id=924, stack(0x00000000303c0000,0x00000000304c0000)]
  0x000000001ac3b800 JavaThread "block-manager-slave-async-thread-pool-54" daemon [_thread_blocked, id=17636, stack(0x00000000302c0000,0x00000000303c0000)]
  0x000000001ac3a000 JavaThread "block-manager-slave-async-thread-pool-53" daemon [_thread_blocked, id=19880, stack(0x00000000301c0000,0x00000000302c0000)]
  0x000000001ac33000 JavaThread "block-manager-slave-async-thread-pool-52" daemon [_thread_blocked, id=13116, stack(0x00000000300c0000,0x00000000301c0000)]
  0x000000001ac39000 JavaThread "block-manager-ask-thread-pool-52" daemon [_thread_blocked, id=9492, stack(0x000000002ffc0000,0x00000000300c0000)]
  0x000000001ac31800 JavaThread "block-manager-ask-thread-pool-51" daemon [_thread_blocked, id=8312, stack(0x000000002fec0000,0x000000002ffc0000)]
  0x000000001ac37800 JavaThread "block-manager-ask-thread-pool-50" daemon [_thread_blocked, id=19324, stack(0x000000002fdc0000,0x000000002fec0000)]
  0x000000001ac38800 JavaThread "block-manager-slave-async-thread-pool-51" daemon [_thread_blocked, id=11960, stack(0x000000002fcc0000,0x000000002fdc0000)]
  0x000000001ac30000 JavaThread "block-manager-slave-async-thread-pool-50" daemon [_thread_blocked, id=19604, stack(0x000000002fbc0000,0x000000002fcc0000)]
  0x000000001ac32800 JavaThread "block-manager-slave-async-thread-pool-49" daemon [_thread_blocked, id=18280, stack(0x000000002fac0000,0x000000002fbc0000)]
  0x000000001ac37000 JavaThread "block-manager-ask-thread-pool-49" daemon [_thread_blocked, id=17692, stack(0x000000002f9c0000,0x000000002fac0000)]
  0x000000001ac36000 JavaThread "block-manager-ask-thread-pool-48" daemon [_thread_blocked, id=13708, stack(0x000000002f8c0000,0x000000002f9c0000)]
  0x000000001ac34000 JavaThread "block-manager-ask-thread-pool-47" daemon [_thread_blocked, id=12320, stack(0x000000002f7c0000,0x000000002f8c0000)]
  0x000000001ac35800 JavaThread "block-manager-slave-async-thread-pool-48" daemon [_thread_blocked, id=19756, stack(0x000000002f6c0000,0x000000002f7c0000)]
  0x000000001ac34800 JavaThread "block-manager-slave-async-thread-pool-47" daemon [_thread_blocked, id=2744, stack(0x000000002f5c0000,0x000000002f6c0000)]
  0x000000001ac31000 JavaThread "block-manager-slave-async-thread-pool-46" daemon [_thread_blocked, id=16996, stack(0x000000002f4c0000,0x000000002f5c0000)]
  0x000000001a14c000 JavaThread "block-manager-ask-thread-pool-46" daemon [_thread_blocked, id=17760, stack(0x000000002f3c0000,0x000000002f4c0000)]
  0x000000001a14b000 JavaThread "block-manager-ask-thread-pool-45" daemon [_thread_blocked, id=3300, stack(0x000000002f2c0000,0x000000002f3c0000)]
  0x000000001a14d800 JavaThread "block-manager-ask-thread-pool-44" daemon [_thread_blocked, id=19044, stack(0x000000002f1c0000,0x000000002f2c0000)]
  0x000000001a14a800 JavaThread "block-manager-slave-async-thread-pool-45" daemon [_thread_blocked, id=6956, stack(0x000000002f0c0000,0x000000002f1c0000)]
  0x000000001a14f000 JavaThread "block-manager-slave-async-thread-pool-44" daemon [_thread_blocked, id=13868, stack(0x000000002efc0000,0x000000002f0c0000)]
  0x000000001a151800 JavaThread "block-manager-slave-async-thread-pool-43" daemon [_thread_blocked, id=20332, stack(0x000000002eec0000,0x000000002efc0000)]
  0x000000001a150800 JavaThread "block-manager-ask-thread-pool-43" daemon [_thread_blocked, id=10260, stack(0x000000002edc0000,0x000000002eec0000)]
  0x000000001a14c800 JavaThread "block-manager-ask-thread-pool-42" daemon [_thread_blocked, id=19768, stack(0x000000002ecc0000,0x000000002edc0000)]
  0x000000001a14e000 JavaThread "block-manager-ask-thread-pool-41" daemon [_thread_blocked, id=16864, stack(0x000000002ebc0000,0x000000002ecc0000)]
  0x000000001a14f800 JavaThread "block-manager-slave-async-thread-pool-42" daemon [_thread_blocked, id=8308, stack(0x000000002eac0000,0x000000002ebc0000)]
  0x000000001a143800 JavaThread "block-manager-slave-async-thread-pool-41" daemon [_thread_blocked, id=9396, stack(0x000000002e9c0000,0x000000002eac0000)]
  0x000000001a143000 JavaThread "block-manager-ask-thread-pool-40" daemon [_thread_blocked, id=1736, stack(0x000000002e8c0000,0x000000002e9c0000)]
  0x000000001a149800 JavaThread "block-manager-slave-async-thread-pool-40" daemon [_thread_blocked, id=20368, stack(0x000000002e7c0000,0x000000002e8c0000)]
  0x000000001a142000 JavaThread "block-manager-ask-thread-pool-39" daemon [_thread_blocked, id=14684, stack(0x000000002e6c0000,0x000000002e7c0000)]
  0x000000001a149000 JavaThread "block-manager-ask-thread-pool-38" daemon [_thread_blocked, id=11492, stack(0x000000002e5c0000,0x000000002e6c0000)]
  0x000000001a148000 JavaThread "block-manager-slave-async-thread-pool-39" daemon [_thread_blocked, id=7576, stack(0x000000002e4c0000,0x000000002e5c0000)]
  0x000000001a147800 JavaThread "block-manager-slave-async-thread-pool-38" daemon [_thread_blocked, id=14024, stack(0x000000002e3c0000,0x000000002e4c0000)]
  0x000000001a145000 JavaThread "block-manager-ask-thread-pool-37" daemon [_thread_blocked, id=5244, stack(0x000000002e2c0000,0x000000002e3c0000)]
  0x000000001a146800 JavaThread "block-manager-slave-async-thread-pool-37" daemon [_thread_blocked, id=19228, stack(0x000000002e1c0000,0x000000002e2c0000)]
  0x000000001a146000 JavaThread "block-manager-ask-thread-pool-36" daemon [_thread_blocked, id=10380, stack(0x000000002e0c0000,0x000000002e1c0000)]
  0x000000001a144800 JavaThread "block-manager-ask-thread-pool-35" daemon [_thread_blocked, id=12488, stack(0x000000002dfc0000,0x000000002e0c0000)]
  0x0000000025772800 JavaThread "block-manager-slave-async-thread-pool-36" daemon [_thread_blocked, id=17520, stack(0x000000002dec0000,0x000000002dfc0000)]
  0x0000000025772000 JavaThread "block-manager-slave-async-thread-pool-35" daemon [_thread_blocked, id=152, stack(0x000000002ddc0000,0x000000002dec0000)]
  0x0000000025773800 JavaThread "block-manager-ask-thread-pool-34" daemon [_thread_blocked, id=20428, stack(0x000000002dcc0000,0x000000002ddc0000)]
  0x0000000025770800 JavaThread "block-manager-slave-async-thread-pool-34" daemon [_thread_blocked, id=18524, stack(0x000000002dbc0000,0x000000002dcc0000)]
  0x0000000025771000 JavaThread "block-manager-slave-async-thread-pool-33" daemon [_thread_blocked, id=20412, stack(0x000000002dac0000,0x000000002dbc0000)]
  0x0000000025774000 JavaThread "block-manager-ask-thread-pool-33" daemon [_thread_blocked, id=19296, stack(0x000000002d9c0000,0x000000002dac0000)]
  0x0000000025777000 JavaThread "block-manager-ask-thread-pool-32" daemon [_thread_blocked, id=20092, stack(0x000000002d8c0000,0x000000002d9c0000)]
  0x000000002576f800 JavaThread "block-manager-ask-thread-pool-31" daemon [_thread_blocked, id=10532, stack(0x000000002d7c0000,0x000000002d8c0000)]
  0x0000000025775000 JavaThread "block-manager-slave-async-thread-pool-32" daemon [_thread_blocked, id=11340, stack(0x000000002d6c0000,0x000000002d7c0000)]
  0x0000000025775800 JavaThread "block-manager-slave-async-thread-pool-31" daemon [_thread_blocked, id=744, stack(0x000000002d5c0000,0x000000002d6c0000)]
  0x0000000025776800 JavaThread "block-manager-slave-async-thread-pool-30" daemon [_thread_blocked, id=16300, stack(0x000000002d4c0000,0x000000002d5c0000)]
  0x0000000025768000 JavaThread "block-manager-ask-thread-pool-30" daemon [_thread_blocked, id=9128, stack(0x000000002d3c0000,0x000000002d4c0000)]
  0x000000002576f000 JavaThread "block-manager-ask-thread-pool-29" daemon [_thread_blocked, id=5860, stack(0x000000002d2c0000,0x000000002d3c0000)]
  0x000000002576d800 JavaThread "block-manager-ask-thread-pool-28" daemon [_thread_blocked, id=19624, stack(0x000000002d1c0000,0x000000002d2c0000)]
  0x000000002576b000 JavaThread "block-manager-slave-async-thread-pool-29" daemon [_thread_blocked, id=10132, stack(0x000000002d0c0000,0x000000002d1c0000)]
  0x000000002576c800 JavaThread "block-manager-slave-async-thread-pool-28" daemon [_thread_blocked, id=12420, stack(0x000000002cfc0000,0x000000002d0c0000)]
  0x000000002576e000 JavaThread "block-manager-ask-thread-pool-27" daemon [_thread_blocked, id=5804, stack(0x000000002cec0000,0x000000002cfc0000)]
  0x0000000025769800 JavaThread "block-manager-slave-async-thread-pool-27" daemon [_thread_blocked, id=7544, stack(0x000000002cdc0000,0x000000002cec0000)]
  0x000000002576c000 JavaThread "block-manager-slave-async-thread-pool-26" daemon [_thread_blocked, id=3676, stack(0x000000002ccc0000,0x000000002cdc0000)]
  0x0000000025769000 JavaThread "block-manager-ask-thread-pool-26" daemon [_thread_blocked, id=8400, stack(0x000000002cbc0000,0x000000002ccc0000)]
  0x000000002576a800 JavaThread "block-manager-slave-async-thread-pool-25" daemon [_thread_blocked, id=9432, stack(0x000000002cac0000,0x000000002cbc0000)]
  0x000000001f505800 JavaThread "block-manager-ask-thread-pool-25" daemon [_thread_blocked, id=9680, stack(0x000000002c9c0000,0x000000002cac0000)]
  0x000000001f502000 JavaThread "block-manager-slave-async-thread-pool-24" daemon [_thread_blocked, id=796, stack(0x000000002c8c0000,0x000000002c9c0000)]
  0x000000001f501800 JavaThread "block-manager-ask-thread-pool-24" daemon [_thread_blocked, id=3440, stack(0x000000002c7c0000,0x000000002c8c0000)]
  0x000000001f500800 JavaThread "block-manager-ask-thread-pool-23" daemon [_thread_blocked, id=13996, stack(0x000000002c6c0000,0x000000002c7c0000)]
  0x000000001f506000 JavaThread "block-manager-ask-thread-pool-22" daemon [_thread_blocked, id=12416, stack(0x000000002c5c0000,0x000000002c6c0000)]
  0x000000001f503800 JavaThread "block-manager-slave-async-thread-pool-23" daemon [_thread_blocked, id=13072, stack(0x000000002c4c0000,0x000000002c5c0000)]
  0x000000001f504800 JavaThread "block-manager-slave-async-thread-pool-22" daemon [_thread_blocked, id=11988, stack(0x000000002c3c0000,0x000000002c4c0000)]
  0x000000001f507000 JavaThread "block-manager-ask-thread-pool-21" daemon [_thread_blocked, id=19124, stack(0x000000002c2c0000,0x000000002c3c0000)]
  0x000000001f503000 JavaThread "block-manager-slave-async-thread-pool-21" daemon [_thread_blocked, id=7288, stack(0x000000002c1c0000,0x000000002c2c0000)]
  0x000000001f4f9000 JavaThread "Worker Monitor for C:\Users\Andreas\AppData\Local\Programs\Python\Python37\python.exe" daemon [_thread_blocked, id=17764, stack(0x000000002c0c0000,0x000000002c1c0000)]
=>0x000000001f4ff000 JavaThread "stdout writer for C:\Users\Andreas\AppData\Local\Programs\Python\Python37\python.exe" daemon [_thread_in_Java, id=20404, stack(0x000000002bfc0000,0x000000002c0c0000)]
  0x000000001f4fd000 JavaThread "stderr reader for C:\Users\Andreas\AppData\Local\Programs\Python\Python37\python.exe" daemon [_thread_in_native, id=19024, stack(0x000000002bec0000,0x000000002bfc0000)]
  0x000000001f4fb800 JavaThread "stdout reader for C:\Users\Andreas\AppData\Local\Programs\Python\Python37\python.exe" daemon [_thread_in_native, id=20440, stack(0x000000002bdc0000,0x000000002bec0000)]
  0x000000001f4fa000 JavaThread "Idle Worker Monitor for C:\Users\Andreas\AppData\Local\Programs\Python\Python37\python.exe" daemon [_thread_blocked, id=20212, stack(0x000000002bcc0000,0x000000002bdc0000)]
  0x000000001f500000 JavaThread "block-manager-ask-thread-pool-20" daemon [_thread_blocked, id=18932, stack(0x000000002b9c0000,0x000000002bac0000)]
  0x000000001f4fe800 JavaThread "block-manager-ask-thread-pool-19" daemon [_thread_blocked, id=12552, stack(0x000000002b8c0000,0x000000002b9c0000)]
  0x000000001f4fa800 JavaThread "block-manager-slave-async-thread-pool-20" daemon [_thread_blocked, id=7112, stack(0x000000002b7c0000,0x000000002b8c0000)]
  0x000000001f4fc000 JavaThread "block-manager-slave-async-thread-pool-19" daemon [_thread_blocked, id=19088, stack(0x000000002b6c0000,0x000000002b7c0000)]
  0x000000001f4fd800 JavaThread "block-manager-slave-async-thread-pool-18" daemon [_thread_blocked, id=6424, stack(0x000000002b5c0000,0x000000002b6c0000)]
  0x000000001f4f8800 JavaThread "block-manager-ask-thread-pool-18" daemon [_thread_blocked, id=12528, stack(0x000000002b4c0000,0x000000002b5c0000)]
  0x000000001f4f7800 JavaThread "block-manager-ask-thread-pool-17" daemon [_thread_blocked, id=11420, stack(0x000000002b3c0000,0x000000002b4c0000)]
  0x000000002514e800 JavaThread "block-manager-ask-thread-pool-16" daemon [_thread_blocked, id=2732, stack(0x000000002b2c0000,0x000000002b3c0000)]
  0x000000002514a000 JavaThread "block-manager-slave-async-thread-pool-17" daemon [_thread_blocked, id=8376, stack(0x000000002b1c0000,0x000000002b2c0000)]
  0x000000002514d800 JavaThread "block-manager-slave-async-thread-pool-16" daemon [_thread_blocked, id=19500, stack(0x000000002a0c0000,0x000000002a1c0000)]
  0x000000002514d000 JavaThread "block-manager-ask-thread-pool-15" daemon [_thread_blocked, id=2628, stack(0x0000000029fc0000,0x000000002a0c0000)]
  0x0000000025149000 JavaThread "block-manager-slave-async-thread-pool-15" daemon [_thread_blocked, id=14704, stack(0x0000000029ec0000,0x0000000029fc0000)]
  0x0000000025150000 JavaThread "block-manager-ask-thread-pool-14" daemon [_thread_blocked, id=5448, stack(0x0000000029ac0000,0x0000000029bc0000)]
  0x000000002514c000 JavaThread "block-manager-ask-thread-pool-13" daemon [_thread_blocked, id=12960, stack(0x00000000299c0000,0x0000000029ac0000)]
  0x0000000025148800 JavaThread "block-manager-slave-async-thread-pool-14" daemon [_thread_blocked, id=18448, stack(0x00000000298c0000,0x00000000299c0000)]
  0x000000002514b800 JavaThread "block-manager-slave-async-thread-pool-13" daemon [_thread_blocked, id=7524, stack(0x00000000297c0000,0x00000000298c0000)]
  0x000000002514f000 JavaThread "block-manager-ask-thread-pool-12" daemon [_thread_blocked, id=9852, stack(0x00000000296c0000,0x00000000297c0000)]
  0x000000002514a800 JavaThread "block-manager-slave-async-thread-pool-12" daemon [_thread_blocked, id=15428, stack(0x00000000295c0000,0x00000000296c0000)]
  0x0000000025141000 JavaThread "block-manager-ask-thread-pool-11" daemon [_thread_blocked, id=19656, stack(0x00000000294c0000,0x00000000295c0000)]
  0x0000000025145800 JavaThread "block-manager-ask-thread-pool-10" daemon [_thread_blocked, id=18668, stack(0x00000000293c0000,0x00000000294c0000)]
  0x0000000025144800 JavaThread "block-manager-slave-async-thread-pool-11" daemon [_thread_blocked, id=20184, stack(0x00000000292c0000,0x00000000293c0000)]
  0x0000000025144000 JavaThread "block-manager-slave-async-thread-pool-10" daemon [_thread_blocked, id=5016, stack(0x00000000291c0000,0x00000000292c0000)]
  0x0000000025147800 JavaThread "block-manager-slave-async-thread-pool-9" daemon [_thread_blocked, id=1692, stack(0x00000000290c0000,0x00000000291c0000)]
  0x0000000025143000 JavaThread "block-manager-ask-thread-pool-9" daemon [_thread_blocked, id=18260, stack(0x0000000028fc0000,0x00000000290c0000)]
  0x0000000025147000 JavaThread "block-manager-ask-thread-pool-8" daemon [_thread_blocked, id=3620, stack(0x0000000028ec0000,0x0000000028fc0000)]
  0x0000000025142800 JavaThread "block-manager-ask-thread-pool-7" daemon [_thread_blocked, id=1728, stack(0x0000000028dc0000,0x0000000028ec0000)]
  0x0000000025146000 JavaThread "block-manager-slave-async-thread-pool-8" daemon [_thread_blocked, id=19472, stack(0x0000000028cc0000,0x0000000028dc0000)]
  0x0000000025141800 JavaThread "block-manager-slave-async-thread-pool-7" daemon [_thread_blocked, id=12500, stack(0x0000000028780000,0x0000000028880000)]
  0x0000000023392000 JavaThread "block-manager-slave-async-thread-pool-6" daemon [_thread_blocked, id=19260, stack(0x0000000028680000,0x0000000028780000)]
  0x000000002338c800 JavaThread "block-manager-ask-thread-pool-6" daemon [_thread_blocked, id=1780, stack(0x0000000028580000,0x0000000028680000)]
  0x0000000023391000 JavaThread "block-manager-ask-thread-pool-5" daemon [_thread_blocked, id=18616, stack(0x0000000028bc0000,0x0000000028cc0000)]
  0x0000000023390800 JavaThread "block-manager-ask-thread-pool-4" daemon [_thread_blocked, id=20468, stack(0x0000000028ac0000,0x0000000028bc0000)]
  0x000000002338f800 JavaThread "block-manager-slave-async-thread-pool-5" daemon [_thread_blocked, id=4028, stack(0x00000000288c0000,0x00000000289c0000)]
  0x000000002338c000 JavaThread "block-manager-slave-async-thread-pool-4" daemon [_thread_blocked, id=19856, stack(0x0000000028330000,0x0000000028430000)]
  0x000000002338e000 JavaThread "block-manager-slave-async-thread-pool-3" daemon [_thread_blocked, id=20280, stack(0x0000000028230000,0x0000000028330000)]
  0x000000002338d800 JavaThread "block-manager-ask-thread-pool-3" daemon [_thread_blocked, id=5112, stack(0x0000000027ee0000,0x0000000027fe0000)]
  0x0000000023392800 JavaThread "Thread-18" [_thread_blocked, id=14020, stack(0x0000000027de0000,0x0000000027ee0000)]
  0x000000002338f000 JavaThread "task-result-getter-3" daemon [_thread_blocked, id=2220, stack(0x0000000027ae0000,0x0000000027be0000)]
  0x0000000023385000 JavaThread "task-result-getter-2" daemon [_thread_blocked, id=10416, stack(0x00000000279e0000,0x0000000027ae0000)]
  0x0000000023384800 JavaThread "task-result-getter-1" daemon [_thread_blocked, id=8012, stack(0x00000000278e0000,0x00000000279e0000)]
  0x000000002338a800 JavaThread "Executor task launch worker for task 185" daemon [_thread_blocked, id=19724, stack(0x00000000277e0000,0x00000000278e0000)]
  0x0000000023388000 JavaThread "Executor task launch worker for task 193" daemon [_thread_blocked, id=3252, stack(0x00000000276e0000,0x00000000277e0000)]
  0x0000000023389800 JavaThread "Executor task launch worker for task 197" daemon [_thread_blocked, id=2852, stack(0x00000000275e0000,0x00000000276e0000)]
  0x0000000023386000 JavaThread "Executor task launch worker for task 192" daemon [_thread_blocked, id=5144, stack(0x00000000274e0000,0x00000000275e0000)]
  0x0000000023386800 JavaThread "Executor task launch worker for task 180" daemon [_thread_blocked, id=5712, stack(0x00000000273e0000,0x00000000274e0000)]
  0x0000000023387800 JavaThread "Executor task launch worker for task 198" daemon [_thread_blocked, id=12860, stack(0x00000000272e0000,0x00000000273e0000)]
  0x0000000023383800 JavaThread "Executor task launch worker for task 195" daemon [_thread_blocked, id=14836, stack(0x00000000271e0000,0x00000000272e0000)]
  0x0000000023389000 JavaThread "Executor task launch worker for task 196" daemon [_thread_blocked, id=14300, stack(0x00000000270e0000,0x00000000271e0000)]
  0x00000000200da800 JavaThread "Executor task launch worker for task 194" daemon [_thread_blocked, id=17388, stack(0x0000000026fe0000,0x00000000270e0000)]
  0x00000000200df000 JavaThread "Executor task launch worker for task 199" daemon [_thread_blocked, id=14292, stack(0x0000000026ee0000,0x0000000026fe0000)]
  0x00000000200dc800 JavaThread "Executor task launch worker for task 179" daemon [_thread_blocked, id=14296, stack(0x0000000026de0000,0x0000000026ee0000)]
  0x00000000200d9800 JavaThread "block-manager-ask-thread-pool-2" daemon [_thread_blocked, id=19972, stack(0x0000000026ce0000,0x0000000026de0000)]
  0x00000000200de000 JavaThread "block-manager-ask-thread-pool-1" daemon [_thread_blocked, id=12096, stack(0x0000000026be0000,0x0000000026ce0000)]
  0x00000000200df800 JavaThread "block-manager-slave-async-thread-pool-2" daemon [_thread_blocked, id=5132, stack(0x0000000026ae0000,0x0000000026be0000)]
  0x00000000200dc000 JavaThread "block-manager-slave-async-thread-pool-1" daemon [_thread_blocked, id=19556, stack(0x00000000269e0000,0x0000000026ae0000)]
  0x00000000200dd800 JavaThread "block-manager-slave-async-thread-pool-0" daemon [_thread_blocked, id=15200, stack(0x00000000268e0000,0x00000000269e0000)]
  0x00000000200d9000 JavaThread "block-manager-ask-thread-pool-0" daemon [_thread_blocked, id=1972, stack(0x00000000267e0000,0x00000000268e0000)]
  0x00000000200d1000 JavaThread "task-result-getter-0" daemon [_thread_blocked, id=17008, stack(0x00000000264e0000,0x00000000265e0000)]
  0x00000000200d8000 JavaThread "Executor task launch worker for task 190" daemon [_thread_blocked, id=19028, stack(0x00000000263e0000,0x00000000264e0000)]
  0x00000000200d4800 JavaThread "org.apache.hadoop.fs.FileSystem$Statistics$StatisticsDataReferenceCleaner" daemon [_thread_blocked, id=3628, stack(0x0000000023d10000,0x0000000023e10000)]
  0x00000000200d7800 JavaThread "spark-listener-group-streams" daemon [_thread_blocked, id=10420, stack(0x0000000023a10000,0x0000000023b10000)]
  0x00000000200d6800 JavaThread "element-tracking-store-worker" daemon [_thread_blocked, id=13912, stack(0x0000000023710000,0x0000000023810000)]
  0x00000000200d6000 JavaThread "spark-listener-group-executorManagement" daemon [_thread_blocked, id=20452, stack(0x0000000023610000,0x0000000023710000)]
  0x00000000200d5000 JavaThread "spark-listener-group-appStatus" daemon [_thread_blocked, id=14176, stack(0x0000000023510000,0x0000000023610000)]
  0x00000000200d2000 JavaThread "context-cleaner-periodic-gc" daemon [_thread_blocked, id=18896, stack(0x0000000020ee0000,0x0000000020fe0000)]
  0x000000001a4fe800 JavaThread "Spark Context Cleaner" daemon [_thread_blocked, id=18880, stack(0x00000000209b0000,0x0000000020ab0000)]
  0x000000001a502000 JavaThread "shuffle-boss-6-1" daemon [_thread_blocked, id=9192, stack(0x0000000020be0000,0x0000000020ce0000)]
  0x000000001a4fd800 JavaThread "driver-heartbeater" daemon [_thread_blocked, id=15040, stack(0x0000000020ae0000,0x0000000020be0000)]
  0x000000001a503000 JavaThread "dag-scheduler-event-loop" daemon [_thread_blocked, id=5424, stack(0x0000000020600000,0x0000000020700000)]
  0x000000001a501800 JavaThread "netty-rpc-env-timeout" daemon [_thread_blocked, id=8588, stack(0x0000000020500000,0x0000000020600000)]
  0x000000001a500800 JavaThread "Timer-1" daemon [_thread_blocked, id=13108, stack(0x0000000020400000,0x0000000020500000)]
  0x000000001a500000 JavaThread "Timer-0" daemon [_thread_blocked, id=5380, stack(0x0000000020300000,0x0000000020400000)]
  0x000000001a4fd000 JavaThread "heartbeat-receiver-event-loop-thread" daemon [_thread_blocked, id=20028, stack(0x0000000020200000,0x0000000020300000)]
  0x000000001a4ff000 JavaThread "SparkUI-47" daemon [_thread_blocked, id=17560, stack(0x000000001ef30000,0x000000001f030000)]
  0x000000001a4f5800 JavaThread "SparkUI-46" daemon [_thread_blocked, id=5364, stack(0x000000001ee30000,0x000000001ef30000)]
  0x000000001a4f7800 JavaThread "SparkUI-45" daemon [_thread_blocked, id=5036, stack(0x000000001ed30000,0x000000001ee30000)]
  0x000000001a4f7000 JavaThread "SparkUI-44-acceptor-0@232e2739-Spark@2de9dd2c{HTTP/1.1,[http/1.1]}{0.0.0.0:4040}" daemon [_thread_in_native, id=10096, stack(0x000000001ec30000,0x000000001ed30000)]
  0x000000001a4fa800 JavaThread "SparkUI-43" daemon [_thread_in_native, id=18544, stack(0x000000001eb30000,0x000000001ec30000)]
  0x000000001a4fa000 JavaThread "SparkUI-42" daemon [_thread_in_native, id=4588, stack(0x000000001ea30000,0x000000001eb30000)]
  0x000000001a4f9000 JavaThread "SparkUI-41" daemon [_thread_in_native, id=14620, stack(0x000000001e930000,0x000000001ea30000)]
  0x000000001a4fb800 JavaThread "SparkUI-40" daemon [_thread_in_native, id=19684, stack(0x000000001e830000,0x000000001e930000)]
  0x000000001a4fc000 JavaThread "refresh progress" daemon [_thread_blocked, id=1468, stack(0x000000001e730000,0x000000001e830000)]
  0x000000001a4f4800 JavaThread "RemoteBlock-temp-file-clean-thread" daemon [_thread_blocked, id=32, stack(0x000000001e430000,0x000000001e530000)]
  0x000000001a4f4000 JavaThread "map-output-dispatcher-7" daemon [_thread_blocked, id=19256, stack(0x000000001e330000,0x000000001e430000)]
  0x000000001a4f8800 JavaThread "map-output-dispatcher-6" daemon [_thread_blocked, id=12880, stack(0x000000001e230000,0x000000001e330000)]
  0x000000001a4f6000 JavaThread "map-output-dispatcher-5" daemon [_thread_blocked, id=18976, stack(0x000000001e130000,0x000000001e230000)]
  0x0000000019ce5000 JavaThread "map-output-dispatcher-4" daemon [_thread_blocked, id=19140, stack(0x000000001e030000,0x000000001e130000)]
  0x0000000019ce4800 JavaThread "map-output-dispatcher-3" daemon [_thread_blocked, id=1324, stack(0x000000001df30000,0x000000001e030000)]
  0x0000000019ceb000 JavaThread "map-output-dispatcher-2" daemon [_thread_blocked, id=9356, stack(0x000000001de30000,0x000000001df30000)]
  0x0000000019cea800 JavaThread "map-output-dispatcher-1" daemon [_thread_blocked, id=17416, stack(0x000000001dd30000,0x000000001de30000)]
  0x0000000019ce8000 JavaThread "map-output-dispatcher-0" daemon [_thread_blocked, id=12800, stack(0x000000001dc30000,0x000000001dd30000)]
  0x0000000019ce9800 JavaThread "rpc-boss-3-1" daemon [_thread_in_native, id=17440, stack(0x000000001db30000,0x000000001dc30000)]
  0x0000000019ce7800 JavaThread "dispatcher-event-loop-11" daemon [_thread_blocked, id=6428, stack(0x000000001d630000,0x000000001d730000)]
  0x0000000019ce6800 JavaThread "dispatcher-event-loop-10" daemon [_thread_blocked, id=10580, stack(0x000000001d530000,0x000000001d630000)]
  0x0000000019ce9000 JavaThread "dispatcher-event-loop-9" daemon [_thread_blocked, id=7612, stack(0x000000001d430000,0x000000001d530000)]
  0x0000000019ce6000 JavaThread "dispatcher-event-loop-8" daemon [_thread_blocked, id=18276, stack(0x000000001d330000,0x000000001d430000)]
  0x000000001a189000 JavaThread "dispatcher-event-loop-7" daemon [_thread_blocked, id=7500, stack(0x000000001d230000,0x000000001d330000)]
  0x000000001a188800 JavaThread "dispatcher-event-loop-6" daemon [_thread_blocked, id=17640, stack(0x000000001d130000,0x000000001d230000)]
  0x000000001a187800 JavaThread "dispatcher-event-loop-5" daemon [_thread_blocked, id=19680, stack(0x000000001d030000,0x000000001d130000)]
  0x000000001a187000 JavaThread "dispatcher-event-loop-4" daemon [_thread_blocked, id=20260, stack(0x000000001ce30000,0x000000001cf30000)]
  0x000000001a69f000 JavaThread "dispatcher-event-loop-3" daemon [_thread_blocked, id=9924, stack(0x000000001cd30000,0x000000001ce30000)]
  0x000000001a28f000 JavaThread "dispatcher-event-loop-2" daemon [_thread_blocked, id=8384, stack(0x000000001cc30000,0x000000001cd30000)]
  0x000000001a28e800 JavaThread "dispatcher-event-loop-1" daemon [_thread_blocked, id=17372, stack(0x000000001cb30000,0x000000001cc30000)]
  0x000000001a28d800 JavaThread "dispatcher-event-loop-0" daemon [_thread_blocked, id=8280, stack(0x000000001c920000,0x000000001ca20000)]
  0x0000000019303800 JavaThread "Thread-3" [_thread_in_native, id=20032, stack(0x000000001ca30000,0x000000001cb30000)]
  0x000000001afab000 JavaThread "Thread-2" [_thread_in_native, id=1288, stack(0x000000001c620000,0x000000001c720000)]
  0x0000000019d97000 JavaThread "pool-1-thread-1" [_thread_blocked, id=4384, stack(0x000000001aab0000,0x000000001abb0000)]
  0x000000001771c000 JavaThread "Service Thread" daemon [_thread_blocked, id=13844, stack(0x00000000190e0000,0x00000000191e0000)]
  0x0000000017695000 JavaThread "C1 CompilerThread3" daemon [_thread_blocked, id=4432, stack(0x0000000018fe0000,0x00000000190e0000)]
  0x0000000017694800 JavaThread "C2 CompilerThread2" daemon [_thread_blocked, id=19952, stack(0x0000000018ee0000,0x0000000018fe0000)]
  0x0000000017693800 JavaThread "C2 CompilerThread1" daemon [_thread_blocked, id=8292, stack(0x0000000018de0000,0x0000000018ee0000)]
  0x000000001768c000 JavaThread "C2 CompilerThread0" daemon [_thread_blocked, id=10112, stack(0x0000000018ce0000,0x0000000018de0000)]
  0x0000000017688800 JavaThread "Attach Listener" daemon [_thread_blocked, id=15852, stack(0x0000000018be0000,0x0000000018ce0000)]
  0x0000000017687800 JavaThread "Signal Dispatcher" daemon [_thread_blocked, id=19516, stack(0x0000000018ae0000,0x0000000018be0000)]
  0x0000000017673800 JavaThread "Finalizer" daemon [_thread_blocked, id=20284, stack(0x00000000188e0000,0x00000000189e0000)]
  0x0000000015f81000 JavaThread "Reference Handler" daemon [_thread_blocked, id=1752, stack(0x00000000187e0000,0x00000000188e0000)]
  0x000000000316a800 JavaThread "main" [_thread_in_native, id=19560, stack(0x0000000003060000,0x0000000003160000)]

Other Threads:
  0x0000000015f76800 VMThread [stack: 0x00000000186e0000,0x00000000187e0000] [id=2736]
  0x0000000017758000 WatcherThread [stack: 0x00000000191e0000,0x00000000192e0000] [id=19540]

VM state:synchronizing (normal execution)

VM Mutex/Monitor currently owned by a thread:  ([mutex/lock_event])
[0x00000000031677a0] Safepoint_lock - owner thread: 0x0000000015f76800
[0x00000000031672a0] Threads_lock - owner thread: 0x0000000015f76800

heap address: 0x00000000c0000000, size: 1024 MB, Compressed Oops mode: 32-bit
Narrow klass base: 0x0000000000000000, Narrow klass shift: 3
Compressed class space size: 1073741824 Address: 0x0000000100000000

Heap:
 PSYoungGen      total 331264K, used 18351K [0x00000000eab00000, 0x00000000ffe00000, 0x0000000100000000)
  eden space 317440K, 5% used [0x00000000eab00000,0x00000000ebc8be10,0x00000000fe100000)
  from space 13824K, 2% used [0x00000000ff080000,0x00000000ff0e0010,0x00000000ffe00000)
  to   space 14848K, 0% used [0x00000000fe100000,0x00000000fe100000,0x00000000fef80000)
 ParOldGen       total 377344K, used 91254K [0x00000000c0000000, 0x00000000d7080000, 0x00000000eab00000)
  object space 377344K, 24% used [0x00000000c0000000,0x00000000c591dac8,0x00000000d7080000)
 Metaspace       used 79652K, capacity 80638K, committed 80808K, reserved 1118208K
  class space    used 11725K, capacity 11915K, committed 11952K, reserved 1048576K

Card table byte_map: [0x0000000012620000,0x0000000012830000] byte_map_base: 0x0000000012020000

Marking Bits: (ParMarkBitMap*) 0x000000006245be30
 Begin Bits: [0x0000000013390000, 0x0000000014390000)
 End Bits:   [0x0000000014390000, 0x0000000015390000)

Polling page: 0x0000000000ff0000

CodeCache: size=245760Kb used=33491Kb max_used=33505Kb free=212268Kb
 bounds [0x0000000003260000, 0x0000000005350000, 0x0000000012260000]
 total_blobs=10739 nmethods=10102 adapters=546
 compilation: enabled

Compilation events (10 events):
Event: 53.023 Thread 0x0000000017695000 nmethod 12356 0x00000000052f4310 code [0x00000000052f4480, 0x00000000052f4708]
Event: 53.694 Thread 0x000000001768c000 12357       4       scala.collection.IndexedSeqOptimized$class::slice (104 bytes)
Event: 53.700 Thread 0x000000001768c000 nmethod 12357 0x0000000005331b90 code [0x0000000005331d80, 0x00000000053323c0]
Event: 53.707 Thread 0x0000000017695000 12358       3       java.lang.CharacterData00::toLowerCase (1339 bytes)
Event: 53.708 Thread 0x0000000017695000 nmethod 12358 0x000000000531e9d0 code [0x000000000531ec00, 0x000000000531fc50]
Event: 53.749 Thread 0x0000000017693800 12361       4       org.apache.spark.sql.catalyst.expressions.JoinedRow::isNullAt (39 bytes)
Event: 53.749 Thread 0x0000000017694800 12360       4       org.apache.spark.sql.catalyst.expressions.JoinedRow::getUTF8String (39 bytes)
Event: 53.749 Thread 0x0000000017695000 12359       3       net.jpountz.lz4.LZ4BlockOutputStream::write (38 bytes)
Event: 53.750 Thread 0x0000000017695000 nmethod 12359 0x00000000052f3c50 code [0x00000000052f3de0, 0x00000000052f4158]
Event: 53.750 Thread 0x000000001768c000 12362       4       scala.collection.AbstractTraversable::copyToArray (7 bytes)

GC Heap History (10 events):
Event: 51.665 GC heap before
{Heap before GC invocations=710 (full 4):
 PSYoungGen      total 314368K, used 1015K [0x00000000eab00000, 0x0000000100000000, 0x0000000100000000)
  eden space 313344K, 0% used [0x00000000eab00000,0x00000000eab00000,0x00000000fdd00000)
  from space 1024K, 99% used [0x00000000fff00000,0x00000000ffffdf88,0x0000000100000000)
  to   space 17920K, 0% used [0x00000000fdd00000,0x00000000fdd00000,0x00000000fee80000)
 ParOldGen       total 271872K, used 271503K [0x00000000c0000000, 0x00000000d0980000, 0x00000000eab00000)
  object space 271872K, 99% used [0x00000000c0000000,0x00000000d0923e88,0x00000000d0980000)
 Metaspace       used 79432K, capacity 80470K, committed 80552K, reserved 1118208K
  class space    used 11706K, capacity 11893K, committed 11952K, reserved 1048576K
Event: 51.723 GC heap after
Heap after GC invocations=710 (full 4):
 PSYoungGen      total 314368K, used 0K [0x00000000eab00000, 0x0000000100000000, 0x0000000100000000)
  eden space 313344K, 0% used [0x00000000eab00000,0x00000000eab00000,0x00000000fdd00000)
  from space 1024K, 0% used [0x00000000fff00000,0x00000000fff00000,0x0000000100000000)
  to   space 17920K, 0% used [0x00000000fdd00000,0x00000000fdd00000,0x00000000fee80000)
 ParOldGen       total 377344K, used 83795K [0x00000000c0000000, 0x00000000d7080000, 0x00000000eab00000)
  object space 377344K, 22% used [0x00000000c0000000,0x00000000c51d4f88,0x00000000d7080000)
 Metaspace       used 79400K, capacity 80410K, committed 80552K, reserved 1118208K
  class space    used 11700K, capacity 11883K, committed 11952K, reserved 1048576K
}
Event: 51.958 GC heap before
{Heap before GC invocations=711 (full 4):
 PSYoungGen      total 314368K, used 313344K [0x00000000eab00000, 0x0000000100000000, 0x0000000100000000)
  eden space 313344K, 100% used [0x00000000eab00000,0x00000000fdd00000,0x00000000fdd00000)
  from space 1024K, 0% used [0x00000000fff00000,0x00000000fff00000,0x0000000100000000)
  to   space 17920K, 0% used [0x00000000fdd00000,0x00000000fdd00000,0x00000000fee80000)
 ParOldGen       total 377344K, used 83795K [0x00000000c0000000, 0x00000000d7080000, 0x00000000eab00000)
  object space 377344K, 22% used [0x00000000c0000000,0x00000000c51d4f88,0x00000000d7080000)
 Metaspace       used 79588K, capacity 80638K, committed 80808K, reserved 1118208K
  class space    used 11714K, capacity 11915K, committed 11952K, reserved 1048576K
Event: 51.960 GC heap after
Heap after GC invocations=711 (full 4):
 PSYoungGen      total 331264K, used 3639K [0x00000000eab00000, 0x0000000100000000, 0x0000000100000000)
  eden space 313344K, 0% used [0x00000000eab00000,0x00000000eab00000,0x00000000fdd00000)
  from space 17920K, 20% used [0x00000000fdd00000,0x00000000fe08de40,0x00000000fee80000)
  to   space 16896K, 0% used [0x00000000fef80000,0x00000000fef80000,0x0000000100000000)
 ParOldGen       total 377344K, used 83803K [0x00000000c0000000, 0x00000000d7080000, 0x00000000eab00000)
  object space 377344K, 22% used [0x00000000c0000000,0x00000000c51d6f88,0x00000000d7080000)
 Metaspace       used 79588K, capacity 80638K, committed 80808K, reserved 1118208K
  class space    used 11714K, capacity 11915K, committed 11952K, reserved 1048576K
}
Event: 52.124 GC heap before
{Heap before GC invocations=712 (full 4):
 PSYoungGen      total 331264K, used 316983K [0x00000000eab00000, 0x0000000100000000, 0x0000000100000000)
  eden space 313344K, 100% used [0x00000000eab00000,0x00000000fdd00000,0x00000000fdd00000)
  from space 17920K, 20% used [0x00000000fdd00000,0x00000000fe08de40,0x00000000fee80000)
  to   space 16896K, 0% used [0x00000000fef80000,0x00000000fef80000,0x0000000100000000)
 ParOldGen       total 377344K, used 83803K [0x00000000c0000000, 0x00000000d7080000, 0x00000000eab00000)
  object space 377344K, 22% used [0x00000000c0000000,0x00000000c51d6f88,0x00000000d7080000)
 Metaspace       used 79588K, capacity 80638K, committed 80808K, reserved 1118208K
  class space    used 11714K, capacity 11915K, committed 11952K, reserved 1048576K
Event: 52.127 GC heap after
Heap after GC invocations=712 (full 4):
 PSYoungGen      total 329216K, used 2528K [0x00000000eab00000, 0x00000000ffe00000, 0x0000000100000000)
  eden space 314368K, 0% used [0x00000000eab00000,0x00000000eab00000,0x00000000fde00000)
  from space 14848K, 17% used [0x00000000fef80000,0x00000000ff1f8030,0x00000000ffe00000)
  to   space 16384K, 0% used [0x00000000fde00000,0x00000000fde00000,0x00000000fee00000)
 ParOldGen       total 377344K, used 87068K [0x00000000c0000000, 0x00000000d7080000, 0x00000000eab00000)
  object space 377344K, 23% used [0x00000000c0000000,0x00000000c55071a8,0x00000000d7080000)
 Metaspace       used 79588K, capacity 80638K, committed 80808K, reserved 1118208K
  class space    used 11714K, capacity 11915K, committed 11952K, reserved 1048576K
}
Event: 52.289 GC heap before
{Heap before GC invocations=713 (full 4):
 PSYoungGen      total 329216K, used 316896K [0x00000000eab00000, 0x00000000ffe00000, 0x0000000100000000)
  eden space 314368K, 100% used [0x00000000eab00000,0x00000000fde00000,0x00000000fde00000)
  from space 14848K, 17% used [0x00000000fef80000,0x00000000ff1f8030,0x00000000ffe00000)
  to   space 16384K, 0% used [0x00000000fde00000,0x00000000fde00000,0x00000000fee00000)
 ParOldGen       total 377344K, used 87068K [0x00000000c0000000, 0x00000000d7080000, 0x00000000eab00000)
  object space 377344K, 23% used [0x00000000c0000000,0x00000000c55071a8,0x00000000d7080000)
 Metaspace       used 79590K, capacity 80638K, committed 80808K, reserved 1118208K
  class space    used 11714K, capacity 11915K, committed 11952K, reserved 1048576K
Event: 52.291 GC heap after
Heap after GC invocations=713 (full 4):
 PSYoungGen      total 330752K, used 2720K [0x00000000eab00000, 0x00000000fff80000, 0x0000000100000000)
  eden space 314368K, 0% used [0x00000000eab00000,0x00000000eab00000,0x00000000fde00000)
  from space 16384K, 16% used [0x00000000fde00000,0x00000000fe0a8030,0x00000000fee00000)
  to   space 15360K, 0% used [0x00000000ff080000,0x00000000ff080000,0x00000000fff80000)
 ParOldGen       total 377344K, used 89148K [0x00000000c0000000, 0x00000000d7080000, 0x00000000eab00000)
  object space 377344K, 23% used [0x00000000c0000000,0x00000000c570f1c8,0x00000000d7080000)
 Metaspace       used 79590K, capacity 80638K, committed 80808K, reserved 1118208K
  class space    used 11714K, capacity 11915K, committed 11952K, reserved 1048576K
}
Event: 53.740 GC heap before
{Heap before GC invocations=714 (full 4):
 PSYoungGen      total 330752K, used 317088K [0x00000000eab00000, 0x00000000fff80000, 0x0000000100000000)
  eden space 314368K, 100% used [0x00000000eab00000,0x00000000fde00000,0x00000000fde00000)
  from space 16384K, 16% used [0x00000000fde00000,0x00000000fe0a8030,0x00000000fee00000)
  to   space 15360K, 0% used [0x00000000ff080000,0x00000000ff080000,0x00000000fff80000)
 ParOldGen       total 377344K, used 89148K [0x00000000c0000000, 0x00000000d7080000, 0x00000000eab00000)
  object space 377344K, 23% used [0x00000000c0000000,0x00000000c570f1c8,0x00000000d7080000)
 Metaspace       used 79597K, capacity 80638K, committed 80808K, reserved 1118208K
  class space    used 11714K, capacity 11915K, committed 11952K, reserved 1048576K
Event: 53.742 GC heap after
Heap after GC invocations=714 (full 4):
 PSYoungGen      total 331264K, used 384K [0x00000000eab00000, 0x00000000ffe00000, 0x0000000100000000)
  eden space 317440K, 0% used [0x00000000eab00000,0x00000000eab00000,0x00000000fe100000)
  from space 13824K, 2% used [0x00000000ff080000,0x00000000ff0e0010,0x00000000ffe00000)
  to   space 14848K, 0% used [0x00000000fe100000,0x00000000fe100000,0x00000000fef80000)
 ParOldGen       total 377344K, used 91254K [0x00000000c0000000, 0x00000000d7080000, 0x00000000eab00000)
  object space 377344K, 24% used [0x00000000c0000000,0x00000000c591dac8,0x00000000d7080000)
 Metaspace       used 79597K, capacity 80638K, committed 80808K, reserved 1118208K
  class space    used 11714K, capacity 11915K, committed 11952K, reserved 1048576K
}

Deoptimization events (10 events):
Event: 51.983 Thread 0x000000001f4ff000 Uncommon trap: reason=unstable_if action=reinterpret pc=0x0000000005272164 method=java.lang.Character.isHighSurrogate(C)Z @ 9
Event: 53.746 Thread 0x00000000200df000 Uncommon trap: reason=class_check action=maybe_recompile pc=0x0000000003ebb684 method=org.apache.spark.InterruptibleIterator.next()Ljava/lang/Object; @ 4
Event: 53.749 Thread 0x00000000200df000 Uncommon trap: reason=class_check action=maybe_recompile pc=0x0000000004ada540 method=org.apache.spark.sql.catalyst.expressions.JoinedRow.isNullAt(I)Z @ 5
Event: 53.749 Thread 0x00000000200df000 Uncommon trap: reason=class_check action=maybe_recompile pc=0x000000000472bf80 method=org.apache.spark.sql.catalyst.expressions.JoinedRow.getUTF8String(I)Lorg/apache/spark/unsafe/types/UTF8String; @ 5
Event: 53.749 Thread 0x00000000200df000 Uncommon trap: reason=class_check action=maybe_recompile pc=0x0000000004ada540 method=org.apache.spark.sql.catalyst.expressions.JoinedRow.isNullAt(I)Z @ 5
Event: 53.749 Thread 0x00000000200df000 Uncommon trap: reason=class_check action=maybe_recompile pc=0x000000000472bf80 method=org.apache.spark.sql.catalyst.expressions.JoinedRow.getUTF8String(I)Lorg/apache/spark/unsafe/types/UTF8String; @ 5
Event: 53.749 Thread 0x00000000200df000 Uncommon trap: reason=class_check action=maybe_recompile pc=0x0000000004ada540 method=org.apache.spark.sql.catalyst.expressions.JoinedRow.isNullAt(I)Z @ 5
Event: 53.749 Thread 0x00000000200df000 Uncommon trap: reason=class_check action=maybe_recompile pc=0x000000000472bf80 method=org.apache.spark.sql.catalyst.expressions.JoinedRow.getUTF8String(I)Lorg/apache/spark/unsafe/types/UTF8String; @ 5
Event: 53.749 Thread 0x00000000200df000 Uncommon trap: reason=class_check action=maybe_recompile pc=0x0000000004ada540 method=org.apache.spark.sql.catalyst.expressions.JoinedRow.isNullAt(I)Z @ 5
Event: 53.749 Thread 0x00000000200df000 Uncommon trap: reason=class_check action=maybe_recompile pc=0x000000000472bf80 method=org.apache.spark.sql.catalyst.expressions.JoinedRow.getUTF8String(I)Lorg/apache/spark/unsafe/types/UTF8String; @ 5

Classes redefined (0 events):
No events

Internal exceptions (10 events):
Event: 32.468 Thread 0x0000000023392800 Exception <a 'java/lang/NoSuchMethodError': <clinit>> (0x00000000ef943cb0) thrown at [C:\ade\jenkins\workspace\8-2-build-windows-amd64-cygwin\jdk8u241\331\hotspot\src\share\vm\prims\jni.cpp, line 1614]
Event: 41.581 Thread 0x00000000200dc800 Implicit null exception at 0x0000000003bbe712 to 0x0000000003bbe895
Event: 42.375 Thread 0x0000000023392800 Exception <a 'java/lang/NoSuchMethodError': <clinit>> (0x00000000efb4bcc8) thrown at [C:\ade\jenkins\workspace\8-2-build-windows-amd64-cygwin\jdk8u241\331\hotspot\src\share\vm\prims\jni.cpp, line 1614]
Event: 42.375 Thread 0x0000000023392800 Exception <a 'java/lang/NoSuchMethodError': <clinit>> (0x00000000efb56620) thrown at [C:\ade\jenkins\workspace\8-2-build-windows-amd64-cygwin\jdk8u241\331\hotspot\src\share\vm\prims\jni.cpp, line 1614]
Event: 42.376 Thread 0x0000000023392800 Exception <a 'java/lang/NoSuchMethodError': <clinit>> (0x00000000efb84d68) thrown at [C:\ade\jenkins\workspace\8-2-build-windows-amd64-cygwin\jdk8u241\331\hotspot\src\share\vm\prims\jni.cpp, line 1614]
Event: 42.378 Thread 0x0000000023392800 Exception <a 'java/lang/NoSuchMethodError': <clinit>> (0x00000000efbc0dc0) thrown at [C:\ade\jenkins\workspace\8-2-build-windows-amd64-cygwin\jdk8u241\331\hotspot\src\share\vm\prims\jni.cpp, line 1614]
Event: 42.378 Thread 0x0000000023392800 Exception <a 'java/lang/NoSuchMethodError': <clinit>> (0x00000000efc1b918) thrown at [C:\ade\jenkins\workspace\8-2-build-windows-amd64-cygwin\jdk8u241\331\hotspot\src\share\vm\prims\jni.cpp, line 1614]
Event: 42.379 Thread 0x0000000023392800 Exception <a 'java/lang/NoSuchMethodError': <clinit>> (0x00000000efc3acd0) thrown at [C:\ade\jenkins\workspace\8-2-build-windows-amd64-cygwin\jdk8u241\331\hotspot\src\share\vm\prims\jni.cpp, line 1614]
Event: 42.379 Thread 0x0000000023392800 Exception <a 'java/lang/NoSuchMethodError': <clinit>> (0x00000000efc52d50) thrown at [C:\ade\jenkins\workspace\8-2-build-windows-amd64-cygwin\jdk8u241\331\hotspot\src\share\vm\prims\jni.cpp, line 1614]
Event: 42.380 Thread 0x0000000023392800 Exception <a 'java/lang/NoSuchMethodError': <clinit>> (0x00000000efcabd30) thrown at [C:\ade\jenkins\workspace\8-2-build-windows-amd64-cygwin\jdk8u241\331\hotspot\src\share\vm\prims\jni.cpp, line 1614]

Events (10 events):
Event: 53.749 Thread 0x00000000200df000 DEOPT UNPACKING pc=0x00000000032a583b sp=0x0000000026fde200 mode 2
Event: 53.749 Thread 0x00000000200df000 Uncommon trap: trap_request=0xffffffde fr.pc=0x000000000472bf80
Event: 53.749 Thread 0x00000000200df000 DEOPT PACKING pc=0x000000000472bf80 sp=0x0000000026fde260
Event: 53.749 Thread 0x00000000200df000 DEOPT UNPACKING pc=0x00000000032a583b sp=0x0000000026fde200 mode 2
Event: 53.749 Thread 0x00000000200df000 Uncommon trap: trap_request=0xffffffde fr.pc=0x0000000004ada540
Event: 53.749 Thread 0x00000000200df000 DEOPT PACKING pc=0x0000000004ada540 sp=0x0000000026fde260
Event: 53.749 Thread 0x00000000200df000 DEOPT UNPACKING pc=0x00000000032a583b sp=0x0000000026fde200 mode 2
Event: 53.749 Thread 0x00000000200df000 Uncommon trap: trap_request=0xffffffde fr.pc=0x000000000472bf80
Event: 53.749 Thread 0x00000000200df000 DEOPT PACKING pc=0x000000000472bf80 sp=0x0000000026fde260
Event: 53.749 Thread 0x00000000200df000 DEOPT UNPACKING pc=0x00000000032a583b sp=0x0000000026fde200 mode 2


Dynamic libraries:
0x00007ff6b4150000 - 0x00007ff6b4187000 	C:\Program Files\Java\jre1.8.0_241\bin\java.exe
0x00007ff8f22c0000 - 0x00007ff8f24b0000 	C:\WINDOWS\SYSTEM32\ntdll.dll
0x00007ff8b59e0000 - 0x00007ff8b59f3000 	C:\Program Files\AVAST Software\Avast\aswhook.dll
0x00007ff8f21c0000 - 0x00007ff8f2272000 	C:\WINDOWS\System32\KERNEL32.DLL
0x00007ff8f0040000 - 0x00007ff8f02e4000 	C:\WINDOWS\System32\KERNELBASE.dll
0x00007ff8f0d00000 - 0x00007ff8f0da3000 	C:\WINDOWS\System32\ADVAPI32.dll
0x00007ff8f0bc0000 - 0x00007ff8f0c5e000 	C:\WINDOWS\System32\msvcrt.dll
0x00007ff8f0c60000 - 0x00007ff8f0cf7000 	C:\WINDOWS\System32\sechost.dll
0x00007ff8f03d0000 - 0x00007ff8f04f0000 	C:\WINDOWS\System32\RPCRT4.dll
0x00007ff8f1b70000 - 0x00007ff8f1d04000 	C:\WINDOWS\System32\USER32.dll
0x00007ff8effb0000 - 0x00007ff8effd1000 	C:\WINDOWS\System32\win32u.dll
0x00007ff8f1a80000 - 0x00007ff8f1aa6000 	C:\WINDOWS\System32\GDI32.dll
0x00007ff8ef250000 - 0x00007ff8ef3e4000 	C:\WINDOWS\System32\gdi32full.dll
0x00007ff8ef540000 - 0x00007ff8ef5de000 	C:\WINDOWS\System32\msvcp_win.dll
0x00007ff8efeb0000 - 0x00007ff8effaa000 	C:\WINDOWS\System32\ucrtbase.dll
0x00007ff8e0d20000 - 0x00007ff8e0fa4000 	C:\WINDOWS\WinSxS\amd64_microsoft.windows.common-controls_6595b64144ccf1df_6.0.18362.815_none_e6c3b941130ffef4\COMCTL32.dll
0x00007ff8f1d10000 - 0x00007ff8f2046000 	C:\WINDOWS\System32\combase.dll
0x00007ff8f02f0000 - 0x00007ff8f0370000 	C:\WINDOWS\System32\bcryptPrimitives.dll
0x00007ff8f2190000 - 0x00007ff8f21be000 	C:\WINDOWS\System32\IMM32.DLL
0x00000000624e0000 - 0x00000000625b2000 	C:\Program Files\Java\jre1.8.0_241\bin\msvcr100.dll
0x0000000061c30000 - 0x00000000624dc000 	C:\Program Files\Java\jre1.8.0_241\bin\server\jvm.dll
0x00007ff8f1ab0000 - 0x00007ff8f1ab8000 	C:\WINDOWS\System32\PSAPI.DLL
0x00007ff8dc320000 - 0x00007ff8dc329000 	C:\WINDOWS\SYSTEM32\WSOCK32.dll
0x00007ff8f1920000 - 0x00007ff8f198f000 	C:\WINDOWS\System32\WS2_32.dll
0x00007ff8eb880000 - 0x00007ff8eb8a4000 	C:\WINDOWS\SYSTEM32\WINMM.dll
0x00007ff8e9d80000 - 0x00007ff8e9d8a000 	C:\WINDOWS\SYSTEM32\VERSION.dll
0x00007ff8eb850000 - 0x00007ff8eb87d000 	C:\WINDOWS\SYSTEM32\WINMMBASE.dll
0x00007ff8efd60000 - 0x00007ff8efdaa000 	C:\WINDOWS\System32\cfgmgr32.dll
0x00007ff8bb7b0000 - 0x00007ff8bb7bf000 	C:\Program Files\Java\jre1.8.0_241\bin\verify.dll
0x00007ff8ac1c0000 - 0x00007ff8ac1e9000 	C:\Program Files\Java\jre1.8.0_241\bin\java.dll
0x00007ff8a7cb0000 - 0x00007ff8a7cc6000 	C:\Program Files\Java\jre1.8.0_241\bin\zip.dll
0x00007ff8f1230000 - 0x00007ff8f1914000 	C:\WINDOWS\System32\SHELL32.dll
0x00007ff8f1ac0000 - 0x00007ff8f1b69000 	C:\WINDOWS\System32\shcore.dll
0x00007ff8ef5e0000 - 0x00007ff8efd5d000 	C:\WINDOWS\System32\windows.storage.dll
0x00007ff8ef220000 - 0x00007ff8ef243000 	C:\WINDOWS\System32\profapi.dll
0x00007ff8ef1b0000 - 0x00007ff8ef1fa000 	C:\WINDOWS\System32\powrprof.dll
0x00007ff8ef180000 - 0x00007ff8ef190000 	C:\WINDOWS\System32\UMPDC.dll
0x00007ff8f0370000 - 0x00007ff8f03c2000 	C:\WINDOWS\System32\shlwapi.dll
0x00007ff8ef190000 - 0x00007ff8ef1a1000 	C:\WINDOWS\System32\kernel.appcore.dll
0x00007ff8efde0000 - 0x00007ff8efdf7000 	C:\WINDOWS\System32\cryptsp.dll
0x00007ff8a7ac0000 - 0x00007ff8a7ada000 	C:\Program Files\Java\jre1.8.0_241\bin\net.dll
0x00007ff8ee9f0000 - 0x00007ff8eea57000 	C:\WINDOWS\system32\mswsock.dll
0x00007ff8cab50000 - 0x00007ff8cab66000 	C:\WINDOWS\system32\napinsp.dll
0x00007ff8caab0000 - 0x00007ff8caaca000 	C:\WINDOWS\system32\pnrpnsp.dll
0x00007ff8ee740000 - 0x00007ff8ee80b000 	C:\WINDOWS\SYSTEM32\DNSAPI.dll
0x00007ff8f0f00000 - 0x00007ff8f0f08000 	C:\WINDOWS\System32\NSI.dll
0x00007ff8ee700000 - 0x00007ff8ee73a000 	C:\WINDOWS\SYSTEM32\IPHLPAPI.DLL
0x00007ff8cb530000 - 0x00007ff8cb53e000 	C:\WINDOWS\System32\winrnr.dll
0x00007ff8eb990000 - 0x00007ff8eb9ac000 	C:\WINDOWS\system32\NLAapi.dll
0x00007ff8ca6a0000 - 0x00007ff8ca6b5000 	C:\WINDOWS\system32\wshbth.dll
0x00007ff8e55a0000 - 0x00007ff8e55aa000 	C:\Windows\System32\rasadhlp.dll
0x00007ff8e7ce0000 - 0x00007ff8e7d57000 	C:\WINDOWS\System32\fwpuclnt.dll
0x00007ff8efdb0000 - 0x00007ff8efdd6000 	C:\WINDOWS\System32\bcrypt.dll
0x00007ff8ee560000 - 0x00007ff8ee593000 	C:\WINDOWS\system32\rsaenh.dll
0x00007ff8ef0a0000 - 0x00007ff8ef0c5000 	C:\WINDOWS\SYSTEM32\USERENV.dll
0x00007ff8eebc0000 - 0x00007ff8eebcc000 	C:\WINDOWS\SYSTEM32\CRYPTBASE.dll
0x00007ff8e92f0000 - 0x00007ff8e9306000 	C:\WINDOWS\SYSTEM32\dhcpcsvc6.DLL
0x00007ff8e92d0000 - 0x00007ff8e92ec000 	C:\WINDOWS\SYSTEM32\dhcpcsvc.DLL
0x00007ff8a7aa0000 - 0x00007ff8a7ab2000 	C:\Program Files\Java\jre1.8.0_241\bin\nio.dll
0x00007ff8bb4a0000 - 0x00007ff8bb4ad000 	C:\Program Files\Java\jre1.8.0_241\bin\management.dll
0x00007ff8ba9b0000 - 0x00007ff8ba9b9000 	C:\Program Files\Java\jre1.8.0_241\bin\w2k_lsa_auth.dll
0x00007ff8d8f60000 - 0x00007ff8d8f6c000 	C:\WINDOWS\SYSTEM32\Secur32.dll
0x00007ff8ef070000 - 0x00007ff8ef09f000 	C:\WINDOWS\SYSTEM32\SSPICLI.DLL
0x00007ff8ba770000 - 0x00007ff8ba778000 	C:\Program Files\Java\jre1.8.0_241\bin\jaas_nt.dll
0x0000000066f40000 - 0x0000000066f6d000 	C:\Users\Andreas\AppData\Local\Temp\liblz4-java5308995117230082354.so
0x00007ff8e6ea0000 - 0x00007ff8e7094000 	C:\WINDOWS\SYSTEM32\dbghelp.dll

VM Arguments:
jvm_args: -Xmx1g 
java_command: org.apache.spark.deploy.SparkSubmit --conf spark.app.name=Spark Lab1 pyspark-shell
java_class_path (initial): C:\spark\spark-2.4.5-bin-hadoop2.7\bin\..\conf\;C:\spark\spark-2.4.5-bin-hadoop2.7\jars\activation-1.1.1.jar;C:\spark\spark-2.4.5-bin-hadoop2.7\jars\aircompressor-0.10.jar;C:\spark\spark-2.4.5-bin-hadoop2.7\jars\antlr-2.7.7.jar;C:\spark\spark-2.4.5-bin-hadoop2.7\jars\antlr-runtime-3.4.jar;C:\spark\spark-2.4.5-bin-hadoop2.7\jars\antlr4-runtime-4.7.jar;C:\spark\spark-2.4.5-bin-hadoop2.7\jars\aopalliance-1.0.jar;C:\spark\spark-2.4.5-bin-hadoop2.7\jars\aopalliance-repackaged-2.4.0-b34.jar;C:\spark\spark-2.4.5-bin-hadoop2.7\jars\apache-log4j-extras-1.2.17.jar;C:\spark\spark-2.4.5-bin-hadoop2.7\jars\apacheds-i18n-2.0.0-M15.jar;C:\spark\spark-2.4.5-bin-hadoop2.7\jars\apacheds-kerberos-codec-2.0.0-M15.jar;C:\spark\spark-2.4.5-bin-hadoop2.7\jars\api-asn1-api-1.0.0-M20.jar;C:\spark\spark-2.4.5-bin-hadoop2.7\jars\api-util-1.0.0-M20.jar;C:\spark\spark-2.4.5-bin-hadoop2.7\jars\arpack_combined_all-0.1.jar;C:\spark\spark-2.4.5-bin-hadoop2.7\jars\arrow-format-0.10.0.jar;C:\spark\spark-2.4.5-bin-hadoop2.7\jars\arrow-memory-0.10.0.jar;C:\spark\spark-2.4.5-bin-hadoop2.7\jars\arrow-vector-0.10.0.jar;C:\spark\spark-2.4.5-bin-hadoop2.7\jars\automaton-1.11-8.jar;C:\spark\spark-2.4.5-bin-hadoop2.7\jars\avro-1.8.2.jar;C:\spark\spark-2.4.5-bin-hadoop2.7\jars\avro-ipc-1.8.2.jar;C:\spark\spark-2.4.5-bin-hadoop2.7\jars\avro-mapred-1.8.2-hadoop2.jar;C:\spark\spark-2.4.5-bin-hadoop2.7\jars\bonecp-0.8.0.RELEASE.jar;C:\spark\spark-2.4.5-bin-hadoop2.7\jars\breeze-macros_2.11-0.13.2.jar;C:\spark\spark-2.4.5-bin-hadoop2.7\jars\breeze_2.11-0.13.2.jar;C:\spark\spark-2.4.5-bin-hadoop2.7\jars\calcite-avatica-1.2.0-incubating.jar;C:\spark\spark-2.4.5-bin-hadoop2.7\jars\calcite-core-1.2.0-incubating.jar;C:\spark\spark-2.4.5-bin-hadoop2.7\jars\calcite-linq4j-1.2.0-incubating.jar;C:\spark\spark-2.4.5-bin-hadoop2.7\jars\chill-java-0.9.3.jar;C:\spark\spark-2.4.5-bin-hadoop2.7\jars\chill_2.11-0.9.3.jar;C:\spark\spark-2.4.5-bin-hadoop2.7\jars\commons-beanutils-1.9.4.jar;C:\spark\spark
Launcher Type: SUN_STANDARD

Environment Variables:
JAVA_HOME=C:\Program Files\Java\jre1.8.0_241
USERNAME=Andreas
OS=Windows_NT
PROCESSOR_IDENTIFIER=Intel64 Family 6 Model 158 Stepping 10, GenuineIntel



---------------  S Y S T E M  ---------------

OS: Windows 10.0 , 64 bit Build 18362 (10.0.18362.778)

CPU:total 12 (initial active 12) (6 cores per cpu, 2 threads per core) family 6 model 158 stepping 10, cmov, cx8, fxsr, mmx, sse, sse2, sse3, ssse3, sse4.1, sse4.2, popcnt, avx, avx2, aes, clmul, erms, rtm, 3dnowpref, lzcnt, ht, tsc, tscinvbit, bmi1, bmi2, adx

Memory: 4k page, physical 33420332k(20600240k free), swap 38401068k(22658828k free)

vm_info: Java HotSpot(TM) 64-Bit Server VM (25.241-b07) for windows-amd64 JRE (1.8.0_241-b07), built on Dec 11 2019 10:21:40 by "rejava" with MS VC++ 10.0 (VS2010)

time: Wed May 06 13:08:28 2020
timezone: Vsteuropa, sommartid
elapsed time: 54 seconds (0d 0h 0m 54s)

