#
# A fatal error has been detected by the Java Runtime Environment:
#
#  EXCEPTION_ACCESS_VIOLATION (0xc0000005) at pc=0x00000000043f2358, pid=16396, tid=0x0000000000002a20
#
# JRE version: Java(TM) SE Runtime Environment (8.0_241-b07) (build 1.8.0_241-b07)
# Java VM: Java HotSpot(TM) 64-Bit Server VM (25.241-b07 mixed mode windows-amd64 compressed oops)
# Problematic frame:
# J 12266 C2 org.apache.spark.sql.catalyst.expressions.GeneratedClass$GeneratedIteratorForCodegenStage2.processNext()V (132 bytes) @ 0x00000000043f2358 [0x00000000043f2280+0xd8]
#
# Failed to write core dump. Minidumps are not enabled by default on client versions of Windows
#
# If you would like to submit a bug report, please visit:
#   http://bugreport.java.com/bugreport/crash.jsp
#

---------------  T H R E A D  ---------------

Current thread (0x0000000020bbe800):  JavaThread "stdout writer for C:\Users\Andreas\AppData\Local\Programs\Python\Python37\python.exe" daemon [_thread_in_Java, id=10784, stack(0x000000002f980000,0x000000002fa80000)]

siginfo: ExceptionCode=0xc0000005, reading address 0x00000000000a93c4

Registers:
RAX=0x00000000000a93cc, RBX=0x000000000000029c, RCX=0x00000000c602f250, RDX=0x00000000c396eb48
RSP=0x000000002fa7eca0, RBP=0x00000000c613cf30, RSI=0x00000000000a93c4, RDI=0x0000000011140000
R8 =0x000000000061d7fb, R9 =0x00000000c613d378, R10=0x00000000c3aff680, R11=0x00000000000a93c4
R12=0x0000000000000000, R13=0x0000000000000004, R14=0x0000000000000004, R15=0x0000000020bbe800
RIP=0x00000000043f2358, EFLAGS=0x0000000000010202

Top of Stack: (sp=0x000000002fa7eca0)
0x000000002fa7eca0:   00000000f105f178 00000000f105f178
0x000000002fa7ecb0:   00000000c396eb48 00000000f10604f0
0x000000002fa7ecc0:   00000004f105f088 00000000c396eed8
0x000000002fa7ecd0:   00000000c396eb48 000000000388fd70
0x000000002fa7ece0:   00000000f105e2d0 00000000f105b828
0x000000002fa7ecf0:   00000000c396ebb0 0000000400000210
0x000000002fa7ed00:   00000000c32c5f40 7ffffff700000000
0x000000002fa7ed10:   0000000000000000 00000000043f94d0
0x000000002fa7ed20:   00000000c396ef80 00000000c396eed8
0x000000002fa7ed30:   00000000c396ebf0 000000000278df44
0x000000002fa7ed40:   0000000000000000 0000000000000160
0x000000002fa7ed50:   00000000c396ebf0 000000000278df44
0x000000002fa7ed60:   00000000f0e3d9b0 00005a3800000000
0x000000002fa7ed70:   00000000c396ebf0 000000000278df44
0x000000002fa7ed80:   00000000c396eb48 00000001007e2240
0x000000002fa7ed90:   00000000c396ebf0 00000000043c2b94 

Instructions: (pc=0x00000000043f2358)
0x00000000043f2338:   14 11 46 88 24 1f 44 8b 5d 0c 45 89 5a 30 48 8b
0x00000000043f2348:   c6 48 83 c0 08 49 c1 e8 09 46 88 24 07 4c 03 de
0x00000000043f2358:   41 8b 13 45 8b 43 04 45 89 42 24 49 89 42 10 41
0x00000000043f2368:   2b d0 ff 49 18 44 8b 59 20 83 c3 0c 49 63 c0 48 


Register to memory mapping:

RAX=0x00000000000a93cc is an unknown value
RBX=0x000000000000029c is an unknown value
RCX=0x00000000c602f250 is an oop
org.apache.spark.unsafe.map.BytesToBytesMap$MapIterator 
 - klass: 'org/apache/spark/unsafe/map/BytesToBytesMap$MapIterator'
RDX=0x00000000c396eb48 is an oop
org.apache.spark.sql.catalyst.expressions.GeneratedClass$GeneratedIteratorForCodegenStage2 
 - klass: 'org/apache/spark/sql/catalyst/expressions/GeneratedClass$GeneratedIteratorForCodegenStage2'
RSP=0x000000002fa7eca0 is pointing into the stack for thread: 0x0000000020bbe800
RBP=0x00000000c613cf30 is an oop
org.apache.spark.unsafe.memory.MemoryBlock 
 - klass: 'org/apache/spark/unsafe/memory/MemoryBlock'
RSI=0x00000000000a93c4 is an unknown value
RDI=0x0000000011140000 is an unknown value
R8 =0x000000000061d7fb is an unknown value
R9 =0x00000000c613d378 is an oop
org.apache.spark.sql.execution.UnsafeFixedWidthAggregationMap$1 
 - klass: 'org/apache/spark/sql/execution/UnsafeFixedWidthAggregationMap$1'
R10=0x00000000c3aff680 is an oop
org.apache.spark.unsafe.map.BytesToBytesMap$Location 
 - klass: 'org/apache/spark/unsafe/map/BytesToBytesMap$Location'
R11=0x00000000000a93c4 is an unknown value
R12=0x0000000000000000 is an unknown value
R13=0x0000000000000004 is an unknown value
R14=0x0000000000000004 is an unknown value
R15=0x0000000020bbe800 is a thread


Stack: [0x000000002f980000,0x000000002fa80000],  sp=0x000000002fa7eca0,  free space=1019k
Native frames: (J=compiled Java code, j=interpreted, Vv=VM code, C=native code)
C  0x00000000043f2358


---------------  P R O C E S S  ---------------

Java Threads: ( => current thread )
  0x0000000020bbc000 JavaThread "Worker Monitor for C:\Users\Andreas\AppData\Local\Programs\Python\Python37\python.exe" daemon [_thread_blocked, id=16356, stack(0x000000002fa80000,0x000000002fb80000)]
=>0x0000000020bbe800 JavaThread "stdout writer for C:\Users\Andreas\AppData\Local\Programs\Python\Python37\python.exe" daemon [_thread_in_Java, id=10784, stack(0x000000002f980000,0x000000002fa80000)]
  0x0000000020bbf000 JavaThread "stderr reader for C:\Users\Andreas\AppData\Local\Programs\Python\Python37\python.exe" daemon [_thread_in_native, id=17760, stack(0x000000002f880000,0x000000002f980000)]
  0x0000000020bc0800 JavaThread "stdout reader for C:\Users\Andreas\AppData\Local\Programs\Python\Python37\python.exe" daemon [_thread_in_native, id=18368, stack(0x000000002f780000,0x000000002f880000)]
  0x0000000020bc0000 JavaThread "Idle Worker Monitor for C:\Users\Andreas\AppData\Local\Programs\Python\Python37\python.exe" daemon [_thread_blocked, id=10988, stack(0x000000002f680000,0x000000002f780000)]
  0x0000000021016000 JavaThread "block-manager-ask-thread-pool-69" daemon [_thread_blocked, id=17216, stack(0x000000002f580000,0x000000002f680000)]
  0x0000000021015000 JavaThread "block-manager-slave-async-thread-pool-74" daemon [_thread_blocked, id=1144, stack(0x000000002f480000,0x000000002f580000)]
  0x0000000021013000 JavaThread "block-manager-slave-async-thread-pool-73" daemon [_thread_blocked, id=17772, stack(0x000000002f380000,0x000000002f480000)]
  0x0000000021016800 JavaThread "block-manager-ask-thread-pool-68" daemon [_thread_blocked, id=12264, stack(0x000000002f280000,0x000000002f380000)]
  0x0000000021014800 JavaThread "block-manager-slave-async-thread-pool-72" daemon [_thread_blocked, id=13784, stack(0x000000002f180000,0x000000002f280000)]
  0x0000000021018800 JavaThread "block-manager-slave-async-thread-pool-71" daemon [_thread_blocked, id=10064, stack(0x000000002f080000,0x000000002f180000)]
  0x0000000021019000 JavaThread "block-manager-ask-thread-pool-67" daemon [_thread_blocked, id=10308, stack(0x000000002ef80000,0x000000002f080000)]
  0x0000000021013800 JavaThread "block-manager-slave-async-thread-pool-70" daemon [_thread_blocked, id=8452, stack(0x000000002ee80000,0x000000002ef80000)]
  0x0000000021017800 JavaThread "block-manager-slave-async-thread-pool-69" daemon [_thread_blocked, id=18308, stack(0x000000002ed80000,0x000000002ee80000)]
  0x000000002100b800 JavaThread "block-manager-ask-thread-pool-66" daemon [_thread_blocked, id=10668, stack(0x000000002ec80000,0x000000002ed80000)]
  0x0000000021012000 JavaThread "block-manager-ask-thread-pool-65" daemon [_thread_blocked, id=3312, stack(0x000000002eb80000,0x000000002ec80000)]
  0x000000002100a800 JavaThread "block-manager-slave-async-thread-pool-68" daemon [_thread_blocked, id=17692, stack(0x000000002ea80000,0x000000002eb80000)]
  0x0000000021011800 JavaThread "block-manager-slave-async-thread-pool-67" daemon [_thread_blocked, id=17684, stack(0x000000002e980000,0x000000002ea80000)]
  0x000000002100c000 JavaThread "block-manager-slave-async-thread-pool-66" daemon [_thread_blocked, id=1176, stack(0x000000002e880000,0x000000002e980000)]
  0x000000002100a000 JavaThread "block-manager-ask-thread-pool-64" daemon [_thread_blocked, id=1884, stack(0x000000002e780000,0x000000002e880000)]
  0x0000000021010800 JavaThread "block-manager-ask-thread-pool-63" daemon [_thread_blocked, id=1720, stack(0x000000002e680000,0x000000002e780000)]
  0x000000002100e800 JavaThread "block-manager-ask-thread-pool-62" daemon [_thread_blocked, id=2144, stack(0x000000002e580000,0x000000002e680000)]
  0x0000000021010000 JavaThread "block-manager-slave-async-thread-pool-65" daemon [_thread_blocked, id=2204, stack(0x000000002e480000,0x000000002e580000)]
  0x000000002100d000 JavaThread "block-manager-slave-async-thread-pool-64" daemon [_thread_blocked, id=800, stack(0x000000002e380000,0x000000002e480000)]
  0x000000002100f000 JavaThread "block-manager-slave-async-thread-pool-63" daemon [_thread_blocked, id=5484, stack(0x000000002e280000,0x000000002e380000)]
  0x000000002100d800 JavaThread "block-manager-ask-thread-pool-61" daemon [_thread_blocked, id=5420, stack(0x000000002e180000,0x000000002e280000)]
  0x000000001956b000 JavaThread "block-manager-slave-async-thread-pool-62" daemon [_thread_blocked, id=1016, stack(0x000000002e080000,0x000000002e180000)]
  0x000000001956c000 JavaThread "block-manager-ask-thread-pool-60" daemon [_thread_blocked, id=17548, stack(0x000000002df80000,0x000000002e080000)]
  0x0000000019569800 JavaThread "block-manager-ask-thread-pool-59" daemon [_thread_blocked, id=17540, stack(0x000000002de80000,0x000000002df80000)]
  0x0000000019569000 JavaThread "block-manager-ask-thread-pool-58" daemon [_thread_blocked, id=17552, stack(0x000000002dd80000,0x000000002de80000)]
  0x000000001956a800 JavaThread "block-manager-slave-async-thread-pool-61" daemon [_thread_blocked, id=17544, stack(0x000000002dc80000,0x000000002dd80000)]
  0x0000000019568000 JavaThread "block-manager-slave-async-thread-pool-60" daemon [_thread_blocked, id=17556, stack(0x000000002db80000,0x000000002dc80000)]
  0x0000000019561800 JavaThread "block-manager-slave-async-thread-pool-59" daemon [_thread_blocked, id=17536, stack(0x000000002da80000,0x000000002db80000)]
  0x0000000019567800 JavaThread "block-manager-ask-thread-pool-57" daemon [_thread_blocked, id=3208, stack(0x000000002d980000,0x000000002da80000)]
  0x0000000019566800 JavaThread "block-manager-ask-thread-pool-56" daemon [_thread_blocked, id=10040, stack(0x000000002d880000,0x000000002d980000)]
  0x0000000019566000 JavaThread "block-manager-ask-thread-pool-55" daemon [_thread_blocked, id=10044, stack(0x000000002d780000,0x000000002d880000)]
  0x000000001955e800 JavaThread "block-manager-slave-async-thread-pool-58" daemon [_thread_blocked, id=5480, stack(0x000000002d680000,0x000000002d780000)]
  0x0000000019565000 JavaThread "block-manager-slave-async-thread-pool-57" daemon [_thread_blocked, id=16080, stack(0x000000002d580000,0x000000002d680000)]
  0x0000000019564800 JavaThread "block-manager-ask-thread-pool-54" daemon [_thread_blocked, id=7508, stack(0x000000002d480000,0x000000002d580000)]
  0x0000000019560800 JavaThread "block-manager-slave-async-thread-pool-56" daemon [_thread_blocked, id=17708, stack(0x000000002d380000,0x000000002d480000)]
  0x000000001955d000 JavaThread "block-manager-ask-thread-pool-53" daemon [_thread_blocked, id=16484, stack(0x000000002d280000,0x000000002d380000)]
  0x000000001955d800 JavaThread "block-manager-ask-thread-pool-52" daemon [_thread_blocked, id=16548, stack(0x000000002d180000,0x000000002d280000)]
  0x0000000019563800 JavaThread "block-manager-slave-async-thread-pool-55" daemon [_thread_blocked, id=16540, stack(0x000000002d080000,0x000000002d180000)]
  0x0000000019563000 JavaThread "block-manager-slave-async-thread-pool-54" daemon [_thread_blocked, id=16544, stack(0x000000002cf80000,0x000000002d080000)]
  0x0000000019560000 JavaThread "block-manager-ask-thread-pool-51" daemon [_thread_blocked, id=16532, stack(0x000000002ce80000,0x000000002cf80000)]
  0x000000001955f000 JavaThread "block-manager-slave-async-thread-pool-53" daemon [_thread_blocked, id=16528, stack(0x000000002cd80000,0x000000002ce80000)]
  0x0000000019562000 JavaThread "block-manager-ask-thread-pool-50" daemon [_thread_blocked, id=16524, stack(0x000000002cc80000,0x000000002cd80000)]
  0x0000000021a7c800 JavaThread "block-manager-slave-async-thread-pool-52" daemon [_thread_blocked, id=16508, stack(0x000000002cb80000,0x000000002cc80000)]
  0x0000000021a7a800 JavaThread "block-manager-ask-thread-pool-49" daemon [_thread_blocked, id=16340, stack(0x000000002ca80000,0x000000002cb80000)]
  0x0000000021a7b800 JavaThread "block-manager-slave-async-thread-pool-51" daemon [_thread_blocked, id=16492, stack(0x000000002c980000,0x000000002ca80000)]
  0x0000000021a7e800 JavaThread "block-manager-ask-thread-pool-48" daemon [_thread_blocked, id=16488, stack(0x000000002c880000,0x000000002c980000)]
  0x0000000021a7a000 JavaThread "block-manager-slave-async-thread-pool-50" daemon [_thread_blocked, id=16480, stack(0x000000002c780000,0x000000002c880000)]
  0x0000000021a79000 JavaThread "block-manager-slave-async-thread-pool-49" daemon [_thread_blocked, id=16472, stack(0x000000002c680000,0x000000002c780000)]
  0x0000000021a7d000 JavaThread "block-manager-ask-thread-pool-47" daemon [_thread_blocked, id=17516, stack(0x000000002c580000,0x000000002c680000)]
  0x0000000021a7e000 JavaThread "block-manager-ask-thread-pool-46" daemon [_thread_blocked, id=17512, stack(0x000000002c480000,0x000000002c580000)]
  0x0000000021a72800 JavaThread "block-manager-slave-async-thread-pool-48" daemon [_thread_blocked, id=17508, stack(0x000000002c380000,0x000000002c480000)]
  0x0000000021a71800 JavaThread "block-manager-slave-async-thread-pool-47" daemon [_thread_blocked, id=17504, stack(0x000000002c280000,0x000000002c380000)]
  0x0000000021a78800 JavaThread "block-manager-slave-async-thread-pool-46" daemon [_thread_blocked, id=17500, stack(0x000000002c180000,0x000000002c280000)]
  0x0000000021a71000 JavaThread "block-manager-ask-thread-pool-45" daemon [_thread_blocked, id=17496, stack(0x000000002c080000,0x000000002c180000)]
  0x0000000021a77800 JavaThread "block-manager-ask-thread-pool-44" daemon [_thread_blocked, id=8196, stack(0x000000002bf80000,0x000000002c080000)]
  0x0000000021a70000 JavaThread "block-manager-ask-thread-pool-43" daemon [_thread_blocked, id=9696, stack(0x000000002be80000,0x000000002bf80000)]
  0x0000000021a77000 JavaThread "block-manager-slave-async-thread-pool-45" daemon [_thread_blocked, id=15224, stack(0x000000002b180000,0x000000002b280000)]
  0x0000000021a76000 JavaThread "block-manager-slave-async-thread-pool-44" daemon [_thread_blocked, id=9360, stack(0x000000002b080000,0x000000002b180000)]
  0x0000000021a75800 JavaThread "block-manager-ask-thread-pool-42" daemon [_thread_blocked, id=9356, stack(0x000000002af80000,0x000000002b080000)]
  0x0000000021a73000 JavaThread "block-manager-slave-async-thread-pool-43" daemon [_thread_blocked, id=17748, stack(0x000000002ae80000,0x000000002af80000)]
  0x0000000021a74800 JavaThread "block-manager-ask-thread-pool-41" daemon [_thread_blocked, id=8828, stack(0x000000002ad80000,0x000000002ae80000)]
  0x0000000021a74000 JavaThread "block-manager-ask-thread-pool-40" daemon [_thread_blocked, id=17752, stack(0x000000002ac80000,0x000000002ad80000)]
  0x0000000021a6f800 JavaThread "block-manager-slave-async-thread-pool-42" daemon [_thread_blocked, id=17756, stack(0x000000002ab80000,0x000000002ac80000)]
  0x000000001afb0000 JavaThread "block-manager-slave-async-thread-pool-41" daemon [_thread_blocked, id=1424, stack(0x000000002aa80000,0x000000002ab80000)]
  0x0000000019215000 JavaThread "block-manager-slave-async-thread-pool-40" daemon [_thread_blocked, id=6348, stack(0x000000002bd80000,0x000000002be80000)]
  0x0000000019215800 JavaThread "block-manager-ask-thread-pool-39" daemon [_thread_blocked, id=6768, stack(0x000000002bc80000,0x000000002bd80000)]
  0x0000000019214000 JavaThread "block-manager-ask-thread-pool-38" daemon [_thread_blocked, id=12544, stack(0x000000002bb80000,0x000000002bc80000)]
  0x0000000019213800 JavaThread "block-manager-ask-thread-pool-37" daemon [_thread_blocked, id=6352, stack(0x000000002ba80000,0x000000002bb80000)]
  0x0000000019211000 JavaThread "block-manager-slave-async-thread-pool-39" daemon [_thread_blocked, id=12208, stack(0x000000002b980000,0x000000002ba80000)]
  0x0000000019216800 JavaThread "block-manager-slave-async-thread-pool-38" daemon [_thread_blocked, id=14476, stack(0x000000002b880000,0x000000002b980000)]
  0x000000001a88a000 JavaThread "block-manager-slave-async-thread-pool-37" daemon [_thread_blocked, id=14512, stack(0x000000002b780000,0x000000002b880000)]
  0x000000001a87c800 JavaThread "block-manager-ask-thread-pool-36" daemon [_thread_blocked, id=9308, stack(0x000000002b680000,0x000000002b780000)]
  0x000000001a883800 JavaThread "block-manager-ask-thread-pool-35" daemon [_thread_blocked, id=17912, stack(0x000000002b580000,0x000000002b680000)]
  0x000000001a87c000 JavaThread "block-manager-ask-thread-pool-34" daemon [_thread_blocked, id=17844, stack(0x000000002b480000,0x000000002b580000)]
  0x000000001a881000 JavaThread "block-manager-slave-async-thread-pool-36" daemon [_thread_blocked, id=16320, stack(0x000000002b380000,0x000000002b480000)]
  0x000000001a87e000 JavaThread "block-manager-slave-async-thread-pool-35" daemon [_thread_blocked, id=14696, stack(0x000000002b280000,0x000000002b380000)]
  0x000000001a87f000 JavaThread "block-manager-slave-async-thread-pool-34" daemon [_thread_blocked, id=5516, stack(0x000000002a980000,0x000000002aa80000)]
  0x0000000021afe800 JavaThread "block-manager-ask-thread-pool-33" daemon [_thread_blocked, id=3776, stack(0x000000002a880000,0x000000002a980000)]
  0x0000000021afd000 JavaThread "block-manager-ask-thread-pool-32" daemon [_thread_blocked, id=16464, stack(0x000000002a780000,0x000000002a880000)]
  0x0000000021af8800 JavaThread "block-manager-ask-thread-pool-31" daemon [_thread_blocked, id=3876, stack(0x0000000029690000,0x0000000029790000)]
  0x0000000021afc800 JavaThread "block-manager-slave-async-thread-pool-33" daemon [_thread_blocked, id=12188, stack(0x0000000029590000,0x0000000029690000)]
  0x0000000021af9800 JavaThread "block-manager-slave-async-thread-pool-32" daemon [_thread_blocked, id=10524, stack(0x0000000029490000,0x0000000029590000)]
  0x0000000021afb800 JavaThread "block-manager-ask-thread-pool-30" daemon [_thread_blocked, id=17920, stack(0x0000000029390000,0x0000000029490000)]
  0x0000000021afb000 JavaThread "block-manager-slave-async-thread-pool-31" daemon [_thread_blocked, id=17868, stack(0x0000000029290000,0x0000000029390000)]
  0x0000000021af8000 JavaThread "block-manager-ask-thread-pool-29" daemon [_thread_blocked, id=17820, stack(0x0000000029190000,0x0000000029290000)]
  0x0000000021afa000 JavaThread "block-manager-ask-thread-pool-28" daemon [_thread_blocked, id=13580, stack(0x0000000029090000,0x0000000029190000)]
  0x0000000021afe000 JavaThread "block-manager-slave-async-thread-pool-30" daemon [_thread_blocked, id=12856, stack(0x0000000028f90000,0x0000000029090000)]
  0x0000000021af0800 JavaThread "block-manager-slave-async-thread-pool-29" daemon [_thread_blocked, id=9252, stack(0x0000000028970000,0x0000000028a70000)]
  0x0000000021aef800 JavaThread "block-manager-slave-async-thread-pool-28" daemon [_thread_blocked, id=17896, stack(0x0000000028870000,0x0000000028970000)]
  0x0000000021af4000 JavaThread "block-manager-ask-thread-pool-27" daemon [_thread_blocked, id=17828, stack(0x0000000028770000,0x0000000028870000)]
  0x0000000021af6800 JavaThread "block-manager-ask-thread-pool-26" daemon [_thread_blocked, id=17904, stack(0x0000000028670000,0x0000000028770000)]
  0x0000000021af2000 JavaThread "block-manager-ask-thread-pool-25" daemon [_thread_blocked, id=17848, stack(0x0000000028570000,0x0000000028670000)]
  0x0000000021af5800 JavaThread "block-manager-slave-async-thread-pool-27" daemon [_thread_blocked, id=17856, stack(0x0000000028470000,0x0000000028570000)]
  0x0000000021af2800 JavaThread "block-manager-slave-async-thread-pool-26" daemon [_thread_blocked, id=17852, stack(0x0000000028370000,0x0000000028470000)]
  0x0000000021af5000 JavaThread "block-manager-ask-thread-pool-24" daemon [_thread_blocked, id=10408, stack(0x0000000028270000,0x0000000028370000)]
  0x0000000021af3800 JavaThread "block-manager-slave-async-thread-pool-25" daemon [_thread_blocked, id=4392, stack(0x0000000028170000,0x0000000028270000)]
  0x000000002066e000 JavaThread "block-manager-slave-async-thread-pool-24" daemon [_thread_blocked, id=7444, stack(0x0000000028070000,0x0000000028170000)]
  0x000000002066c800 JavaThread "block-manager-slave-async-thread-pool-23" daemon [_thread_blocked, id=15416, stack(0x0000000027f70000,0x0000000028070000)]
  0x0000000020670800 JavaThread "block-manager-ask-thread-pool-23" daemon [_thread_blocked, id=12172, stack(0x0000000027e70000,0x0000000027f70000)]
  0x000000002066f800 JavaThread "block-manager-ask-thread-pool-22" daemon [_thread_blocked, id=15988, stack(0x0000000027d70000,0x0000000027e70000)]
  0x0000000020673800 JavaThread "block-manager-ask-thread-pool-21" daemon [_thread_blocked, id=15992, stack(0x0000000027870000,0x0000000027970000)]
  0x000000002066d800 JavaThread "block-manager-slave-async-thread-pool-22" daemon [_thread_blocked, id=12204, stack(0x0000000027770000,0x0000000027870000)]
  0x0000000020673000 JavaThread "block-manager-slave-async-thread-pool-21" daemon [_thread_blocked, id=6724, stack(0x0000000027670000,0x0000000027770000)]
  0x0000000020672000 JavaThread "block-manager-ask-thread-pool-20" daemon [_thread_blocked, id=6744, stack(0x0000000027570000,0x0000000027670000)]
  0x0000000020671000 JavaThread "block-manager-slave-async-thread-pool-20" daemon [_thread_blocked, id=5980, stack(0x0000000027470000,0x0000000027570000)]
  0x000000002066f000 JavaThread "block-manager-slave-async-thread-pool-19" daemon [_thread_blocked, id=5952, stack(0x0000000027ab0000,0x0000000027bb0000)]
  0x0000000020665000 JavaThread "block-manager-ask-thread-pool-19" daemon [_thread_blocked, id=5788, stack(0x00000000279b0000,0x0000000027ab0000)]
  0x0000000020667800 JavaThread "block-manager-slave-async-thread-pool-18" daemon [_thread_blocked, id=17776, stack(0x0000000027c70000,0x0000000027d70000)]
  0x000000002066c000 JavaThread "block-manager-ask-thread-pool-18" daemon [_thread_blocked, id=13488, stack(0x0000000027270000,0x0000000027370000)]
  0x0000000020664800 JavaThread "block-manager-ask-thread-pool-17" daemon [_thread_blocked, id=15276, stack(0x0000000026d20000,0x0000000026e20000)]
  0x0000000020666800 JavaThread "block-manager-ask-thread-pool-16" daemon [_thread_blocked, id=12816, stack(0x0000000026420000,0x0000000026520000)]
  0x000000002066b000 JavaThread "block-manager-slave-async-thread-pool-17" daemon [_thread_blocked, id=12824, stack(0x0000000025e20000,0x0000000025f20000)]
  0x0000000020668000 JavaThread "block-manager-slave-async-thread-pool-16" daemon [_thread_blocked, id=12828, stack(0x0000000025d20000,0x0000000025e20000)]
  0x000000002066a800 JavaThread "block-manager-slave-async-thread-pool-15" daemon [_thread_blocked, id=12836, stack(0x0000000025c20000,0x0000000025d20000)]
  0x0000000020669800 JavaThread "block-manager-ask-thread-pool-15" daemon [_thread_blocked, id=15148, stack(0x0000000025b20000,0x0000000025c20000)]
  0x0000000021af1000 JavaThread "Executor task launch worker for task 190" daemon [_thread_blocked, id=17524, stack(0x0000000027370000,0x0000000027470000)]
  0x0000000019218000 JavaThread "task-result-getter-3" daemon [_thread_blocked, id=17480, stack(0x0000000026c20000,0x0000000026d20000)]
  0x0000000019217000 JavaThread "task-result-getter-2" daemon [_thread_blocked, id=17476, stack(0x0000000026b20000,0x0000000026c20000)]
  0x0000000019212800 JavaThread "task-result-getter-1" daemon [_thread_blocked, id=17472, stack(0x0000000026a20000,0x0000000026b20000)]
  0x000000001a889800 JavaThread "Executor task launch worker for task 194" daemon [_thread_blocked, id=7784, stack(0x0000000026920000,0x0000000026a20000)]
  0x000000001a888800 JavaThread "Executor task launch worker for task 180" daemon [_thread_blocked, id=8536, stack(0x0000000026820000,0x0000000026920000)]
  0x000000001a886800 JavaThread "Executor task launch worker for task 196" daemon [_thread_blocked, id=8496, stack(0x0000000026720000,0x0000000026820000)]
  0x000000001a888000 JavaThread "Executor task launch worker for task 189" daemon [_thread_blocked, id=15172, stack(0x0000000026620000,0x0000000026720000)]
  0x000000001a887000 JavaThread "Executor task launch worker for task 192" daemon [_thread_blocked, id=15712, stack(0x0000000026520000,0x0000000026620000)]
  0x000000001a885800 JavaThread "Executor task launch worker for task 193" daemon [_thread_blocked, id=14448, stack(0x0000000026320000,0x0000000026420000)]
  0x000000001a885000 JavaThread "Executor task launch worker for task 199" daemon [_thread_blocked, id=9260, stack(0x0000000026220000,0x0000000026320000)]
  0x000000001a87d800 JavaThread "Executor task launch worker for task 195" daemon [_thread_blocked, id=6952, stack(0x0000000026120000,0x0000000026220000)]
  0x000000001a882000 JavaThread "Executor task launch worker for task 191" daemon [_thread_blocked, id=15396, stack(0x0000000026020000,0x0000000026120000)]
  0x000000001a884000 JavaThread "Executor task launch worker for task 198" daemon [_thread_blocked, id=9256, stack(0x0000000025f20000,0x0000000026020000)]
  0x000000001a87f800 JavaThread "task-result-getter-0" daemon [_thread_blocked, id=16812, stack(0x0000000025620000,0x0000000025720000)]
  0x000000001a882800 JavaThread "Executor task launch worker for task 188" daemon [_thread_blocked, id=14864, stack(0x0000000025520000,0x0000000025620000)]
  0x000000001afb1800 JavaThread "org.apache.hadoop.fs.FileSystem$Statistics$StatisticsDataReferenceCleaner" daemon [_thread_blocked, id=9276, stack(0x0000000022e00000,0x0000000022f00000)]
  0x000000001afb5800 JavaThread "spark-listener-group-streams" daemon [_thread_blocked, id=4536, stack(0x0000000022b00000,0x0000000022c00000)]
  0x000000001afb6000 JavaThread "element-tracking-store-worker" daemon [_thread_blocked, id=14148, stack(0x0000000021380000,0x0000000021480000)]
  0x000000001afaf800 JavaThread "spark-listener-group-executorManagement" daemon [_thread_blocked, id=14140, stack(0x0000000021280000,0x0000000021380000)]
  0x000000001afb4800 JavaThread "spark-listener-group-appStatus" daemon [_thread_blocked, id=14144, stack(0x0000000021180000,0x0000000021280000)]
  0x000000001afb3000 JavaThread "context-cleaner-periodic-gc" daemon [_thread_blocked, id=14028, stack(0x0000000021080000,0x0000000021180000)]
  0x000000001afa8000 JavaThread "Spark Context Cleaner" daemon [_thread_blocked, id=14020, stack(0x000000001fbd0000,0x000000001fcd0000)]
  0x000000001afae800 JavaThread "shuffle-boss-6-1" daemon [_thread_in_native, id=13436, stack(0x000000001fdb0000,0x000000001feb0000)]
  0x000000001afab800 JavaThread "driver-heartbeater" daemon [_thread_blocked, id=3844, stack(0x000000001f6b0000,0x000000001f7b0000)]
  0x000000001afac800 JavaThread "dag-scheduler-event-loop" daemon [_thread_blocked, id=7012, stack(0x000000001fad0000,0x000000001fbd0000)]
  0x000000001afa9800 JavaThread "netty-rpc-env-timeout" daemon [_thread_blocked, id=8852, stack(0x000000001f9d0000,0x000000001fad0000)]
  0x000000001afae000 JavaThread "Timer-1" daemon [_thread_blocked, id=8844, stack(0x000000001f8d0000,0x000000001f9d0000)]
  0x000000001afad000 JavaThread "Timer-0" daemon [_thread_blocked, id=8848, stack(0x000000001f7d0000,0x000000001f8d0000)]
  0x000000001afa7000 JavaThread "heartbeat-receiver-event-loop-thread" daemon [_thread_blocked, id=3472, stack(0x000000001f300000,0x000000001f400000)]
  0x000000001afa8800 JavaThread "SparkUI-47" daemon [_thread_blocked, id=3692, stack(0x000000001e030000,0x000000001e130000)]
  0x000000001afab000 JavaThread "SparkUI-46" daemon [_thread_blocked, id=3496, stack(0x000000001df30000,0x000000001e030000)]
  0x000000001afaa000 JavaThread "SparkUI-45" daemon [_thread_blocked, id=3456, stack(0x000000001de30000,0x000000001df30000)]
  0x0000000018410800 JavaThread "SparkUI-44-acceptor-0@75cf8fb3-Spark@7b087f7a{HTTP/1.1,[http/1.1]}{0.0.0.0:4040}" daemon [_thread_in_native, id=17384, stack(0x000000001dd30000,0x000000001de30000)]
  0x0000000018413800 JavaThread "SparkUI-43" daemon [_thread_in_native, id=16408, stack(0x000000001dc30000,0x000000001dd30000)]
  0x0000000018410000 JavaThread "SparkUI-42" daemon [_thread_in_native, id=2604, stack(0x000000001db30000,0x000000001dc30000)]
  0x0000000018412000 JavaThread "SparkUI-41" daemon [_thread_in_native, id=16388, stack(0x000000001da30000,0x000000001db30000)]
  0x0000000018415000 JavaThread "SparkUI-40" daemon [_thread_in_native, id=15636, stack(0x000000001d930000,0x000000001da30000)]
  0x000000001840f000 JavaThread "refresh progress" daemon [_thread_blocked, id=17020, stack(0x000000001d830000,0x000000001d930000)]
  0x0000000018413000 JavaThread "RemoteBlock-temp-file-clean-thread" daemon [_thread_blocked, id=17068, stack(0x000000001d530000,0x000000001d630000)]
  0x0000000018416000 JavaThread "map-output-dispatcher-7" daemon [_thread_blocked, id=15692, stack(0x000000001d430000,0x000000001d530000)]
  0x0000000018414800 JavaThread "map-output-dispatcher-6" daemon [_thread_blocked, id=1276, stack(0x000000001d330000,0x000000001d430000)]
  0x0000000018411800 JavaThread "map-output-dispatcher-5" daemon [_thread_blocked, id=1316, stack(0x000000001d230000,0x000000001d330000)]
  0x0000000019acd000 JavaThread "map-output-dispatcher-4" daemon [_thread_blocked, id=1364, stack(0x000000001d130000,0x000000001d230000)]
  0x0000000019aca000 JavaThread "map-output-dispatcher-3" daemon [_thread_blocked, id=1280, stack(0x000000001d030000,0x000000001d130000)]
  0x0000000019ac9800 JavaThread "map-output-dispatcher-2" daemon [_thread_blocked, id=17096, stack(0x000000001cf30000,0x000000001d030000)]
  0x0000000019acb800 JavaThread "map-output-dispatcher-1" daemon [_thread_blocked, id=15176, stack(0x000000001ce30000,0x000000001cf30000)]
  0x0000000019ac7000 JavaThread "map-output-dispatcher-0" daemon [_thread_blocked, id=17104, stack(0x000000001cd30000,0x000000001ce30000)]
  0x0000000019ac8000 JavaThread "rpc-boss-3-1" daemon [_thread_in_native, id=17056, stack(0x000000001cc30000,0x000000001cd30000)]
  0x0000000019acb000 JavaThread "dispatcher-event-loop-11" daemon [_thread_blocked, id=8228, stack(0x000000001c730000,0x000000001c830000)]
  0x0000000019ac6800 JavaThread "dispatcher-event-loop-10" daemon [_thread_blocked, id=11428, stack(0x000000001c630000,0x000000001c730000)]
  0x0000000019acc800 JavaThread "dispatcher-event-loop-9" daemon [_thread_blocked, id=12216, stack(0x000000001c530000,0x000000001c630000)]
  0x0000000019ac8800 JavaThread "dispatcher-event-loop-8" daemon [_thread_blocked, id=12220, stack(0x000000001c430000,0x000000001c530000)]
  0x0000000019601800 JavaThread "dispatcher-event-loop-7" daemon [_thread_blocked, id=11424, stack(0x000000001c330000,0x000000001c430000)]
  0x0000000018d4f000 JavaThread "dispatcher-event-loop-6" daemon [_thread_blocked, id=10360, stack(0x000000001c230000,0x000000001c330000)]
  0x0000000018d4e000 JavaThread "dispatcher-event-loop-5" daemon [_thread_blocked, id=10480, stack(0x000000001c130000,0x000000001c230000)]
  0x0000000018d4d800 JavaThread "dispatcher-event-loop-4" daemon [_thread_blocked, id=10484, stack(0x000000001c030000,0x000000001c130000)]
  0x0000000018d4c800 JavaThread "dispatcher-event-loop-3" daemon [_thread_blocked, id=11452, stack(0x000000001be30000,0x000000001bf30000)]
  0x0000000018d4c000 JavaThread "dispatcher-event-loop-2" daemon [_thread_blocked, id=11436, stack(0x000000001bd30000,0x000000001be30000)]
  0x0000000019227800 JavaThread "dispatcher-event-loop-1" daemon [_thread_blocked, id=10160, stack(0x000000001bc30000,0x000000001bd30000)]
  0x0000000019226800 JavaThread "dispatcher-event-loop-0" daemon [_thread_blocked, id=2528, stack(0x000000001b9f0000,0x000000001baf0000)]
  0x000000001a87a800 JavaThread "Thread-3" [_thread_blocked, id=11516, stack(0x000000001bb30000,0x000000001bc30000)]
  0x00000000199ca000 JavaThread "Thread-2" [_thread_in_native, id=11520, stack(0x000000001b6f0000,0x000000001b7f0000)]
  0x0000000019ad2800 JavaThread "pool-1-thread-1" [_thread_blocked, id=16552, stack(0x000000001b5f0000,0x000000001b6f0000)]
  0x000000001680d800 JavaThread "Service Thread" daemon [_thread_blocked, id=3408, stack(0x00000000181c0000,0x00000000182c0000)]
  0x0000000016786800 JavaThread "C1 CompilerThread3" daemon [_thread_blocked, id=2120, stack(0x00000000180c0000,0x00000000181c0000)]
  0x0000000016785800 JavaThread "C2 CompilerThread2" daemon [_thread_blocked, id=3064, stack(0x0000000017fc0000,0x00000000180c0000)]
  0x0000000016783000 JavaThread "C2 CompilerThread1" daemon [_thread_blocked, id=876, stack(0x0000000017ec0000,0x0000000017fc0000)]
  0x000000001677b000 JavaThread "C2 CompilerThread0" daemon [_thread_blocked, id=16968, stack(0x0000000017dc0000,0x0000000017ec0000)]
  0x0000000016777000 JavaThread "Attach Listener" daemon [_thread_blocked, id=15640, stack(0x0000000017cc0000,0x0000000017dc0000)]
  0x0000000016776000 JavaThread "Signal Dispatcher" daemon [_thread_blocked, id=16984, stack(0x0000000017bc0000,0x0000000017cc0000)]
  0x0000000016763000 JavaThread "Finalizer" daemon [_thread_blocked, id=16964, stack(0x00000000179c0000,0x0000000017ac0000)]
  0x00000000150a0800 JavaThread "Reference Handler" daemon [_thread_blocked, id=16748, stack(0x00000000178c0000,0x00000000179c0000)]
  0x000000000228a800 JavaThread "main" [_thread_in_native, id=7720, stack(0x0000000002180000,0x0000000002280000)]

Other Threads:
  0x0000000015096800 VMThread [stack: 0x00000000177c0000,0x00000000178c0000] [id=16972]
  0x0000000016851800 WatcherThread [stack: 0x00000000182c0000,0x00000000183c0000] [id=3132]

VM state:synchronizing (normal execution)

VM Mutex/Monitor currently owned by a thread:  ([mutex/lock_event])
[0x00000000022873a0] Safepoint_lock - owner thread: 0x0000000015096800
[0x0000000002287a20] Threads_lock - owner thread: 0x0000000015096800

heap address: 0x00000000c0000000, size: 1024 MB, Compressed Oops mode: 32-bit
Narrow klass base: 0x0000000000000000, Narrow klass shift: 3
Compressed class space size: 1073741824 Address: 0x0000000100000000

Heap:
 PSYoungGen      total 327168K, used 106772K [0x00000000eab00000, 0x00000000ffe80000, 0x0000000100000000)
  eden space 308736K, 34% used [0x00000000eab00000,0x00000000f12cd0e0,0x00000000fd880000)
  from space 18432K, 2% used [0x00000000fec80000,0x00000000fecf8010,0x00000000ffe80000)
  to   space 19456K, 0% used [0x00000000fd880000,0x00000000fd880000,0x00000000feb80000)
 ParOldGen       total 325120K, used 108944K [0x00000000c0000000, 0x00000000d3d80000, 0x00000000eab00000)
  object space 325120K, 33% used [0x00000000c0000000,0x00000000c6a640f0,0x00000000d3d80000)
 Metaspace       used 79674K, capacity 80702K, committed 80808K, reserved 1118208K
  class space    used 11725K, capacity 11915K, committed 11952K, reserved 1048576K

Card table byte_map: [0x0000000011740000,0x0000000011950000] byte_map_base: 0x0000000011140000

Marking Bits: (ParMarkBitMap*) 0x000000007215be30
 Begin Bits: [0x00000000124b0000, 0x00000000134b0000)
 End Bits:   [0x00000000134b0000, 0x00000000144b0000)

Polling page: 0x00000000001d0000

CodeCache: size=245760Kb used=33298Kb max_used=33309Kb free=212461Kb
 bounds [0x0000000002380000, 0x0000000004440000, 0x0000000011380000]
 total_blobs=10707 nmethods=10069 adapters=546
 compilation: enabled

Compilation events (10 events):
Event: 119.390 Thread 0x0000000016786800 nmethod 12295 0x000000000441ae10 code [0x000000000441b120, 0x000000000441c6d8]
Event: 119.415 Thread 0x0000000016786800 12297       3       java.net.SocketOutputStream::write (8 bytes)
Event: 119.416 Thread 0x0000000016786800 nmethod 12297 0x00000000043f8a10 code [0x00000000043f8b80, 0x00000000043f8d08]
Event: 119.418 Thread 0x0000000016783000 12298       4       scala.collection.AbstractTraversable::copyToArray (7 bytes)
Event: 119.419 Thread 0x0000000016783000 nmethod 12298 0x000000000441e9d0 code [0x000000000441eb40, 0x000000000441ed18]
Event: 119.457 Thread 0x0000000016785800 12301       4       org.apache.spark.sql.catalyst.expressions.JoinedRow::getUTF8String (39 bytes)
Event: 119.457 Thread 0x0000000016786800 12300       3       net.jpountz.lz4.LZ4BlockOutputStream::write (38 bytes)
Event: 119.457 Thread 0x0000000016783000 12302       4       org.apache.spark.sql.catalyst.expressions.JoinedRow::isNullAt (39 bytes)
Event: 119.457 Thread 0x000000001677b000 12303       4       org.apache.spark.sql.catalyst.expressions.BaseGenericInternalRow$class::getAs (8 bytes)
Event: 119.458 Thread 0x0000000016786800 nmethod 12300 0x000000000440f410 code [0x000000000440f5a0, 0x000000000440f918]

GC Heap History (10 events):
Event: 117.212 GC heap before
{Heap before GC invocations=694 (full 4):
 PSYoungGen      total 348160K, used 346935K [0x00000000eab00000, 0x0000000100000000, 0x0000000100000000)
  eden space 347136K, 99% used [0x00000000eab00000,0x00000000ffd85f70,0x00000000ffe00000)
  from space 1024K, 28% used [0x00000000ffe00000,0x00000000ffe48000,0x00000000fff00000)
  to   space 1024K, 0% used [0x00000000fff00000,0x00000000fff00000,0x0000000100000000)
 ParOldGen       total 325120K, used 43394K [0x00000000c0000000, 0x00000000d3d80000, 0x00000000eab00000)
  object space 325120K, 13% used [0x00000000c0000000,0x00000000c2a60988,0x00000000d3d80000)
 Metaspace       used 79456K, capacity 80570K, committed 80808K, reserved 1118208K
  class space    used 11708K, capacity 11915K, committed 11952K, reserved 1048576K
Event: 117.216 GC heap after
Heap after GC invocations=694 (full 4):
 PSYoungGen      total 336896K, used 1015K [0x00000000eab00000, 0x0000000100000000, 0x0000000100000000)
  eden space 335872K, 0% used [0x00000000eab00000,0x00000000eab00000,0x00000000ff300000)
  from space 1024K, 99% used [0x00000000fff00000,0x00000000ffffdcc0,0x0000000100000000)
  to   space 6656K, 0% used [0x00000000ff300000,0x00000000ff300000,0x00000000ff980000)
 ParOldGen       total 325120K, used 58742K [0x00000000c0000000, 0x00000000d3d80000, 0x00000000eab00000)
  object space 325120K, 18% used [0x00000000c0000000,0x00000000c395db30,0x00000000d3d80000)
 Metaspace       used 79456K, capacity 80570K, committed 80808K, reserved 1118208K
  class space    used 11708K, capacity 11915K, committed 11952K, reserved 1048576K
}
Event: 117.679 GC heap before
{Heap before GC invocations=695 (full 4):
 PSYoungGen      total 336896K, used 336887K [0x00000000eab00000, 0x0000000100000000, 0x0000000100000000)
  eden space 335872K, 100% used [0x00000000eab00000,0x00000000ff300000,0x00000000ff300000)
  from space 1024K, 99% used [0x00000000fff00000,0x00000000ffffdcc0,0x0000000100000000)
  to   space 6656K, 0% used [0x00000000ff300000,0x00000000ff300000,0x00000000ff980000)
 ParOldGen       total 325120K, used 58742K [0x00000000c0000000, 0x00000000d3d80000, 0x00000000eab00000)
  object space 325120K, 18% used [0x00000000c0000000,0x00000000c395db30,0x00000000d3d80000)
 Metaspace       used 79610K, capacity 80638K, committed 80808K, reserved 1118208K
  class space    used 11714K, capacity 11915K, committed 11952K, reserved 1048576K
Event: 117.684 GC heap after
Heap after GC invocations=695 (full 4):
 PSYoungGen      total 342528K, used 6647K [0x00000000eab00000, 0x0000000100000000, 0x0000000100000000)
  eden space 335872K, 0% used [0x00000000eab00000,0x00000000eab00000,0x00000000ff300000)
  from space 6656K, 99% used [0x00000000ff300000,0x00000000ff97de90,0x00000000ff980000)
  to   space 6656K, 0% used [0x00000000ff980000,0x00000000ff980000,0x0000000100000000)
 ParOldGen       total 325120K, used 95317K [0x00000000c0000000, 0x00000000d3d80000, 0x00000000eab00000)
  object space 325120K, 29% used [0x00000000c0000000,0x00000000c5d154f8,0x00000000d3d80000)
 Metaspace       used 79610K, capacity 80638K, committed 80808K, reserved 1118208K
  class space    used 11714K, capacity 11915K, committed 11952K, reserved 1048576K
}
Event: 117.858 GC heap before
{Heap before GC invocations=696 (full 4):
 PSYoungGen      total 342528K, used 342519K [0x00000000eab00000, 0x0000000100000000, 0x0000000100000000)
  eden space 335872K, 100% used [0x00000000eab00000,0x00000000ff300000,0x00000000ff300000)
  from space 6656K, 99% used [0x00000000ff300000,0x00000000ff97de90,0x00000000ff980000)
  to   space 6656K, 0% used [0x00000000ff980000,0x00000000ff980000,0x0000000100000000)
 ParOldGen       total 325120K, used 95317K [0x00000000c0000000, 0x00000000d3d80000, 0x00000000eab00000)
  object space 325120K, 29% used [0x00000000c0000000,0x00000000c5d154f8,0x00000000d3d80000)
 Metaspace       used 79611K, capacity 80638K, committed 80808K, reserved 1118208K
  class space    used 11714K, capacity 11915K, committed 11952K, reserved 1048576K
Event: 117.861 GC heap after
Heap after GC invocations=696 (full 4):
 PSYoungGen      total 314880K, used 2496K [0x00000000eab00000, 0x0000000100000000, 0x0000000100000000)
  eden space 308224K, 0% used [0x00000000eab00000,0x00000000eab00000,0x00000000fd800000)
  from space 6656K, 37% used [0x00000000ff980000,0x00000000ffbf0030,0x0000000100000000)
  to   space 20480K, 0% used [0x00000000fd800000,0x00000000fd800000,0x00000000fec00000)
 ParOldGen       total 325120K, used 104731K [0x00000000c0000000, 0x00000000d3d80000, 0x00000000eab00000)
  object space 325120K, 32% used [0x00000000c0000000,0x00000000c6646ef0,0x00000000d3d80000)
 Metaspace       used 79611K, capacity 80638K, committed 80808K, reserved 1118208K
  class space    used 11714K, capacity 11915K, committed 11952K, reserved 1048576K
}
Event: 118.026 GC heap before
{Heap before GC invocations=697 (full 4):
 PSYoungGen      total 314880K, used 310720K [0x00000000eab00000, 0x0000000100000000, 0x0000000100000000)
  eden space 308224K, 100% used [0x00000000eab00000,0x00000000fd800000,0x00000000fd800000)
  from space 6656K, 37% used [0x00000000ff980000,0x00000000ffbf0030,0x0000000100000000)
  to   space 20480K, 0% used [0x00000000fd800000,0x00000000fd800000,0x00000000fec00000)
 ParOldGen       total 325120K, used 104731K [0x00000000c0000000, 0x00000000d3d80000, 0x00000000eab00000)
  object space 325120K, 32% used [0x00000000c0000000,0x00000000c6646ef0,0x00000000d3d80000)
 Metaspace       used 79612K, capacity 80638K, committed 80808K, reserved 1118208K
  class space    used 11714K, capacity 11915K, committed 11952K, reserved 1048576K
Event: 118.027 GC heap after
Heap after GC invocations=697 (full 4):
 PSYoungGen      total 328704K, used 2426K [0x00000000eab00000, 0x0000000100000000, 0x0000000100000000)
  eden space 308224K, 0% used [0x00000000eab00000,0x00000000eab00000,0x00000000fd800000)
  from space 20480K, 11% used [0x00000000fd800000,0x00000000fda5e900,0x00000000fec00000)
  to   space 19968K, 0% used [0x00000000fec80000,0x00000000fec80000,0x0000000100000000)
 ParOldGen       total 325120K, used 106803K [0x00000000c0000000, 0x00000000d3d80000, 0x00000000eab00000)
  object space 325120K, 32% used [0x00000000c0000000,0x00000000c684cf10,0x00000000d3d80000)
 Metaspace       used 79612K, capacity 80638K, committed 80808K, reserved 1118208K
  class space    used 11714K, capacity 11915K, committed 11952K, reserved 1048576K
}
Event: 119.405 GC heap before
{Heap before GC invocations=698 (full 4):
 PSYoungGen      total 328704K, used 310650K [0x00000000eab00000, 0x0000000100000000, 0x0000000100000000)
  eden space 308224K, 100% used [0x00000000eab00000,0x00000000fd800000,0x00000000fd800000)
  from space 20480K, 11% used [0x00000000fd800000,0x00000000fda5e900,0x00000000fec00000)
  to   space 19968K, 0% used [0x00000000fec80000,0x00000000fec80000,0x0000000100000000)
 ParOldGen       total 325120K, used 106803K [0x00000000c0000000, 0x00000000d3d80000, 0x00000000eab00000)
  object space 325120K, 32% used [0x00000000c0000000,0x00000000c684cf10,0x00000000d3d80000)
 Metaspace       used 79617K, capacity 80638K, committed 80808K, reserved 1118208K
  class space    used 11714K, capacity 11915K, committed 11952K, reserved 1048576K
Event: 119.408 GC heap after
Heap after GC invocations=698 (full 4):
 PSYoungGen      total 327168K, used 480K [0x00000000eab00000, 0x00000000ffe80000, 0x0000000100000000)
  eden space 308736K, 0% used [0x00000000eab00000,0x00000000eab00000,0x00000000fd880000)
  from space 18432K, 2% used [0x00000000fec80000,0x00000000fecf8010,0x00000000ffe80000)
  to   space 19456K, 0% used [0x00000000fd880000,0x00000000fd880000,0x00000000feb80000)
 ParOldGen       total 325120K, used 108944K [0x00000000c0000000, 0x00000000d3d80000, 0x00000000eab00000)
  object space 325120K, 33% used [0x00000000c0000000,0x00000000c6a640f0,0x00000000d3d80000)
 Metaspace       used 79617K, capacity 80638K, committed 80808K, reserved 1118208K
  class space    used 11714K, capacity 11915K, committed 11952K, reserved 1048576K
}

Deoptimization events (10 events):
Event: 117.725 Thread 0x0000000020bbe800 Uncommon trap: reason=unstable_if action=reinterpret pc=0x00000000043673e0 method=java.lang.Character.isHighSurrogate(C)Z @ 9
Event: 119.447 Thread 0x000000001a885000 Uncommon trap: reason=class_check action=maybe_recompile pc=0x00000000035cb584 method=org.apache.spark.InterruptibleIterator.next()Ljava/lang/Object; @ 4
Event: 119.457 Thread 0x000000001a885000 Uncommon trap: reason=class_check action=maybe_recompile pc=0x0000000003bd4000 method=org.apache.spark.sql.catalyst.expressions.JoinedRow.isNullAt(I)Z @ 5
Event: 119.457 Thread 0x000000001a885000 Uncommon trap: reason=class_check action=maybe_recompile pc=0x00000000038c0800 method=org.apache.spark.sql.catalyst.expressions.JoinedRow.getUTF8String(I)Lorg/apache/spark/unsafe/types/UTF8String; @ 5
Event: 119.457 Thread 0x000000001a885000 Uncommon trap: reason=class_check action=maybe_recompile pc=0x0000000003bd4000 method=org.apache.spark.sql.catalyst.expressions.JoinedRow.isNullAt(I)Z @ 5
Event: 119.457 Thread 0x000000001a885000 Uncommon trap: reason=class_check action=maybe_recompile pc=0x00000000038c0800 method=org.apache.spark.sql.catalyst.expressions.JoinedRow.getUTF8String(I)Lorg/apache/spark/unsafe/types/UTF8String; @ 5
Event: 119.457 Thread 0x000000001a885000 Uncommon trap: reason=class_check action=maybe_recompile pc=0x0000000003bd4000 method=org.apache.spark.sql.catalyst.expressions.JoinedRow.isNullAt(I)Z @ 5
Event: 119.457 Thread 0x000000001a885000 Uncommon trap: reason=class_check action=maybe_recompile pc=0x00000000038c0800 method=org.apache.spark.sql.catalyst.expressions.JoinedRow.getUTF8String(I)Lorg/apache/spark/unsafe/types/UTF8String; @ 5
Event: 119.457 Thread 0x000000001a885000 Uncommon trap: reason=class_check action=maybe_recompile pc=0x0000000003bd4000 method=org.apache.spark.sql.catalyst.expressions.JoinedRow.isNullAt(I)Z @ 5
Event: 119.457 Thread 0x000000001a885000 Uncommon trap: reason=class_check action=maybe_recompile pc=0x00000000038c0800 method=org.apache.spark.sql.catalyst.expressions.JoinedRow.getUTF8String(I)Lorg/apache/spark/unsafe/types/UTF8String; @ 5

Classes redefined (0 events):
No events

Internal exceptions (10 events):
Event: 90.115 Thread 0x000000001a87a800 Exception <a 'java/lang/NoSuchMethodError': <clinit>> (0x00000000f7fa30d8) thrown at [C:\ade\jenkins\workspace\8-2-build-windows-amd64-cygwin\jdk8u241\331\hotspot\src\share\vm\prims\jni.cpp, line 1614]
Event: 98.919 Thread 0x000000001a885000 Implicit null exception at 0x0000000002af0052 to 0x0000000002af01d5
Event: 105.968 Thread 0x000000001a87a800 Exception <a 'java/lang/NoSuchMethodError': <clinit>> (0x00000000f9ce5900) thrown at [C:\ade\jenkins\workspace\8-2-build-windows-amd64-cygwin\jdk8u241\331\hotspot\src\share\vm\prims\jni.cpp, line 1614]
Event: 105.968 Thread 0x000000001a87a800 Exception <a 'java/lang/NoSuchMethodError': <clinit>> (0x00000000f9cf0258) thrown at [C:\ade\jenkins\workspace\8-2-build-windows-amd64-cygwin\jdk8u241\331\hotspot\src\share\vm\prims\jni.cpp, line 1614]
Event: 105.969 Thread 0x000000001a87a800 Exception <a 'java/lang/NoSuchMethodError': <clinit>> (0x00000000f9d1e918) thrown at [C:\ade\jenkins\workspace\8-2-build-windows-amd64-cygwin\jdk8u241\331\hotspot\src\share\vm\prims\jni.cpp, line 1614]
Event: 105.971 Thread 0x000000001a87a800 Exception <a 'java/lang/NoSuchMethodError': <clinit>> (0x00000000f9d5a980) thrown at [C:\ade\jenkins\workspace\8-2-build-windows-amd64-cygwin\jdk8u241\331\hotspot\src\share\vm\prims\jni.cpp, line 1614]
Event: 105.972 Thread 0x000000001a87a800 Exception <a 'java/lang/NoSuchMethodError': <clinit>> (0x00000000f9db5500) thrown at [C:\ade\jenkins\workspace\8-2-build-windows-amd64-cygwin\jdk8u241\331\hotspot\src\share\vm\prims\jni.cpp, line 1614]
Event: 105.972 Thread 0x000000001a87a800 Exception <a 'java/lang/NoSuchMethodError': <clinit>> (0x00000000f9dd48c8) thrown at [C:\ade\jenkins\workspace\8-2-build-windows-amd64-cygwin\jdk8u241\331\hotspot\src\share\vm\prims\jni.cpp, line 1614]
Event: 105.973 Thread 0x000000001a87a800 Exception <a 'java/lang/NoSuchMethodError': <clinit>> (0x00000000f9dec958) thrown at [C:\ade\jenkins\workspace\8-2-build-windows-amd64-cygwin\jdk8u241\331\hotspot\src\share\vm\prims\jni.cpp, line 1614]
Event: 105.973 Thread 0x000000001a87a800 Exception <a 'java/lang/NoSuchMethodError': <clinit>> (0x00000000f9f32968) thrown at [C:\ade\jenkins\workspace\8-2-build-windows-amd64-cygwin\jdk8u241\331\hotspot\src\share\vm\prims\jni.cpp, line 1614]

Events (10 events):
Event: 119.457 Thread 0x000000001a885000 DEOPT UNPACKING pc=0x00000000023c583b sp=0x000000002631df40 mode 2
Event: 119.457 Thread 0x000000001a885000 Uncommon trap: trap_request=0xffffffde fr.pc=0x00000000038c0800
Event: 119.457 Thread 0x000000001a885000 DEOPT PACKING pc=0x00000000038c0800 sp=0x000000002631dfa0
Event: 119.457 Thread 0x000000001a885000 DEOPT UNPACKING pc=0x00000000023c583b sp=0x000000002631df40 mode 2
Event: 119.457 Thread 0x000000001a885000 Uncommon trap: trap_request=0xffffffde fr.pc=0x0000000003bd4000
Event: 119.457 Thread 0x000000001a885000 DEOPT PACKING pc=0x0000000003bd4000 sp=0x000000002631dfa0
Event: 119.457 Thread 0x000000001a885000 DEOPT UNPACKING pc=0x00000000023c583b sp=0x000000002631df40 mode 2
Event: 119.457 Thread 0x000000001a885000 Uncommon trap: trap_request=0xffffffde fr.pc=0x00000000038c0800
Event: 119.457 Thread 0x000000001a885000 DEOPT PACKING pc=0x00000000038c0800 sp=0x000000002631dfa0
Event: 119.457 Thread 0x000000001a885000 DEOPT UNPACKING pc=0x00000000023c583b sp=0x000000002631df40 mode 2


Dynamic libraries:
0x00007ff7ef700000 - 0x00007ff7ef737000 	C:\Program Files\Java\jre1.8.0_241\bin\java.exe
0x00007ff830f80000 - 0x00007ff831170000 	C:\WINDOWS\SYSTEM32\ntdll.dll
0x00007fffe5fa0000 - 0x00007fffe5fb3000 	C:\Program Files\AVAST Software\Avast\aswhook.dll
0x00007ff830180000 - 0x00007ff830232000 	C:\WINDOWS\System32\KERNEL32.DLL
0x00007ff82e2a0000 - 0x00007ff82e544000 	C:\WINDOWS\System32\KERNELBASE.dll
0x00007ff82f030000 - 0x00007ff82f0d3000 	C:\WINDOWS\System32\ADVAPI32.dll
0x00007ff82fb30000 - 0x00007ff82fbce000 	C:\WINDOWS\System32\msvcrt.dll
0x00007ff82f2d0000 - 0x00007ff82f367000 	C:\WINDOWS\System32\sechost.dll
0x00007ff82f5a0000 - 0x00007ff82f6c0000 	C:\WINDOWS\System32\RPCRT4.dll
0x00007ff830c10000 - 0x00007ff830da4000 	C:\WINDOWS\System32\USER32.dll
0x00007ff82e070000 - 0x00007ff82e091000 	C:\WINDOWS\System32\win32u.dll
0x00007ff82fc50000 - 0x00007ff82fc76000 	C:\WINDOWS\System32\GDI32.dll
0x00007ff82ed80000 - 0x00007ff82ef14000 	C:\WINDOWS\System32\gdi32full.dll
0x00007ff82ef20000 - 0x00007ff82efbe000 	C:\WINDOWS\System32\msvcp_win.dll
0x00007ff82df70000 - 0x00007ff82e06a000 	C:\WINDOWS\System32\ucrtbase.dll
0x00007ff82d350000 - 0x00007ff82d5d4000 	C:\WINDOWS\WinSxS\amd64_microsoft.windows.common-controls_6595b64144ccf1df_6.0.18362.815_none_e6c3b941130ffef4\COMCTL32.dll
0x00007ff82fc80000 - 0x00007ff82ffb6000 	C:\WINDOWS\System32\combase.dll
0x00007ff82ecd0000 - 0x00007ff82ed50000 	C:\WINDOWS\System32\bcryptPrimitives.dll
0x00007ff830f10000 - 0x00007ff830f3e000 	C:\WINDOWS\System32\IMM32.DLL
0x00000000721e0000 - 0x00000000722b2000 	C:\Program Files\Java\jre1.8.0_241\bin\msvcr100.dll
0x0000000071930000 - 0x00000000721dc000 	C:\Program Files\Java\jre1.8.0_241\bin\server\jvm.dll
0x00007ff830240000 - 0x00007ff830248000 	C:\WINDOWS\System32\PSAPI.DLL
0x00007ff81c9e0000 - 0x00007ff81c9e9000 	C:\WINDOWS\SYSTEM32\WSOCK32.dll
0x00007ff830040000 - 0x00007ff8300af000 	C:\WINDOWS\System32\WS2_32.dll
0x00007ff829c00000 - 0x00007ff829c24000 	C:\WINDOWS\SYSTEM32\WINMM.dll
0x00007ff828a90000 - 0x00007ff828a9a000 	C:\WINDOWS\SYSTEM32\VERSION.dll
0x00007ff829bd0000 - 0x00007ff829bfd000 	C:\WINDOWS\SYSTEM32\WINMMBASE.dll
0x00007ff82efe0000 - 0x00007ff82f02a000 	C:\WINDOWS\System32\cfgmgr32.dll
0x00007fffccc60000 - 0x00007fffccc6f000 	C:\Program Files\Java\jre1.8.0_241\bin\verify.dll
0x00007fffccc30000 - 0x00007fffccc59000 	C:\Program Files\Java\jre1.8.0_241\bin\java.dll
0x00007fffccc10000 - 0x00007fffccc26000 	C:\Program Files\Java\jre1.8.0_241\bin\zip.dll
0x00007ff830400000 - 0x00007ff830ae4000 	C:\WINDOWS\System32\SHELL32.dll
0x00007ff830af0000 - 0x00007ff830b99000 	C:\WINDOWS\System32\shcore.dll
0x00007ff82e550000 - 0x00007ff82eccd000 	C:\WINDOWS\System32\windows.storage.dll
0x00007ff82de70000 - 0x00007ff82de93000 	C:\WINDOWS\System32\profapi.dll
0x00007ff82dec0000 - 0x00007ff82df0a000 	C:\WINDOWS\System32\powrprof.dll
0x00007ff82de40000 - 0x00007ff82de50000 	C:\WINDOWS\System32\UMPDC.dll
0x00007ff8300b0000 - 0x00007ff830102000 	C:\WINDOWS\System32\shlwapi.dll
0x00007ff82de50000 - 0x00007ff82de61000 	C:\WINDOWS\System32\kernel.appcore.dll
0x00007ff82efc0000 - 0x00007ff82efd7000 	C:\WINDOWS\System32\cryptsp.dll
0x00007fffccbf0000 - 0x00007fffccc0a000 	C:\Program Files\Java\jre1.8.0_241\bin\net.dll
0x00007ff82d030000 - 0x00007ff82d097000 	C:\WINDOWS\system32\mswsock.dll
0x00007ff809b20000 - 0x00007ff809b36000 	C:\WINDOWS\system32\napinsp.dll
0x00007ff8082f0000 - 0x00007ff80830a000 	C:\WINDOWS\system32\pnrpnsp.dll
0x00007ff82cd80000 - 0x00007ff82ce4b000 	C:\WINDOWS\SYSTEM32\DNSAPI.dll
0x00007ff8303f0000 - 0x00007ff8303f8000 	C:\WINDOWS\System32\NSI.dll
0x00007ff82cd40000 - 0x00007ff82cd7a000 	C:\WINDOWS\SYSTEM32\IPHLPAPI.DLL
0x00007ff809b10000 - 0x00007ff809b1e000 	C:\WINDOWS\System32\winrnr.dll
0x00007ff829a70000 - 0x00007ff829a8c000 	C:\WINDOWS\system32\NLAapi.dll
0x00007ff8079d0000 - 0x00007ff8079e5000 	C:\WINDOWS\system32\wshbth.dll
0x00007ff821500000 - 0x00007ff82150a000 	C:\Windows\System32\rasadhlp.dll
0x00007ff8215a0000 - 0x00007ff821617000 	C:\WINDOWS\System32\fwpuclnt.dll
0x00007ff82ed50000 - 0x00007ff82ed76000 	C:\WINDOWS\System32\bcrypt.dll
0x00007ff82cba0000 - 0x00007ff82cbd3000 	C:\WINDOWS\system32\rsaenh.dll
0x00007ff82dd60000 - 0x00007ff82dd85000 	C:\WINDOWS\SYSTEM32\USERENV.dll
0x00007ff82d200000 - 0x00007ff82d20c000 	C:\WINDOWS\SYSTEM32\CRYPTBASE.dll
0x00007ff821530000 - 0x00007ff821546000 	C:\WINDOWS\SYSTEM32\dhcpcsvc6.DLL
0x00007ff821510000 - 0x00007ff82152c000 	C:\WINDOWS\SYSTEM32\dhcpcsvc.DLL
0x00007fffc4f90000 - 0x00007fffc4fa2000 	C:\Program Files\Java\jre1.8.0_241\bin\nio.dll
0x00007fffc4f80000 - 0x00007fffc4f8d000 	C:\Program Files\Java\jre1.8.0_241\bin\management.dll
0x00007fffc4f70000 - 0x00007fffc4f79000 	C:\Program Files\Java\jre1.8.0_241\bin\w2k_lsa_auth.dll
0x00007ff81ba70000 - 0x00007ff81ba7c000 	C:\WINDOWS\SYSTEM32\Secur32.dll
0x00007ff82dd30000 - 0x00007ff82dd5f000 	C:\WINDOWS\SYSTEM32\SSPICLI.DLL
0x00007fffc4f60000 - 0x00007fffc4f68000 	C:\Program Files\Java\jre1.8.0_241\bin\jaas_nt.dll
0x0000000066f40000 - 0x0000000066f6d000 	C:\Users\Andreas\AppData\Local\Temp\liblz4-java2540339753624843061.so
0x00007ff82d960000 - 0x00007ff82db54000 	C:\WINDOWS\SYSTEM32\dbghelp.dll

VM Arguments:
jvm_args: -Xmx1g 
java_command: org.apache.spark.deploy.SparkSubmit --conf spark.app.name=Spark Lab1 pyspark-shell
java_class_path (initial): C:\spark\spark-2.4.5-bin-hadoop2.7\bin\..\conf\;C:\spark\spark-2.4.5-bin-hadoop2.7\jars\activation-1.1.1.jar;C:\spark\spark-2.4.5-bin-hadoop2.7\jars\aircompressor-0.10.jar;C:\spark\spark-2.4.5-bin-hadoop2.7\jars\antlr-2.7.7.jar;C:\spark\spark-2.4.5-bin-hadoop2.7\jars\antlr-runtime-3.4.jar;C:\spark\spark-2.4.5-bin-hadoop2.7\jars\antlr4-runtime-4.7.jar;C:\spark\spark-2.4.5-bin-hadoop2.7\jars\aopalliance-1.0.jar;C:\spark\spark-2.4.5-bin-hadoop2.7\jars\aopalliance-repackaged-2.4.0-b34.jar;C:\spark\spark-2.4.5-bin-hadoop2.7\jars\apache-log4j-extras-1.2.17.jar;C:\spark\spark-2.4.5-bin-hadoop2.7\jars\apacheds-i18n-2.0.0-M15.jar;C:\spark\spark-2.4.5-bin-hadoop2.7\jars\apacheds-kerberos-codec-2.0.0-M15.jar;C:\spark\spark-2.4.5-bin-hadoop2.7\jars\api-asn1-api-1.0.0-M20.jar;C:\spark\spark-2.4.5-bin-hadoop2.7\jars\api-util-1.0.0-M20.jar;C:\spark\spark-2.4.5-bin-hadoop2.7\jars\arpack_combined_all-0.1.jar;C:\spark\spark-2.4.5-bin-hadoop2.7\jars\arrow-format-0.10.0.jar;C:\spark\spark-2.4.5-bin-hadoop2.7\jars\arrow-memory-0.10.0.jar;C:\spark\spark-2.4.5-bin-hadoop2.7\jars\arrow-vector-0.10.0.jar;C:\spark\spark-2.4.5-bin-hadoop2.7\jars\automaton-1.11-8.jar;C:\spark\spark-2.4.5-bin-hadoop2.7\jars\avro-1.8.2.jar;C:\spark\spark-2.4.5-bin-hadoop2.7\jars\avro-ipc-1.8.2.jar;C:\spark\spark-2.4.5-bin-hadoop2.7\jars\avro-mapred-1.8.2-hadoop2.jar;C:\spark\spark-2.4.5-bin-hadoop2.7\jars\bonecp-0.8.0.RELEASE.jar;C:\spark\spark-2.4.5-bin-hadoop2.7\jars\breeze-macros_2.11-0.13.2.jar;C:\spark\spark-2.4.5-bin-hadoop2.7\jars\breeze_2.11-0.13.2.jar;C:\spark\spark-2.4.5-bin-hadoop2.7\jars\calcite-avatica-1.2.0-incubating.jar;C:\spark\spark-2.4.5-bin-hadoop2.7\jars\calcite-core-1.2.0-incubating.jar;C:\spark\spark-2.4.5-bin-hadoop2.7\jars\calcite-linq4j-1.2.0-incubating.jar;C:\spark\spark-2.4.5-bin-hadoop2.7\jars\chill-java-0.9.3.jar;C:\spark\spark-2.4.5-bin-hadoop2.7\jars\chill_2.11-0.9.3.jar;C:\spark\spark-2.4.5-bin-hadoop2.7\jars\commons-beanutils-1.9.4.jar;C:\spark\spark
Launcher Type: SUN_STANDARD

Environment Variables:
JAVA_HOME=C:\Program Files\Java\jre1.8.0_241
USERNAME=Andreas
OS=Windows_NT
PROCESSOR_IDENTIFIER=Intel64 Family 6 Model 158 Stepping 10, GenuineIntel



---------------  S Y S T E M  ---------------

OS: Windows 10.0 , 64 bit Build 18362 (10.0.18362.778)

CPU:total 12 (initial active 12) (6 cores per cpu, 2 threads per core) family 6 model 158 stepping 10, cmov, cx8, fxsr, mmx, sse, sse2, sse3, ssse3, sse4.1, sse4.2, popcnt, avx, avx2, aes, clmul, erms, rtm, 3dnowpref, lzcnt, ht, tsc, tscinvbit, bmi1, bmi2, adx

Memory: 4k page, physical 33420332k(24461052k free), swap 38401068k(27379232k free)

vm_info: Java HotSpot(TM) 64-Bit Server VM (25.241-b07) for windows-amd64 JRE (1.8.0_241-b07), built on Dec 11 2019 10:21:40 by "rejava" with MS VC++ 10.0 (VS2010)

time: Thu May 07 11:23:15 2020
timezone: Vsteuropa, sommartid
elapsed time: 119 seconds (0d 0h 1m 59s)

