#
# A fatal error has been detected by the Java Runtime Environment:
#
#  EXCEPTION_ACCESS_VIOLATION (0xc0000005) at pc=0x000000000438fbd8, pid=19556, tid=0x0000000000001d5c
#
# JRE version: Java(TM) SE Runtime Environment (8.0_241-b07) (build 1.8.0_241-b07)
# Java VM: Java HotSpot(TM) 64-Bit Server VM (25.241-b07 mixed mode windows-amd64 compressed oops)
# Problematic frame:
# J 12518 C2 org.apache.spark.sql.catalyst.expressions.GeneratedClass$GeneratedIteratorForCodegenStage2.processNext()V (132 bytes) @ 0x000000000438fbd8 [0x000000000438fb00+0xd8]
#
# Failed to write core dump. Minidumps are not enabled by default on client versions of Windows
#
# If you would like to submit a bug report, please visit:
#   http://bugreport.java.com/bugreport/crash.jsp
#

---------------  T H R E A D  ---------------

Current thread (0x000000002434b000):  JavaThread "stdout writer for C:\Users\Andreas\AppData\Local\Programs\Python\Python37\python.exe" daemon [_thread_in_Java, id=7516, stack(0x0000000028b40000,0x0000000028c40000)]

siginfo: ExceptionCode=0xc0000005, reading address 0x00000000000ab0d4

Registers:
RAX=0x00000000000ab0dc, RBX=0x00000000000001a4, RCX=0x00000000c525f258, RDX=0x00000000c5210388
RSP=0x0000000028c3e880, RBP=0x00000000c5260a38, RSI=0x00000000000ab0d4, RDI=0x0000000011fe0000
R8 =0x00000000006292f9, R9 =0x00000000c35f48d0, R10=0x00000000c525f290, R11=0x00000000000ab0d4
R12=0x0000000000000000, R13=0x0000000000000000, R14=0x000000000000000a, R15=0x000000002434b000
RIP=0x000000000438fbd8, EFLAGS=0x0000000000010206

Top of Stack: (sp=0x0000000028c3e880)
0x0000000028c3e880:   00000000f23586a0 00000000f23586a0
0x0000000028c3e890:   00000000c5210388 00000000f2358778
0x0000000028c3e8a0:   00000002f2358680 00000000c2fbc7d0
0x0000000028c3e8b0:   00000000c5210580 00000000046c8c38
0x0000000028c3e8c0:   00000000c5210388 00000000f2358068
0x0000000028c3e8d0:   00000000c5210580 00000000c2fbc830
0x0000000028c3e8e0:   00000000f2358568 00000000f2358600
0x0000000028c3e8f0:   0000000000000000 00000000052cc990
0x0000000028c3e900:   00000000c2fbd8f0 00000000c2fbc830
0x0000000028c3e910:   00000000c5210608 0000000003ee2bc4
0x0000000028c3e920:   0000000000000000 00000000039cfd57
0x0000000028c3e930:   00000000c5210608 0000000003ee2bc4
0x0000000028c3e940:   00000000f1f0dfe0 0000615200000000
0x0000000028c3e950:   00000000c5210608 0000000003ee2bc4
0x0000000028c3e960:   00000000c5210388 00000001007e1c00
0x0000000028c3e970:   00000000c5210608 000000000521a714 

Instructions: (pc=0x000000000438fbd8)
0x000000000438fbb8:   fe 11 46 88 24 1f 44 8b 5d 0c 45 89 5a 30 48 8b
0x000000000438fbc8:   c6 48 83 c0 08 49 c1 e8 09 46 88 24 07 4c 03 de
0x000000000438fbd8:   41 8b 13 45 8b 43 04 45 89 42 24 49 89 42 10 41
0x000000000438fbe8:   2b d0 ff 49 18 44 8b 59 20 83 c3 0c 49 63 c0 48 


Register to memory mapping:

RAX=0x00000000000ab0dc is an unknown value
RBX=0x00000000000001a4 is an unknown value
RCX=0x00000000c525f258 is an oop
org.apache.spark.unsafe.map.BytesToBytesMap$MapIterator 
 - klass: 'org/apache/spark/unsafe/map/BytesToBytesMap$MapIterator'
RDX=0x00000000c5210388 is an oop
org.apache.spark.sql.catalyst.expressions.GeneratedClass$GeneratedIteratorForCodegenStage2 
 - klass: 'org/apache/spark/sql/catalyst/expressions/GeneratedClass$GeneratedIteratorForCodegenStage2'
RSP=0x0000000028c3e880 is pointing into the stack for thread: 0x000000002434b000
RBP=0x00000000c5260a38 is an oop
org.apache.spark.unsafe.memory.MemoryBlock 
 - klass: 'org/apache/spark/unsafe/memory/MemoryBlock'
RSI=0x00000000000ab0d4 is an unknown value
RDI=0x0000000011fe0000 is an unknown value
R8 =0x00000000006292f9 is an unknown value
R9 =0x00000000c35f48d0 is an oop
org.apache.spark.sql.execution.UnsafeFixedWidthAggregationMap$1 
 - klass: 'org/apache/spark/sql/execution/UnsafeFixedWidthAggregationMap$1'
R10=0x00000000c525f290 is an oop
org.apache.spark.unsafe.map.BytesToBytesMap$Location 
 - klass: 'org/apache/spark/unsafe/map/BytesToBytesMap$Location'
R11=0x00000000000ab0d4 is an unknown value
R12=0x0000000000000000 is an unknown value
R13=0x0000000000000000 is an unknown value
R14=0x000000000000000a is an unknown value
R15=0x000000002434b000 is a thread


Stack: [0x0000000028b40000,0x0000000028c40000],  sp=0x0000000028c3e880,  free space=1018k
Native frames: (J=compiled Java code, j=interpreted, Vv=VM code, C=native code)
C  0x000000000438fbd8


---------------  P R O C E S S  ---------------

Java Threads: ( => current thread )
  0x0000000021411800 JavaThread "block-manager-ask-thread-pool-83" daemon [_thread_blocked, id=18204, stack(0x00000000326c0000,0x00000000327c0000)]
  0x0000000021410800 JavaThread "block-manager-slave-async-thread-pool-89" daemon [_thread_blocked, id=10000, stack(0x00000000325c0000,0x00000000326c0000)]
  0x0000000021410000 JavaThread "block-manager-slave-async-thread-pool-88" daemon [_thread_blocked, id=4500, stack(0x00000000324c0000,0x00000000325c0000)]
  0x0000000021403800 JavaThread "block-manager-ask-thread-pool-82" daemon [_thread_blocked, id=17760, stack(0x00000000323c0000,0x00000000324c0000)]
  0x000000002140a800 JavaThread "block-manager-slave-async-thread-pool-87" daemon [_thread_blocked, id=19248, stack(0x00000000322c0000,0x00000000323c0000)]
  0x0000000021405000 JavaThread "block-manager-slave-async-thread-pool-86" daemon [_thread_blocked, id=5172, stack(0x00000000321c0000,0x00000000322c0000)]
  0x0000000021409800 JavaThread "block-manager-ask-thread-pool-81" daemon [_thread_blocked, id=13272, stack(0x00000000320c0000,0x00000000321c0000)]
  0x0000000021408000 JavaThread "block-manager-slave-async-thread-pool-85" daemon [_thread_blocked, id=15056, stack(0x0000000031fc0000,0x00000000320c0000)]
  0x0000000021404800 JavaThread "block-manager-slave-async-thread-pool-84" daemon [_thread_blocked, id=20144, stack(0x0000000031ec0000,0x0000000031fc0000)]
  0x0000000021406800 JavaThread "block-manager-ask-thread-pool-80" daemon [_thread_blocked, id=19944, stack(0x0000000031dc0000,0x0000000031ec0000)]
  0x0000000021407800 JavaThread "block-manager-slave-async-thread-pool-83" daemon [_thread_blocked, id=17328, stack(0x0000000031cc0000,0x0000000031dc0000)]
  0x0000000021409000 JavaThread "block-manager-slave-async-thread-pool-82" daemon [_thread_blocked, id=20132, stack(0x0000000031bc0000,0x0000000031cc0000)]
  0x0000000021406000 JavaThread "block-manager-ask-thread-pool-79" daemon [_thread_blocked, id=4216, stack(0x0000000031ac0000,0x0000000031bc0000)]
  0x00000000213fc000 JavaThread "block-manager-slave-async-thread-pool-81" daemon [_thread_blocked, id=10344, stack(0x00000000319c0000,0x0000000031ac0000)]
  0x0000000021403000 JavaThread "block-manager-slave-async-thread-pool-80" daemon [_thread_blocked, id=15468, stack(0x00000000318c0000,0x00000000319c0000)]
  0x00000000213fb800 JavaThread "block-manager-ask-thread-pool-78" daemon [_thread_blocked, id=3772, stack(0x00000000317c0000,0x00000000318c0000)]
  0x0000000021402000 JavaThread "block-manager-slave-async-thread-pool-79" daemon [_thread_blocked, id=6352, stack(0x00000000316c0000,0x00000000317c0000)]
  0x00000000213fd000 JavaThread "block-manager-ask-thread-pool-77" daemon [_thread_blocked, id=14512, stack(0x00000000315c0000,0x00000000316c0000)]
  0x00000000213fa800 JavaThread "block-manager-slave-async-thread-pool-78" daemon [_thread_blocked, id=19448, stack(0x00000000314c0000,0x00000000315c0000)]
  0x0000000021401800 JavaThread "block-manager-slave-async-thread-pool-77" daemon [_thread_blocked, id=10044, stack(0x00000000313c0000,0x00000000314c0000)]
  0x0000000021400800 JavaThread "block-manager-ask-thread-pool-76" daemon [_thread_blocked, id=5812, stack(0x00000000312c0000,0x00000000313c0000)]
  0x0000000021400000 JavaThread "block-manager-slave-async-thread-pool-76" daemon [_thread_blocked, id=16144, stack(0x00000000311c0000,0x00000000312c0000)]
  0x00000000213f8800 JavaThread "block-manager-ask-thread-pool-75" daemon [_thread_blocked, id=6208, stack(0x00000000310c0000,0x00000000311c0000)]
  0x00000000213ff000 JavaThread "block-manager-ask-thread-pool-74" daemon [_thread_blocked, id=17992, stack(0x0000000030fc0000,0x00000000310c0000)]
  0x00000000213f9000 JavaThread "block-manager-slave-async-thread-pool-75" daemon [_thread_blocked, id=5816, stack(0x0000000030ec0000,0x0000000030fc0000)]
  0x00000000213fa000 JavaThread "block-manager-slave-async-thread-pool-74" daemon [_thread_blocked, id=3432, stack(0x0000000030dc0000,0x0000000030ec0000)]
  0x00000000213fd800 JavaThread "block-manager-slave-async-thread-pool-73" daemon [_thread_blocked, id=2440, stack(0x0000000030cc0000,0x0000000030dc0000)]
  0x00000000213f7800 JavaThread "block-manager-ask-thread-pool-73" daemon [_thread_blocked, id=18224, stack(0x0000000030bc0000,0x0000000030cc0000)]
  0x00000000213fe800 JavaThread "block-manager-slave-async-thread-pool-72" daemon [_thread_blocked, id=15204, stack(0x0000000030ac0000,0x0000000030bc0000)]
  0x0000000019657800 JavaThread "block-manager-ask-thread-pool-72" daemon [_thread_blocked, id=15668, stack(0x00000000309c0000,0x0000000030ac0000)]
  0x0000000019656800 JavaThread "block-manager-ask-thread-pool-71" daemon [_thread_blocked, id=19656, stack(0x00000000308c0000,0x00000000309c0000)]
  0x0000000019656000 JavaThread "block-manager-ask-thread-pool-70" daemon [_thread_blocked, id=18444, stack(0x00000000307c0000,0x00000000308c0000)]
  0x0000000019655000 JavaThread "block-manager-slave-async-thread-pool-71" daemon [_thread_blocked, id=16780, stack(0x00000000306c0000,0x00000000307c0000)]
  0x0000000019654800 JavaThread "block-manager-slave-async-thread-pool-70" daemon [_thread_blocked, id=16760, stack(0x00000000305c0000,0x00000000306c0000)]
  0x0000000019659000 JavaThread "block-manager-slave-async-thread-pool-69" daemon [_thread_blocked, id=21168, stack(0x00000000304c0000,0x00000000305c0000)]
  0x0000000019658000 JavaThread "block-manager-ask-thread-pool-69" daemon [_thread_blocked, id=12312, stack(0x00000000303c0000,0x00000000304c0000)]
  0x0000000019659800 JavaThread "block-manager-slave-async-thread-pool-68" daemon [_thread_blocked, id=9400, stack(0x00000000302c0000,0x00000000303c0000)]
  0x000000001964c800 JavaThread "block-manager-ask-thread-pool-68" daemon [_thread_blocked, id=14920, stack(0x00000000301c0000,0x00000000302c0000)]
  0x0000000019653800 JavaThread "block-manager-ask-thread-pool-67" daemon [_thread_blocked, id=9480, stack(0x00000000300c0000,0x00000000301c0000)]
  0x000000001964c000 JavaThread "block-manager-ask-thread-pool-66" daemon [_thread_blocked, id=3556, stack(0x000000002ffc0000,0x00000000300c0000)]
  0x0000000019653000 JavaThread "block-manager-slave-async-thread-pool-67" daemon [_thread_blocked, id=12556, stack(0x000000002fec0000,0x000000002ffc0000)]
  0x0000000019652000 JavaThread "block-manager-slave-async-thread-pool-66" daemon [_thread_blocked, id=19092, stack(0x000000002fdc0000,0x000000002fec0000)]
  0x000000001964a800 JavaThread "block-manager-slave-async-thread-pool-65" daemon [_thread_blocked, id=14764, stack(0x000000002fcc0000,0x000000002fdc0000)]
  0x000000001964f000 JavaThread "block-manager-ask-thread-pool-65" daemon [_thread_blocked, id=8144, stack(0x000000002fbc0000,0x000000002fcc0000)]
  0x0000000019651800 JavaThread "block-manager-ask-thread-pool-64" daemon [_thread_blocked, id=14344, stack(0x000000002fac0000,0x000000002fbc0000)]
  0x000000001964b000 JavaThread "block-manager-ask-thread-pool-63" daemon [_thread_blocked, id=6384, stack(0x000000002f9c0000,0x000000002fac0000)]
  0x0000000019650800 JavaThread "block-manager-slave-async-thread-pool-64" daemon [_thread_blocked, id=10020, stack(0x000000002f8c0000,0x000000002f9c0000)]
  0x000000001964f800 JavaThread "block-manager-slave-async-thread-pool-63" daemon [_thread_blocked, id=5216, stack(0x000000002f7c0000,0x000000002f8c0000)]
  0x000000001964e000 JavaThread "block-manager-ask-thread-pool-62" daemon [_thread_blocked, id=8396, stack(0x000000002f6c0000,0x000000002f7c0000)]
  0x000000001964d800 JavaThread "block-manager-slave-async-thread-pool-62" daemon [_thread_blocked, id=2196, stack(0x000000002f5c0000,0x000000002f6c0000)]
  0x000000001b9ff000 JavaThread "block-manager-slave-async-thread-pool-61" daemon [_thread_blocked, id=5876, stack(0x000000002f4c0000,0x000000002f5c0000)]
  0x000000001b9fc800 JavaThread "block-manager-ask-thread-pool-61" daemon [_thread_blocked, id=11100, stack(0x000000002f3c0000,0x000000002f4c0000)]
  0x000000001b9fc000 JavaThread "block-manager-ask-thread-pool-60" daemon [_thread_blocked, id=8996, stack(0x000000002f2c0000,0x000000002f3c0000)]
  0x000000001b9fb000 JavaThread "block-manager-ask-thread-pool-59" daemon [_thread_blocked, id=19828, stack(0x000000002f1c0000,0x000000002f2c0000)]
  0x000000001ba01800 JavaThread "block-manager-slave-async-thread-pool-60" daemon [_thread_blocked, id=13908, stack(0x000000002f0c0000,0x000000002f1c0000)]
  0x000000001b9fe000 JavaThread "block-manager-slave-async-thread-pool-59" daemon [_thread_blocked, id=15476, stack(0x000000002efc0000,0x000000002f0c0000)]
  0x000000001ba02000 JavaThread "block-manager-slave-async-thread-pool-58" daemon [_thread_blocked, id=20368, stack(0x000000002eec0000,0x000000002efc0000)]
  0x000000001ba00800 JavaThread "block-manager-ask-thread-pool-58" daemon [_thread_blocked, id=1644, stack(0x000000002edc0000,0x000000002eec0000)]
  0x000000001ba00000 JavaThread "block-manager-ask-thread-pool-57" daemon [_thread_blocked, id=18452, stack(0x000000002ecc0000,0x000000002edc0000)]
  0x000000001b9fd800 JavaThread "block-manager-ask-thread-pool-56" daemon [_thread_blocked, id=2216, stack(0x000000002ebc0000,0x000000002ecc0000)]
  0x000000001b9f3800 JavaThread "block-manager-slave-async-thread-pool-57" daemon [_thread_blocked, id=16588, stack(0x000000002eac0000,0x000000002ebc0000)]
  0x000000001b9f6000 JavaThread "block-manager-slave-async-thread-pool-56" daemon [_thread_blocked, id=4644, stack(0x000000002e9c0000,0x000000002eac0000)]
  0x000000001b9fa800 JavaThread "block-manager-slave-async-thread-pool-55" daemon [_thread_blocked, id=19980, stack(0x000000002e8c0000,0x000000002e9c0000)]
  0x000000001b9f3000 JavaThread "block-manager-ask-thread-pool-55" daemon [_thread_blocked, id=14720, stack(0x000000002e7c0000,0x000000002e8c0000)]
  0x000000001b9f9000 JavaThread "block-manager-ask-thread-pool-54" daemon [_thread_blocked, id=10420, stack(0x000000002e6c0000,0x000000002e7c0000)]
  0x000000001b9f8000 JavaThread "block-manager-ask-thread-pool-53" daemon [_thread_blocked, id=11572, stack(0x000000002e5c0000,0x000000002e6c0000)]
  0x000000001b9f5000 JavaThread "block-manager-slave-async-thread-pool-54" daemon [_thread_blocked, id=19084, stack(0x000000002e4c0000,0x000000002e5c0000)]
  0x000000001b9f7800 JavaThread "block-manager-slave-async-thread-pool-53" daemon [_thread_blocked, id=10768, stack(0x000000002e3c0000,0x000000002e4c0000)]
  0x000000001b9f4800 JavaThread "block-manager-ask-thread-pool-52" daemon [_thread_blocked, id=15048, stack(0x000000002e2c0000,0x000000002e3c0000)]
  0x000000001b9f6800 JavaThread "block-manager-slave-async-thread-pool-52" daemon [_thread_blocked, id=1156, stack(0x000000002e1c0000,0x000000002e2c0000)]
  0x000000001b9f9800 JavaThread "block-manager-ask-thread-pool-51" daemon [_thread_blocked, id=10356, stack(0x000000002e0c0000,0x000000002e1c0000)]
  0x000000001b7b8000 JavaThread "block-manager-ask-thread-pool-50" daemon [_thread_blocked, id=7296, stack(0x000000002dfc0000,0x000000002e0c0000)]
  0x000000001b7b6800 JavaThread "block-manager-slave-async-thread-pool-51" daemon [_thread_blocked, id=19640, stack(0x000000002dec0000,0x000000002dfc0000)]
  0x000000001b7b6000 JavaThread "block-manager-slave-async-thread-pool-50" daemon [_thread_blocked, id=11932, stack(0x000000002ddc0000,0x000000002dec0000)]
  0x000000001b7bb000 JavaThread "block-manager-slave-async-thread-pool-49" daemon [_thread_blocked, id=10828, stack(0x000000002dcc0000,0x000000002ddc0000)]
  0x000000001b7b9800 JavaThread "block-manager-ask-thread-pool-49" daemon [_thread_blocked, id=16940, stack(0x000000002dbc0000,0x000000002dcc0000)]
  0x000000001b7b5000 JavaThread "block-manager-ask-thread-pool-48" daemon [_thread_blocked, id=6436, stack(0x000000002dac0000,0x000000002dbc0000)]
  0x000000001b7b7800 JavaThread "block-manager-ask-thread-pool-47" daemon [_thread_blocked, id=14828, stack(0x000000002d9c0000,0x000000002dac0000)]
  0x000000001b7ba800 JavaThread "block-manager-slave-async-thread-pool-48" daemon [_thread_blocked, id=15152, stack(0x000000002d8c0000,0x000000002d9c0000)]
  0x000000001b7b9000 JavaThread "block-manager-slave-async-thread-pool-47" daemon [_thread_blocked, id=20700, stack(0x000000002d7c0000,0x000000002d8c0000)]
  0x000000001b7ad800 JavaThread "block-manager-ask-thread-pool-46" daemon [_thread_blocked, id=12484, stack(0x000000002d6c0000,0x000000002d7c0000)]
  0x000000001b7b4800 JavaThread "block-manager-slave-async-thread-pool-46" daemon [_thread_blocked, id=11752, stack(0x000000002d5c0000,0x000000002d6c0000)]
  0x000000001b7ad000 JavaThread "block-manager-ask-thread-pool-45" daemon [_thread_blocked, id=16452, stack(0x000000002d4c0000,0x000000002d5c0000)]
  0x000000001b7b3800 JavaThread "block-manager-ask-thread-pool-44" daemon [_thread_blocked, id=16068, stack(0x000000002d3c0000,0x000000002d4c0000)]
  0x000000001b7ac000 JavaThread "block-manager-slave-async-thread-pool-45" daemon [_thread_blocked, id=2132, stack(0x000000002d2c0000,0x000000002d3c0000)]
  0x000000001b7af000 JavaThread "block-manager-slave-async-thread-pool-44" daemon [_thread_blocked, id=17348, stack(0x000000002d1c0000,0x000000002d2c0000)]
  0x000000001b7b3000 JavaThread "block-manager-slave-async-thread-pool-43" daemon [_thread_blocked, id=12772, stack(0x000000002d0c0000,0x000000002d1c0000)]
  0x000000001b7b1800 JavaThread "block-manager-ask-thread-pool-43" daemon [_thread_blocked, id=16744, stack(0x000000002cfc0000,0x000000002d0c0000)]
  0x000000001b7b0800 JavaThread "block-manager-ask-thread-pool-42" daemon [_thread_blocked, id=1488, stack(0x000000002cec0000,0x000000002cfc0000)]
  0x000000001b7b0000 JavaThread "block-manager-ask-thread-pool-41" daemon [_thread_blocked, id=7628, stack(0x000000002cdc0000,0x000000002cec0000)]
  0x000000001b7ae800 JavaThread "block-manager-slave-async-thread-pool-42" daemon [_thread_blocked, id=4676, stack(0x000000002ccc0000,0x000000002cdc0000)]
  0x000000001b7b2000 JavaThread "block-manager-slave-async-thread-pool-41" daemon [_thread_blocked, id=17476, stack(0x000000002cbc0000,0x000000002ccc0000)]
  0x000000001b6c4800 JavaThread "block-manager-slave-async-thread-pool-40" daemon [_thread_blocked, id=15432, stack(0x000000002cac0000,0x000000002cbc0000)]
  0x000000001b6c3800 JavaThread "block-manager-ask-thread-pool-40" daemon [_thread_blocked, id=2828, stack(0x000000002c9c0000,0x000000002cac0000)]
  0x000000001b6c3000 JavaThread "block-manager-ask-thread-pool-39" daemon [_thread_blocked, id=14740, stack(0x000000002c8c0000,0x000000002c9c0000)]
  0x000000001b6c0800 JavaThread "block-manager-ask-thread-pool-38" daemon [_thread_blocked, id=15952, stack(0x000000002c7c0000,0x000000002c8c0000)]
  0x000000001b6c2000 JavaThread "block-manager-slave-async-thread-pool-39" daemon [_thread_blocked, id=21156, stack(0x000000002c6c0000,0x000000002c7c0000)]
  0x000000001b6be800 JavaThread "block-manager-slave-async-thread-pool-38" daemon [_thread_blocked, id=3712, stack(0x000000002c5c0000,0x000000002c6c0000)]
  0x000000001b6bf000 JavaThread "block-manager-slave-async-thread-pool-37" daemon [_thread_blocked, id=19308, stack(0x000000002c4c0000,0x000000002c5c0000)]
  0x000000001b6c1800 JavaThread "block-manager-ask-thread-pool-37" daemon [_thread_blocked, id=13068, stack(0x000000002c3c0000,0x000000002c4c0000)]
  0x000000001b6c0000 JavaThread "block-manager-ask-thread-pool-36" daemon [_thread_blocked, id=17424, stack(0x000000002c2c0000,0x000000002c3c0000)]
  0x000000001b6c5000 JavaThread "block-manager-ask-thread-pool-35" daemon [_thread_blocked, id=20556, stack(0x000000002c0c0000,0x000000002c1c0000)]
  0x000000001b6b7000 JavaThread "block-manager-slave-async-thread-pool-36" daemon [_thread_blocked, id=14700, stack(0x000000002bfc0000,0x000000002c0c0000)]
  0x000000001b6ba800 JavaThread "block-manager-slave-async-thread-pool-35" daemon [_thread_blocked, id=21024, stack(0x000000002bec0000,0x000000002bfc0000)]
  0x000000001b6bd800 JavaThread "block-manager-ask-thread-pool-34" daemon [_thread_blocked, id=10760, stack(0x000000002bdc0000,0x000000002bec0000)]
  0x000000001b6ba000 JavaThread "block-manager-slave-async-thread-pool-34" daemon [_thread_blocked, id=17564, stack(0x000000002bcc0000,0x000000002bdc0000)]
  0x000000001b6b9000 JavaThread "block-manager-ask-thread-pool-33" daemon [_thread_blocked, id=1040, stack(0x000000002bbc0000,0x000000002bcc0000)]
  0x000000001b6b6000 JavaThread "block-manager-ask-thread-pool-32" daemon [_thread_blocked, id=4740, stack(0x000000002bac0000,0x000000002bbc0000)]
  0x000000001b6b8800 JavaThread "block-manager-slave-async-thread-pool-33" daemon [_thread_blocked, id=19492, stack(0x000000002a9c0000,0x000000002aac0000)]
  0x000000001b6bc000 JavaThread "block-manager-slave-async-thread-pool-32" daemon [_thread_blocked, id=13888, stack(0x000000002a8c0000,0x000000002a9c0000)]
  0x000000001b6b7800 JavaThread "block-manager-slave-async-thread-pool-31" daemon [_thread_blocked, id=12440, stack(0x000000002a7c0000,0x000000002a8c0000)]
  0x000000001b6bd000 JavaThread "block-manager-ask-thread-pool-31" daemon [_thread_blocked, id=16060, stack(0x000000002a6c0000,0x000000002a7c0000)]
  0x000000001b6bb800 JavaThread "block-manager-slave-async-thread-pool-30" daemon [_thread_blocked, id=8840, stack(0x000000002a5c0000,0x000000002a6c0000)]
  0x000000002170c800 JavaThread "block-manager-ask-thread-pool-30" daemon [_thread_blocked, id=5792, stack(0x0000000029eb0000,0x0000000029fb0000)]
  0x000000002170d000 JavaThread "block-manager-ask-thread-pool-29" daemon [_thread_blocked, id=13268, stack(0x0000000029840000,0x0000000029940000)]
  0x000000002170b800 JavaThread "block-manager-ask-thread-pool-28" daemon [_thread_blocked, id=10004, stack(0x0000000029740000,0x0000000029840000)]
  0x0000000021710000 JavaThread "block-manager-slave-async-thread-pool-29" daemon [_thread_blocked, id=15528, stack(0x0000000029640000,0x0000000029740000)]
  0x000000002170a000 JavaThread "block-manager-slave-async-thread-pool-28" daemon [_thread_blocked, id=6932, stack(0x0000000029540000,0x0000000029640000)]
  0x0000000021705000 JavaThread "block-manager-slave-async-thread-pool-27" daemon [_thread_blocked, id=8740, stack(0x0000000029440000,0x0000000029540000)]
  0x0000000024348000 JavaThread "block-manager-ask-thread-pool-27" daemon [_thread_blocked, id=8784, stack(0x0000000029340000,0x0000000029440000)]
  0x0000000024346800 JavaThread "block-manager-ask-thread-pool-26" daemon [_thread_blocked, id=17164, stack(0x0000000029240000,0x0000000029340000)]
  0x000000002434c800 JavaThread "block-manager-ask-thread-pool-25" daemon [_thread_blocked, id=9488, stack(0x0000000029140000,0x0000000029240000)]
  0x0000000024345800 JavaThread "block-manager-slave-async-thread-pool-26" daemon [_thread_blocked, id=15964, stack(0x0000000029040000,0x0000000029140000)]
  0x0000000024345000 JavaThread "block-manager-slave-async-thread-pool-25" daemon [_thread_blocked, id=20828, stack(0x0000000028f40000,0x0000000029040000)]
  0x0000000024349800 JavaThread "block-manager-slave-async-thread-pool-24" daemon [_thread_blocked, id=17448, stack(0x0000000028e40000,0x0000000028f40000)]
  0x0000000024348800 JavaThread "block-manager-ask-thread-pool-24" daemon [_thread_blocked, id=7248, stack(0x0000000028d40000,0x0000000028e40000)]
  0x000000002434b800 JavaThread "Worker Monitor for C:\Users\Andreas\AppData\Local\Programs\Python\Python37\python.exe" daemon [_thread_blocked, id=4996, stack(0x0000000028c40000,0x0000000028d40000)]
=>0x000000002434b000 JavaThread "stdout writer for C:\Users\Andreas\AppData\Local\Programs\Python\Python37\python.exe" daemon [_thread_in_Java, id=7516, stack(0x0000000028b40000,0x0000000028c40000)]
  0x0000000024347000 JavaThread "stderr reader for C:\Users\Andreas\AppData\Local\Programs\Python\Python37\python.exe" daemon [_thread_in_native, id=17824, stack(0x0000000028a40000,0x0000000028b40000)]
  0x0000000024342000 JavaThread "stdout reader for C:\Users\Andreas\AppData\Local\Programs\Python\Python37\python.exe" daemon [_thread_in_native, id=3624, stack(0x0000000028940000,0x0000000028a40000)]
  0x000000001a288000 JavaThread "Idle Worker Monitor for C:\Users\Andreas\AppData\Local\Programs\Python\Python37\python.exe" daemon [_thread_blocked, id=20376, stack(0x0000000028840000,0x0000000028940000)]
  0x000000001a27f000 JavaThread "block-manager-ask-thread-pool-23" daemon [_thread_blocked, id=19648, stack(0x0000000028740000,0x0000000028840000)]
  0x000000001a286000 JavaThread "block-manager-ask-thread-pool-22" daemon [_thread_blocked, id=19420, stack(0x0000000028640000,0x0000000028740000)]
  0x000000001a27e800 JavaThread "block-manager-slave-async-thread-pool-23" daemon [_thread_blocked, id=21092, stack(0x0000000028540000,0x0000000028640000)]
  0x000000001a285000 JavaThread "block-manager-slave-async-thread-pool-22" daemon [_thread_blocked, id=14632, stack(0x0000000028440000,0x0000000028540000)]
  0x000000001a282000 JavaThread "block-manager-ask-thread-pool-21" daemon [_thread_blocked, id=20104, stack(0x0000000028340000,0x0000000028440000)]
  0x000000001a280000 JavaThread "block-manager-slave-async-thread-pool-21" daemon [_thread_blocked, id=20088, stack(0x0000000028240000,0x0000000028340000)]
  0x000000001a27d800 JavaThread "Executor task launch worker for task 218" daemon [_thread_blocked, id=19756, stack(0x00000000277d0000,0x00000000278d0000)]
  0x000000001a284800 JavaThread "block-manager-ask-thread-pool-20" daemon [_thread_blocked, id=16692, stack(0x0000000026cd0000,0x0000000026dd0000)]
  0x000000001a280800 JavaThread "block-manager-ask-thread-pool-19" daemon [_thread_blocked, id=15300, stack(0x0000000026bd0000,0x0000000026cd0000)]
  0x000000001a283800 JavaThread "block-manager-slave-async-thread-pool-20" daemon [_thread_blocked, id=12340, stack(0x0000000026ad0000,0x0000000026bd0000)]
  0x000000001a281800 JavaThread "block-manager-slave-async-thread-pool-19" daemon [_thread_blocked, id=8580, stack(0x00000000269d0000,0x0000000026ad0000)]
  0x000000001a283000 JavaThread "block-manager-slave-async-thread-pool-18" daemon [_thread_blocked, id=436, stack(0x00000000268d0000,0x00000000269d0000)]
  0x000000001a27d000 JavaThread "block-manager-ask-thread-pool-18" daemon [_thread_blocked, id=14820, stack(0x00000000267d0000,0x00000000268d0000)]
  0x000000001a28a800 JavaThread "block-manager-ask-thread-pool-17" daemon [_thread_blocked, id=20444, stack(0x000000002a4c0000,0x000000002a5c0000)]
  0x000000001a289000 JavaThread "block-manager-ask-thread-pool-16" daemon [_thread_blocked, id=17248, stack(0x000000002a3c0000,0x000000002a4c0000)]
  0x000000001a287800 JavaThread "block-manager-slave-async-thread-pool-17" daemon [_thread_blocked, id=11908, stack(0x000000002a2c0000,0x000000002a3c0000)]
  0x000000001a286800 JavaThread "block-manager-slave-async-thread-pool-16" daemon [_thread_blocked, id=2852, stack(0x000000002a1c0000,0x000000002a2c0000)]
  0x000000001a28c000 JavaThread "block-manager-ask-thread-pool-15" daemon [_thread_blocked, id=15836, stack(0x000000002a0c0000,0x000000002a1c0000)]
  0x000000001a289800 JavaThread "block-manager-slave-async-thread-pool-15" daemon [_thread_blocked, id=17012, stack(0x0000000029fc0000,0x000000002a0c0000)]
  0x000000001a28b000 JavaThread "Executor task launch worker for task 225" daemon [_thread_blocked, id=17560, stack(0x00000000299b0000,0x0000000029ab0000)]
  0x000000002434a000 JavaThread "task-result-getter-3" daemon [_thread_blocked, id=15232, stack(0x0000000027ad0000,0x0000000027bd0000)]
  0x000000002433d800 JavaThread "task-result-getter-2" daemon [_thread_blocked, id=11956, stack(0x00000000279d0000,0x0000000027ad0000)]
  0x000000002433e000 JavaThread "task-result-getter-1" daemon [_thread_blocked, id=4884, stack(0x00000000278d0000,0x00000000279d0000)]
  0x0000000024344000 JavaThread "Executor task launch worker for task 232" daemon [_thread_blocked, id=12332, stack(0x00000000276d0000,0x00000000277d0000)]
  0x0000000024340800 JavaThread "Executor task launch worker for task 231" daemon [_thread_blocked, id=19108, stack(0x00000000275d0000,0x00000000276d0000)]
  0x0000000024343800 JavaThread "Executor task launch worker for task 224" daemon [_thread_blocked, id=3148, stack(0x00000000274d0000,0x00000000275d0000)]
  0x000000002433f800 JavaThread "Executor task launch worker for task 205" daemon [_thread_blocked, id=16784, stack(0x00000000273d0000,0x00000000274d0000)]
  0x000000002433f000 JavaThread "Executor task launch worker for task 220" daemon [_thread_blocked, id=3780, stack(0x00000000272d0000,0x00000000273d0000)]
  0x0000000024342800 JavaThread "Executor task launch worker for task 223" daemon [_thread_blocked, id=11340, stack(0x00000000271d0000,0x00000000272d0000)]
  0x000000002170f800 JavaThread "Executor task launch worker for task 227" daemon [_thread_blocked, id=244, stack(0x00000000270d0000,0x00000000271d0000)]
  0x000000002170e800 JavaThread "Executor task launch worker for task 226" daemon [_thread_blocked, id=2996, stack(0x0000000026fd0000,0x00000000270d0000)]
  0x000000002170e000 JavaThread "Executor task launch worker for task 228" daemon [_thread_blocked, id=19928, stack(0x0000000026ed0000,0x0000000026fd0000)]
  0x0000000021711000 JavaThread "Executor task launch worker for task 230" daemon [_thread_blocked, id=10328, stack(0x0000000026dd0000,0x0000000026ed0000)]
  0x000000002170b000 JavaThread "task-result-getter-0" daemon [_thread_blocked, id=948, stack(0x00000000264d0000,0x00000000265d0000)]
  0x0000000021702000 JavaThread "Executor task launch worker for task 222" daemon [_thread_blocked, id=21348, stack(0x00000000263d0000,0x00000000264d0000)]
  0x0000000021708800 JavaThread "org.apache.hadoop.fs.FileSystem$Statistics$StatisticsDataReferenceCleaner" daemon [_thread_blocked, id=19532, stack(0x00000000235f0000,0x00000000236f0000)]
  0x0000000021708000 JavaThread "spark-listener-group-streams" daemon [_thread_blocked, id=16952, stack(0x00000000234f0000,0x00000000235f0000)]
  0x0000000021704000 JavaThread "element-tracking-store-worker" daemon [_thread_blocked, id=3636, stack(0x00000000231f0000,0x00000000232f0000)]
  0x0000000021703800 JavaThread "spark-listener-group-executorManagement" daemon [_thread_blocked, id=12204, stack(0x0000000020e70000,0x0000000020f70000)]
  0x0000000021705800 JavaThread "spark-listener-group-appStatus" daemon [_thread_blocked, id=19268, stack(0x0000000020890000,0x0000000020990000)]
  0x0000000021706800 JavaThread "context-cleaner-periodic-gc" daemon [_thread_blocked, id=17624, stack(0x0000000020790000,0x0000000020890000)]
  0x000000001b06b800 JavaThread "Spark Context Cleaner" daemon [_thread_blocked, id=6160, stack(0x0000000020690000,0x0000000020790000)]
  0x000000001b064000 JavaThread "shuffle-boss-6-1" daemon [_thread_in_native, id=11420, stack(0x0000000020b70000,0x0000000020c70000)]
  0x000000001b06a000 JavaThread "driver-heartbeater" daemon [_thread_blocked, id=18236, stack(0x0000000020a70000,0x0000000020b70000)]
  0x000000001b069800 JavaThread "dag-scheduler-event-loop" daemon [_thread_blocked, id=21332, stack(0x0000000020590000,0x0000000020690000)]
  0x000000001b06b000 JavaThread "netty-rpc-env-timeout" daemon [_thread_blocked, id=9512, stack(0x0000000020490000,0x0000000020590000)]
  0x000000001b062000 JavaThread "Timer-1" daemon [_thread_blocked, id=11168, stack(0x0000000020390000,0x0000000020490000)]
  0x000000001b068800 JavaThread "Timer-0" daemon [_thread_blocked, id=7472, stack(0x0000000020290000,0x0000000020390000)]
  0x000000001b063800 JavaThread "heartbeat-receiver-event-loop-thread" daemon [_thread_blocked, id=11816, stack(0x0000000020190000,0x0000000020290000)]
  0x000000001b067000 JavaThread "SparkUI-47" daemon [_thread_blocked, id=15624, stack(0x000000001eec0000,0x000000001efc0000)]
  0x000000001b065800 JavaThread "SparkUI-46" daemon [_thread_blocked, id=2204, stack(0x000000001edc0000,0x000000001eec0000)]
  0x000000001b065000 JavaThread "SparkUI-45" daemon [_thread_blocked, id=19688, stack(0x000000001ecc0000,0x000000001edc0000)]
  0x000000001b066800 JavaThread "SparkUI-44-acceptor-0@4fbb0b62-Spark@417cece5{HTTP/1.1,[http/1.1]}{0.0.0.0:4040}" daemon [_thread_in_native, id=5844, stack(0x000000001ebc0000,0x000000001ecc0000)]
  0x000000001b068000 JavaThread "SparkUI-43" daemon [_thread_in_native, id=17720, stack(0x000000001eac0000,0x000000001ebc0000)]
  0x000000001b062800 JavaThread "SparkUI-42" daemon [_thread_in_native, id=19284, stack(0x000000001e9c0000,0x000000001eac0000)]
  0x000000001b05d000 JavaThread "SparkUI-41" daemon [_thread_in_native, id=16676, stack(0x000000001e8c0000,0x000000001e9c0000)]
  0x000000001b05f000 JavaThread "SparkUI-40" daemon [_thread_in_native, id=5924, stack(0x000000001e7c0000,0x000000001e8c0000)]
  0x000000001b061000 JavaThread "refresh progress" daemon [_thread_blocked, id=18104, stack(0x000000001e6c0000,0x000000001e7c0000)]
  0x000000001b060800 JavaThread "RemoteBlock-temp-file-clean-thread" daemon [_thread_blocked, id=5200, stack(0x000000001e3c0000,0x000000001e4c0000)]
  0x000000001b05c800 JavaThread "map-output-dispatcher-7" daemon [_thread_blocked, id=11584, stack(0x000000001e2c0000,0x000000001e3c0000)]
  0x000000001b05e000 JavaThread "map-output-dispatcher-6" daemon [_thread_blocked, id=14028, stack(0x000000001e1c0000,0x000000001e2c0000)]
  0x000000001b05f800 JavaThread "map-output-dispatcher-5" daemon [_thread_blocked, id=8408, stack(0x000000001e0c0000,0x000000001e1c0000)]
  0x000000001a5c8000 JavaThread "map-output-dispatcher-4" daemon [_thread_blocked, id=8336, stack(0x000000001dfc0000,0x000000001e0c0000)]
  0x000000001a5ca800 JavaThread "map-output-dispatcher-3" daemon [_thread_blocked, id=7976, stack(0x000000001dec0000,0x000000001dfc0000)]
  0x000000001a5c7800 JavaThread "map-output-dispatcher-2" daemon [_thread_blocked, id=7776, stack(0x000000001ddc0000,0x000000001dec0000)]
  0x000000001a5c6800 JavaThread "map-output-dispatcher-1" daemon [_thread_blocked, id=1760, stack(0x000000001dcc0000,0x000000001ddc0000)]
  0x000000001a5c6000 JavaThread "map-output-dispatcher-0" daemon [_thread_blocked, id=21132, stack(0x000000001dbc0000,0x000000001dcc0000)]
  0x000000001a5c9000 JavaThread "rpc-boss-3-1" daemon [_thread_in_native, id=12224, stack(0x000000001dac0000,0x000000001dbc0000)]
  0x000000001a5c5000 JavaThread "dispatcher-event-loop-11" daemon [_thread_blocked, id=3020, stack(0x000000001d5c0000,0x000000001d6c0000)]
  0x000000001a5cc000 JavaThread "dispatcher-event-loop-10" daemon [_thread_blocked, id=11596, stack(0x000000001d4c0000,0x000000001d5c0000)]
  0x000000001a5c9800 JavaThread "dispatcher-event-loop-9" daemon [_thread_blocked, id=4956, stack(0x000000001d3c0000,0x000000001d4c0000)]
  0x000000001a5cb000 JavaThread "dispatcher-event-loop-8" daemon [_thread_blocked, id=10424, stack(0x000000001d2c0000,0x000000001d3c0000)]
  0x000000001a7c0800 JavaThread "dispatcher-event-loop-7" daemon [_thread_blocked, id=10960, stack(0x000000001d1c0000,0x000000001d2c0000)]
  0x000000001a7c0000 JavaThread "dispatcher-event-loop-6" daemon [_thread_blocked, id=3760, stack(0x000000001d0c0000,0x000000001d1c0000)]
  0x000000001a7bf000 JavaThread "dispatcher-event-loop-5" daemon [_thread_blocked, id=13804, stack(0x000000001cfc0000,0x000000001d0c0000)]
  0x000000001a7be800 JavaThread "dispatcher-event-loop-4" daemon [_thread_blocked, id=20928, stack(0x000000001cec0000,0x000000001cfc0000)]
  0x000000001a7bd800 JavaThread "dispatcher-event-loop-3" daemon [_thread_blocked, id=15192, stack(0x000000001ccc0000,0x000000001cdc0000)]
  0x000000001a0e0800 JavaThread "dispatcher-event-loop-2" daemon [_thread_blocked, id=3768, stack(0x000000001cbc0000,0x000000001ccc0000)]
  0x000000001a0dd800 JavaThread "dispatcher-event-loop-1" daemon [_thread_blocked, id=3696, stack(0x000000001cac0000,0x000000001cbc0000)]
  0x000000001ad66800 JavaThread "dispatcher-event-loop-0" daemon [_thread_blocked, id=9676, stack(0x000000001c9c0000,0x000000001cac0000)]
  0x00000000178f5000 JavaThread "Thread-3" [_thread_blocked, id=16552, stack(0x000000001c8c0000,0x000000001c9c0000)]
  0x000000001a770800 JavaThread "Thread-2" [_thread_in_native, id=4036, stack(0x000000001c5c0000,0x000000001c6c0000)]
  0x000000001a510000 JavaThread "pool-1-thread-1" [_thread_blocked, id=5164, stack(0x000000001aa40000,0x000000001ab40000)]
  0x00000000176a4800 JavaThread "Service Thread" daemon [_thread_blocked, id=12108, stack(0x0000000019070000,0x0000000019170000)]
  0x000000001762b800 JavaThread "C1 CompilerThread3" daemon [_thread_blocked, id=18744, stack(0x0000000018f70000,0x0000000019070000)]
  0x000000001762a000 JavaThread "C2 CompilerThread2" daemon [_thread_blocked, id=7508, stack(0x0000000018e70000,0x0000000018f70000)]
  0x0000000017624000 JavaThread "C2 CompilerThread1" daemon [_thread_blocked, id=21032, stack(0x0000000018d70000,0x0000000018e70000)]
  0x000000001761a000 JavaThread "C2 CompilerThread0" daemon [_thread_blocked, id=20584, stack(0x0000000018c70000,0x0000000018d70000)]
  0x0000000017616000 JavaThread "Attach Listener" daemon [_thread_blocked, id=1524, stack(0x0000000018b70000,0x0000000018c70000)]
  0x0000000017615000 JavaThread "Signal Dispatcher" daemon [_thread_blocked, id=15332, stack(0x0000000018a70000,0x0000000018b70000)]
  0x0000000017603800 JavaThread "Finalizer" daemon [_thread_blocked, id=8684, stack(0x0000000018870000,0x0000000018970000)]
  0x0000000015f41000 JavaThread "Reference Handler" daemon [_thread_blocked, id=2040, stack(0x0000000018770000,0x0000000018870000)]
  0x000000000312a800 JavaThread "main" [_thread_in_native, id=2592, stack(0x0000000003020000,0x0000000003120000)]

Other Threads:
  0x0000000015f36800 VMThread [stack: 0x0000000018670000,0x0000000018770000] [id=11744]
  0x00000000176fb800 WatcherThread [stack: 0x0000000019170000,0x0000000019270000] [id=19776]

VM state:synchronizing (normal execution)

VM Mutex/Monitor currently owned by a thread:  ([mutex/lock_event])
[0x00000000031274a0] Safepoint_lock - owner thread: 0x0000000015f36800
[0x0000000003127320] Threads_lock - owner thread: 0x0000000015f36800

heap address: 0x00000000c0000000, size: 1024 MB, Compressed Oops mode: 32-bit
Narrow klass base: 0x0000000000000000, Narrow klass shift: 3
Compressed class space size: 1073741824 Address: 0x0000000100000000

Heap:
 PSYoungGen      total 330752K, used 131693K [0x00000000eab00000, 0x0000000100000000, 0x0000000100000000)
  eden space 314368K, 41% used [0x00000000eab00000,0x00000000f292cb70,0x00000000fde00000)
  from space 16384K, 15% used [0x00000000fde00000,0x00000000fe06e910,0x00000000fee00000)
  to   space 15872K, 0% used [0x00000000ff080000,0x00000000ff080000,0x0000000100000000)
 ParOldGen       total 370176K, used 86699K [0x00000000c0000000, 0x00000000d6980000, 0x00000000eab00000)
  object space 370176K, 23% used [0x00000000c0000000,0x00000000c54aac60,0x00000000d6980000)
 Metaspace       used 79807K, capacity 80842K, committed 81064K, reserved 1118208K
  class space    used 11724K, capacity 11917K, committed 11952K, reserved 1048576K

Card table byte_map: [0x00000000125e0000,0x00000000127f0000] byte_map_base: 0x0000000011fe0000

Marking Bits: (ParMarkBitMap*) 0x000000006244be30
 Begin Bits: [0x0000000013350000, 0x0000000014350000)
 End Bits:   [0x0000000014350000, 0x0000000015350000)

Polling page: 0x0000000000fe0000

CodeCache: size=245760Kb used=33603Kb max_used=33615Kb free=212156Kb
 bounds [0x0000000003220000, 0x0000000005330000, 0x0000000012220000]
 total_blobs=10915 nmethods=10278 adapters=546
 compilation: enabled

Compilation events (10 events):
Event: 117.251 Thread 0x000000001762b800 12569       3       org.apache.spark.memory.UnifiedMemoryManager$$anonfun$acquireExecutionMemory$2::<init> (32 bytes)
Event: 117.251 Thread 0x000000001762b800 nmethod 12569 0x00000000052bcc50 code [0x00000000052bcde0, 0x00000000052bd190]
Event: 117.251 Thread 0x000000001762b800 12570   !   3       org.apache.spark.memory.ExecutionMemoryPool::acquireMemory (259 bytes)
Event: 117.252 Thread 0x000000001762b800 nmethod 12570 0x0000000005312cd0 code [0x00000000053132e0, 0x0000000005317998]
Event: 117.253 Thread 0x000000001762b800 12571       3       java.util.BitSet::nextClearBit (116 bytes)
Event: 117.253 Thread 0x000000001762b800 nmethod 12571 0x00000000052cdbd0 code [0x00000000052cdde0, 0x00000000052ce8b8]
Event: 117.269 Thread 0x000000001762a000 12572       4       java.lang.Double::valueOf (9 bytes)
Event: 117.270 Thread 0x000000001762a000 nmethod 12572 0x000000000387e950 code [0x000000000387eaa0, 0x000000000387eb58]
Event: 117.276 Thread 0x000000001761a000 12574       4       org.apache.spark.sql.catalyst.expressions.JoinedRow::getUTF8String (39 bytes)
Event: 117.276 Thread 0x0000000017624000 12575       4       org.apache.spark.sql.catalyst.expressions.JoinedRow::isNullAt (39 bytes)

GC Heap History (10 events):
Event: 115.296 GC heap before
{Heap before GC invocations=757 (full 3):
 PSYoungGen      total 348160K, used 347456K [0x00000000eab00000, 0x0000000100000000, 0x0000000100000000)
  eden space 347136K, 100% used [0x00000000eab00000,0x00000000ffe00000,0x00000000ffe00000)
  from space 1024K, 31% used [0x00000000ffe00000,0x00000000ffe50000,0x00000000fff00000)
  to   space 1024K, 0% used [0x00000000fff00000,0x00000000fff00000,0x0000000100000000)
 ParOldGen       total 261632K, used 251056K [0x00000000c0000000, 0x00000000cff80000, 0x00000000eab00000)
  object space 261632K, 95% used [0x00000000c0000000,0x00000000cf52c128,0x00000000cff80000)
 Metaspace       used 79694K, capacity 80736K, committed 80808K, reserved 1118208K
  class space    used 11710K, capacity 11894K, committed 11952K, reserved 1048576K
Event: 115.303 GC heap after
Heap after GC invocations=757 (full 3):
 PSYoungGen      total 314368K, used 1015K [0x00000000eab00000, 0x0000000100000000, 0x0000000100000000)
  eden space 313344K, 0% used [0x00000000eab00000,0x00000000eab00000,0x00000000fdd00000)
  from space 1024K, 99% used [0x00000000fff00000,0x00000000ffffdce8,0x0000000100000000)
  to   space 17920K, 0% used [0x00000000fdd00000,0x00000000fdd00000,0x00000000fee80000)
 ParOldGen       total 296960K, used 296615K [0x00000000c0000000, 0x00000000d2200000, 0x00000000eab00000)
  object space 296960K, 99% used [0x00000000c0000000,0x00000000d21a9dc0,0x00000000d2200000)
 Metaspace       used 79694K, capacity 80736K, committed 80808K, reserved 1118208K
  class space    used 11710K, capacity 11894K, committed 11952K, reserved 1048576K
}
Event: 115.303 GC heap before
{Heap before GC invocations=758 (full 4):
 PSYoungGen      total 314368K, used 1015K [0x00000000eab00000, 0x0000000100000000, 0x0000000100000000)
  eden space 313344K, 0% used [0x00000000eab00000,0x00000000eab00000,0x00000000fdd00000)
  from space 1024K, 99% used [0x00000000fff00000,0x00000000ffffdce8,0x0000000100000000)
  to   space 17920K, 0% used [0x00000000fdd00000,0x00000000fdd00000,0x00000000fee80000)
 ParOldGen       total 296960K, used 296615K [0x00000000c0000000, 0x00000000d2200000, 0x00000000eab00000)
  object space 296960K, 99% used [0x00000000c0000000,0x00000000d21a9dc0,0x00000000d2200000)
 Metaspace       used 79694K, capacity 80736K, committed 80808K, reserved 1118208K
  class space    used 11710K, capacity 11894K, committed 11952K, reserved 1048576K
Event: 115.355 GC heap after
Heap after GC invocations=758 (full 4):
 PSYoungGen      total 314368K, used 0K [0x00000000eab00000, 0x0000000100000000, 0x0000000100000000)
  eden space 313344K, 0% used [0x00000000eab00000,0x00000000eab00000,0x00000000fdd00000)
  from space 1024K, 0% used [0x00000000fff00000,0x00000000fff00000,0x0000000100000000)
  to   space 17920K, 0% used [0x00000000fdd00000,0x00000000fdd00000,0x00000000fee80000)
 ParOldGen       total 370176K, used 84419K [0x00000000c0000000, 0x00000000d6980000, 0x00000000eab00000)
  object space 370176K, 22% used [0x00000000c0000000,0x00000000c5270c40,0x00000000d6980000)
 Metaspace       used 79670K, capacity 80682K, committed 80808K, reserved 1118208K
  class space    used 11705K, capacity 11885K, committed 11952K, reserved 1048576K
}
Event: 115.565 GC heap before
{Heap before GC invocations=759 (full 4):
 PSYoungGen      total 314368K, used 313344K [0x00000000eab00000, 0x0000000100000000, 0x0000000100000000)
  eden space 313344K, 100% used [0x00000000eab00000,0x00000000fdd00000,0x00000000fdd00000)
  from space 1024K, 0% used [0x00000000fff00000,0x00000000fff00000,0x0000000100000000)
  to   space 17920K, 0% used [0x00000000fdd00000,0x00000000fdd00000,0x00000000fee80000)
 ParOldGen       total 370176K, used 84419K [0x00000000c0000000, 0x00000000d6980000, 0x00000000eab00000)
  object space 370176K, 22% used [0x00000000c0000000,0x00000000c5270c40,0x00000000d6980000)
 Metaspace       used 79734K, capacity 80778K, committed 81064K, reserved 1118208K
  class space    used 11713K, capacity 11917K, committed 11952K, reserved 1048576K
Event: 115.567 GC heap after
Heap after GC invocations=759 (full 4):
 PSYoungGen      total 331264K, used 2752K [0x00000000eab00000, 0x0000000100000000, 0x0000000100000000)
  eden space 313344K, 0% used [0x00000000eab00000,0x00000000eab00000,0x00000000fdd00000)
  from space 17920K, 15% used [0x00000000fdd00000,0x00000000fdfb0030,0x00000000fee80000)
  to   space 16896K, 0% used [0x00000000fef80000,0x00000000fef80000,0x0000000100000000)
 ParOldGen       total 370176K, used 84427K [0x00000000c0000000, 0x00000000d6980000, 0x00000000eab00000)
  object space 370176K, 22% used [0x00000000c0000000,0x00000000c5272c40,0x00000000d6980000)
 Metaspace       used 79734K, capacity 80778K, committed 81064K, reserved 1118208K
  class space    used 11713K, capacity 11917K, committed 11952K, reserved 1048576K
}
Event: 115.771 GC heap before
{Heap before GC invocations=760 (full 4):
 PSYoungGen      total 331264K, used 316096K [0x00000000eab00000, 0x0000000100000000, 0x0000000100000000)
  eden space 313344K, 100% used [0x00000000eab00000,0x00000000fdd00000,0x00000000fdd00000)
  from space 17920K, 15% used [0x00000000fdd00000,0x00000000fdfb0030,0x00000000fee80000)
  to   space 16896K, 0% used [0x00000000fef80000,0x00000000fef80000,0x0000000100000000)
 ParOldGen       total 370176K, used 84427K [0x00000000c0000000, 0x00000000d6980000, 0x00000000eab00000)
  object space 370176K, 22% used [0x00000000c0000000,0x00000000c5272c40,0x00000000d6980000)
 Metaspace       used 79741K, capacity 80778K, committed 81064K, reserved 1118208K
  class space    used 11713K, capacity 11917K, committed 11952K, reserved 1048576K
Event: 115.773 GC heap after
Heap after GC invocations=760 (full 4):
 PSYoungGen      total 329216K, used 448K [0x00000000eab00000, 0x00000000ffe00000, 0x0000000100000000)
  eden space 314368K, 0% used [0x00000000eab00000,0x00000000eab00000,0x00000000fde00000)
  from space 14848K, 3% used [0x00000000fef80000,0x00000000feff0010,0x00000000ffe00000)
  to   space 16384K, 0% used [0x00000000fde00000,0x00000000fde00000,0x00000000fee00000)
 ParOldGen       total 370176K, used 86627K [0x00000000c0000000, 0x00000000d6980000, 0x00000000eab00000)
  object space 370176K, 23% used [0x00000000c0000000,0x00000000c5498c60,0x00000000d6980000)
 Metaspace       used 79741K, capacity 80778K, committed 81064K, reserved 1118208K
  class space    used 11713K, capacity 11917K, committed 11952K, reserved 1048576K
}
Event: 117.216 GC heap before
{Heap before GC invocations=761 (full 4):
 PSYoungGen      total 329216K, used 314816K [0x00000000eab00000, 0x00000000ffe00000, 0x0000000100000000)
  eden space 314368K, 100% used [0x00000000eab00000,0x00000000fde00000,0x00000000fde00000)
  from space 14848K, 3% used [0x00000000fef80000,0x00000000feff0010,0x00000000ffe00000)
  to   space 16384K, 0% used [0x00000000fde00000,0x00000000fde00000,0x00000000fee00000)
 ParOldGen       total 370176K, used 86627K [0x00000000c0000000, 0x00000000d6980000, 0x00000000eab00000)
  object space 370176K, 23% used [0x00000000c0000000,0x00000000c5498c60,0x00000000d6980000)
 Metaspace       used 79742K, capacity 80778K, committed 81064K, reserved 1118208K
  class space    used 11713K, capacity 11917K, committed 11952K, reserved 1048576K
Event: 117.218 GC heap after
Heap after GC invocations=761 (full 4):
 PSYoungGen      total 330752K, used 2490K [0x00000000eab00000, 0x0000000100000000, 0x0000000100000000)
  eden space 314368K, 0% used [0x00000000eab00000,0x00000000eab00000,0x00000000fde00000)
  from space 16384K, 15% used [0x00000000fde00000,0x00000000fe06e910,0x00000000fee00000)
  to   space 15872K, 0% used [0x00000000ff080000,0x00000000ff080000,0x0000000100000000)
 ParOldGen       total 370176K, used 86699K [0x00000000c0000000, 0x00000000d6980000, 0x00000000eab00000)
  object space 370176K, 23% used [0x00000000c0000000,0x00000000c54aac60,0x00000000d6980000)
 Metaspace       used 79742K, capacity 80778K, committed 81064K, reserved 1118208K
  class space    used 11713K, capacity 11917K, committed 11952K, reserved 1048576K
}

Deoptimization events (10 events):
Event: 115.441 Thread 0x000000002434b000 Uncommon trap: reason=unstable_if action=reinterpret pc=0x00000000052205e4 method=java.lang.Character.isHighSurrogate(C)Z @ 9
Event: 117.269 Thread 0x0000000024344000 Uncommon trap: reason=class_check action=maybe_recompile pc=0x0000000004446ac4 method=org.apache.spark.InterruptibleIterator.next()Ljava/lang/Object; @ 4
Event: 117.276 Thread 0x0000000024344000 Uncommon trap: reason=class_check action=maybe_recompile pc=0x0000000003fe8a40 method=org.apache.spark.sql.catalyst.expressions.JoinedRow.isNullAt(I)Z @ 5
Event: 117.276 Thread 0x0000000024344000 Uncommon trap: reason=class_check action=maybe_recompile pc=0x0000000004720480 method=org.apache.spark.sql.catalyst.expressions.JoinedRow.getUTF8String(I)Lorg/apache/spark/unsafe/types/UTF8String; @ 5
Event: 117.276 Thread 0x0000000024344000 Uncommon trap: reason=class_check action=maybe_recompile pc=0x0000000003fe8a40 method=org.apache.spark.sql.catalyst.expressions.JoinedRow.isNullAt(I)Z @ 5
Event: 117.276 Thread 0x0000000024344000 Uncommon trap: reason=class_check action=maybe_recompile pc=0x0000000004720480 method=org.apache.spark.sql.catalyst.expressions.JoinedRow.getUTF8String(I)Lorg/apache/spark/unsafe/types/UTF8String; @ 5
Event: 117.276 Thread 0x0000000024344000 Uncommon trap: reason=class_check action=maybe_recompile pc=0x0000000003fe8a40 method=org.apache.spark.sql.catalyst.expressions.JoinedRow.isNullAt(I)Z @ 5
Event: 117.276 Thread 0x0000000024344000 Uncommon trap: reason=class_check action=maybe_recompile pc=0x0000000004720480 method=org.apache.spark.sql.catalyst.expressions.JoinedRow.getUTF8String(I)Lorg/apache/spark/unsafe/types/UTF8String; @ 5
Event: 117.276 Thread 0x0000000024344000 Uncommon trap: reason=class_check action=maybe_recompile pc=0x0000000003fe8a40 method=org.apache.spark.sql.catalyst.expressions.JoinedRow.isNullAt(I)Z @ 5
Event: 117.276 Thread 0x0000000024344000 Uncommon trap: reason=class_check action=maybe_recompile pc=0x0000000004720480 method=org.apache.spark.sql.catalyst.expressions.JoinedRow.getUTF8String(I)Lorg/apache/spark/unsafe/types/UTF8String; @ 5

Classes redefined (0 events):
No events

Internal exceptions (10 events):
Event: 98.981 Thread 0x000000001a28b000 Implicit null exception at 0x0000000004326fd2 to 0x0000000004327155
Event: 106.506 Thread 0x00000000178f5000 Exception <a 'java/lang/NoSuchMethodError': <clinit>> (0x00000000fd92bcf0) thrown at [C:\ade\jenkins\workspace\8-2-build-windows-amd64-cygwin\jdk8u241\331\hotspot\src\share\vm\prims\jni.cpp, line 1614]
Event: 106.506 Thread 0x00000000178f5000 Exception <a 'java/lang/NoSuchMethodError': <clinit>> (0x00000000fd936648) thrown at [C:\ade\jenkins\workspace\8-2-build-windows-amd64-cygwin\jdk8u241\331\hotspot\src\share\vm\prims\jni.cpp, line 1614]
Event: 106.506 Thread 0x00000000178f5000 Exception <a 'java/lang/NoSuchMethodError': <clinit>> (0x00000000fd964c78) thrown at [C:\ade\jenkins\workspace\8-2-build-windows-amd64-cygwin\jdk8u241\331\hotspot\src\share\vm\prims\jni.cpp, line 1614]
Event: 106.508 Thread 0x00000000178f5000 Exception <a 'java/lang/NoSuchMethodError': <clinit>> (0x00000000fd9a0cd0) thrown at [C:\ade\jenkins\workspace\8-2-build-windows-amd64-cygwin\jdk8u241\331\hotspot\src\share\vm\prims\jni.cpp, line 1614]
Event: 106.509 Thread 0x00000000178f5000 Exception <a 'java/lang/NoSuchMethodError': <clinit>> (0x00000000fd9fb828) thrown at [C:\ade\jenkins\workspace\8-2-build-windows-amd64-cygwin\jdk8u241\331\hotspot\src\share\vm\prims\jni.cpp, line 1614]
Event: 106.509 Thread 0x00000000178f5000 Exception <a 'java/lang/NoSuchMethodError': <clinit>> (0x00000000fda1abe0) thrown at [C:\ade\jenkins\workspace\8-2-build-windows-amd64-cygwin\jdk8u241\331\hotspot\src\share\vm\prims\jni.cpp, line 1614]
Event: 106.510 Thread 0x00000000178f5000 Exception <a 'java/lang/NoSuchMethodError': <clinit>> (0x00000000fda32c60) thrown at [C:\ade\jenkins\workspace\8-2-build-windows-amd64-cygwin\jdk8u241\331\hotspot\src\share\vm\prims\jni.cpp, line 1614]
Event: 106.511 Thread 0x00000000178f5000 Exception <a 'java/lang/NoSuchMethodError': <clinit>> (0x00000000fda66a50) thrown at [C:\ade\jenkins\workspace\8-2-build-windows-amd64-cygwin\jdk8u241\331\hotspot\src\share\vm\prims\jni.cpp, line 1614]
Event: 115.179 Thread 0x000000002434b000 Implicit null exception at 0x0000000004755141 to 0x0000000004755719

Events (10 events):
Event: 117.276 Thread 0x0000000024344000 DEOPT UNPACKING pc=0x000000000326583b sp=0x00000000277ce590 mode 2
Event: 117.276 Thread 0x0000000024344000 Uncommon trap: trap_request=0xffffffde fr.pc=0x0000000004720480
Event: 117.276 Thread 0x0000000024344000 DEOPT PACKING pc=0x0000000004720480 sp=0x00000000277ce5f0
Event: 117.276 Thread 0x0000000024344000 DEOPT UNPACKING pc=0x000000000326583b sp=0x00000000277ce590 mode 2
Event: 117.276 Thread 0x0000000024344000 Uncommon trap: trap_request=0xffffffde fr.pc=0x0000000003fe8a40
Event: 117.276 Thread 0x0000000024344000 DEOPT PACKING pc=0x0000000003fe8a40 sp=0x00000000277ce5f0
Event: 117.276 Thread 0x0000000024344000 DEOPT UNPACKING pc=0x000000000326583b sp=0x00000000277ce590 mode 2
Event: 117.276 Thread 0x0000000024344000 Uncommon trap: trap_request=0xffffffde fr.pc=0x0000000004720480
Event: 117.276 Thread 0x0000000024344000 DEOPT PACKING pc=0x0000000004720480 sp=0x00000000277ce5f0
Event: 117.276 Thread 0x0000000024344000 DEOPT UNPACKING pc=0x000000000326583b sp=0x00000000277ce590 mode 2


Dynamic libraries:
0x00007ff65d260000 - 0x00007ff65d297000 	C:\Program Files\Java\jre1.8.0_241\bin\java.exe
0x00007ff8f22c0000 - 0x00007ff8f24b0000 	C:\WINDOWS\SYSTEM32\ntdll.dll
0x00007ff8b59e0000 - 0x00007ff8b59f3000 	C:\Program Files\AVAST Software\Avast\aswhook.dll
0x00007ff8f21c0000 - 0x00007ff8f2272000 	C:\WINDOWS\System32\KERNEL32.DLL
0x00007ff8f0040000 - 0x00007ff8f02e4000 	C:\WINDOWS\System32\KERNELBASE.dll
0x00007ff8f0d00000 - 0x00007ff8f0da3000 	C:\WINDOWS\System32\ADVAPI32.dll
0x00007ff8f0bc0000 - 0x00007ff8f0c5e000 	C:\WINDOWS\System32\msvcrt.dll
0x00007ff8f0c60000 - 0x00007ff8f0cf7000 	C:\WINDOWS\System32\sechost.dll
0x00007ff8f03d0000 - 0x00007ff8f04f0000 	C:\WINDOWS\System32\RPCRT4.dll
0x00007ff8f1b70000 - 0x00007ff8f1d04000 	C:\WINDOWS\System32\USER32.dll
0x00007ff8effb0000 - 0x00007ff8effd1000 	C:\WINDOWS\System32\win32u.dll
0x00007ff8f1a80000 - 0x00007ff8f1aa6000 	C:\WINDOWS\System32\GDI32.dll
0x00007ff8ef250000 - 0x00007ff8ef3e4000 	C:\WINDOWS\System32\gdi32full.dll
0x00007ff8ef540000 - 0x00007ff8ef5de000 	C:\WINDOWS\System32\msvcp_win.dll
0x00007ff8efeb0000 - 0x00007ff8effaa000 	C:\WINDOWS\System32\ucrtbase.dll
0x00007ff8e0d20000 - 0x00007ff8e0fa4000 	C:\WINDOWS\WinSxS\amd64_microsoft.windows.common-controls_6595b64144ccf1df_6.0.18362.815_none_e6c3b941130ffef4\COMCTL32.dll
0x00007ff8f1d10000 - 0x00007ff8f2046000 	C:\WINDOWS\System32\combase.dll
0x00007ff8f02f0000 - 0x00007ff8f0370000 	C:\WINDOWS\System32\bcryptPrimitives.dll
0x00007ff8f2190000 - 0x00007ff8f21be000 	C:\WINDOWS\System32\IMM32.DLL
0x00000000624d0000 - 0x00000000625a2000 	C:\Program Files\Java\jre1.8.0_241\bin\msvcr100.dll
0x0000000061c20000 - 0x00000000624cc000 	C:\Program Files\Java\jre1.8.0_241\bin\server\jvm.dll
0x00007ff8f1ab0000 - 0x00007ff8f1ab8000 	C:\WINDOWS\System32\PSAPI.DLL
0x00007ff8dc320000 - 0x00007ff8dc329000 	C:\WINDOWS\SYSTEM32\WSOCK32.dll
0x00007ff8f1920000 - 0x00007ff8f198f000 	C:\WINDOWS\System32\WS2_32.dll
0x00007ff8eb880000 - 0x00007ff8eb8a4000 	C:\WINDOWS\SYSTEM32\WINMM.dll
0x00007ff8e9d80000 - 0x00007ff8e9d8a000 	C:\WINDOWS\SYSTEM32\VERSION.dll
0x00007ff8eb850000 - 0x00007ff8eb87d000 	C:\WINDOWS\SYSTEM32\WINMMBASE.dll
0x00007ff8efd60000 - 0x00007ff8efdaa000 	C:\WINDOWS\System32\cfgmgr32.dll
0x00007ff8c4550000 - 0x00007ff8c455f000 	C:\Program Files\Java\jre1.8.0_241\bin\verify.dll
0x00007ff8c1490000 - 0x00007ff8c14b9000 	C:\Program Files\Java\jre1.8.0_241\bin\java.dll
0x00007ff8c1c40000 - 0x00007ff8c1c56000 	C:\Program Files\Java\jre1.8.0_241\bin\zip.dll
0x00007ff8f1230000 - 0x00007ff8f1914000 	C:\WINDOWS\System32\SHELL32.dll
0x00007ff8f1ac0000 - 0x00007ff8f1b69000 	C:\WINDOWS\System32\shcore.dll
0x00007ff8ef5e0000 - 0x00007ff8efd5d000 	C:\WINDOWS\System32\windows.storage.dll
0x00007ff8ef220000 - 0x00007ff8ef243000 	C:\WINDOWS\System32\profapi.dll
0x00007ff8ef1b0000 - 0x00007ff8ef1fa000 	C:\WINDOWS\System32\powrprof.dll
0x00007ff8ef180000 - 0x00007ff8ef190000 	C:\WINDOWS\System32\UMPDC.dll
0x00007ff8f0370000 - 0x00007ff8f03c2000 	C:\WINDOWS\System32\shlwapi.dll
0x00007ff8ef190000 - 0x00007ff8ef1a1000 	C:\WINDOWS\System32\kernel.appcore.dll
0x00007ff8efde0000 - 0x00007ff8efdf7000 	C:\WINDOWS\System32\cryptsp.dll
0x00007ff8c1470000 - 0x00007ff8c148a000 	C:\Program Files\Java\jre1.8.0_241\bin\net.dll
0x00007ff8ee9f0000 - 0x00007ff8eea57000 	C:\WINDOWS\system32\mswsock.dll
0x00007ff8cab50000 - 0x00007ff8cab66000 	C:\WINDOWS\system32\napinsp.dll
0x00007ff8caab0000 - 0x00007ff8caaca000 	C:\WINDOWS\system32\pnrpnsp.dll
0x00007ff8ee740000 - 0x00007ff8ee80b000 	C:\WINDOWS\SYSTEM32\DNSAPI.dll
0x00007ff8f0f00000 - 0x00007ff8f0f08000 	C:\WINDOWS\System32\NSI.dll
0x00007ff8ee700000 - 0x00007ff8ee73a000 	C:\WINDOWS\SYSTEM32\IPHLPAPI.DLL
0x00007ff8cb530000 - 0x00007ff8cb53e000 	C:\WINDOWS\System32\winrnr.dll
0x00007ff8eb990000 - 0x00007ff8eb9ac000 	C:\WINDOWS\system32\NLAapi.dll
0x00007ff8ca6a0000 - 0x00007ff8ca6b5000 	C:\WINDOWS\system32\wshbth.dll
0x00007ff8e55a0000 - 0x00007ff8e55aa000 	C:\Windows\System32\rasadhlp.dll
0x00007ff8e7ce0000 - 0x00007ff8e7d57000 	C:\WINDOWS\System32\fwpuclnt.dll
0x00007ff8efdb0000 - 0x00007ff8efdd6000 	C:\WINDOWS\System32\bcrypt.dll
0x00007ff8ee560000 - 0x00007ff8ee593000 	C:\WINDOWS\system32\rsaenh.dll
0x00007ff8ef0a0000 - 0x00007ff8ef0c5000 	C:\WINDOWS\SYSTEM32\USERENV.dll
0x00007ff8eebc0000 - 0x00007ff8eebcc000 	C:\WINDOWS\SYSTEM32\CRYPTBASE.dll
0x00007ff8e92f0000 - 0x00007ff8e9306000 	C:\WINDOWS\SYSTEM32\dhcpcsvc6.DLL
0x00007ff8e92d0000 - 0x00007ff8e92ec000 	C:\WINDOWS\SYSTEM32\dhcpcsvc.DLL
0x00007ff8c13f0000 - 0x00007ff8c1402000 	C:\Program Files\Java\jre1.8.0_241\bin\nio.dll
0x00007ff8c3960000 - 0x00007ff8c396d000 	C:\Program Files\Java\jre1.8.0_241\bin\management.dll
0x00007ff8c3770000 - 0x00007ff8c3779000 	C:\Program Files\Java\jre1.8.0_241\bin\w2k_lsa_auth.dll
0x00007ff8d8f60000 - 0x00007ff8d8f6c000 	C:\WINDOWS\SYSTEM32\Secur32.dll
0x00007ff8ef070000 - 0x00007ff8ef09f000 	C:\WINDOWS\SYSTEM32\SSPICLI.DLL
0x00007ff8c3260000 - 0x00007ff8c3268000 	C:\Program Files\Java\jre1.8.0_241\bin\jaas_nt.dll
0x0000000066f40000 - 0x0000000066f6d000 	C:\Users\Andreas\AppData\Local\Temp\liblz4-java1597093179165979803.so
0x00007ff8e6ea0000 - 0x00007ff8e7094000 	C:\WINDOWS\SYSTEM32\dbghelp.dll

VM Arguments:
jvm_args: -Xmx1g 
java_command: org.apache.spark.deploy.SparkSubmit --conf spark.app.name=Spark Lab1 pyspark-shell
java_class_path (initial): C:\spark\spark-2.4.5-bin-hadoop2.7\bin\..\conf\;C:\spark\spark-2.4.5-bin-hadoop2.7\jars\activation-1.1.1.jar;C:\spark\spark-2.4.5-bin-hadoop2.7\jars\aircompressor-0.10.jar;C:\spark\spark-2.4.5-bin-hadoop2.7\jars\antlr-2.7.7.jar;C:\spark\spark-2.4.5-bin-hadoop2.7\jars\antlr-runtime-3.4.jar;C:\spark\spark-2.4.5-bin-hadoop2.7\jars\antlr4-runtime-4.7.jar;C:\spark\spark-2.4.5-bin-hadoop2.7\jars\aopalliance-1.0.jar;C:\spark\spark-2.4.5-bin-hadoop2.7\jars\aopalliance-repackaged-2.4.0-b34.jar;C:\spark\spark-2.4.5-bin-hadoop2.7\jars\apache-log4j-extras-1.2.17.jar;C:\spark\spark-2.4.5-bin-hadoop2.7\jars\apacheds-i18n-2.0.0-M15.jar;C:\spark\spark-2.4.5-bin-hadoop2.7\jars\apacheds-kerberos-codec-2.0.0-M15.jar;C:\spark\spark-2.4.5-bin-hadoop2.7\jars\api-asn1-api-1.0.0-M20.jar;C:\spark\spark-2.4.5-bin-hadoop2.7\jars\api-util-1.0.0-M20.jar;C:\spark\spark-2.4.5-bin-hadoop2.7\jars\arpack_combined_all-0.1.jar;C:\spark\spark-2.4.5-bin-hadoop2.7\jars\arrow-format-0.10.0.jar;C:\spark\spark-2.4.5-bin-hadoop2.7\jars\arrow-memory-0.10.0.jar;C:\spark\spark-2.4.5-bin-hadoop2.7\jars\arrow-vector-0.10.0.jar;C:\spark\spark-2.4.5-bin-hadoop2.7\jars\automaton-1.11-8.jar;C:\spark\spark-2.4.5-bin-hadoop2.7\jars\avro-1.8.2.jar;C:\spark\spark-2.4.5-bin-hadoop2.7\jars\avro-ipc-1.8.2.jar;C:\spark\spark-2.4.5-bin-hadoop2.7\jars\avro-mapred-1.8.2-hadoop2.jar;C:\spark\spark-2.4.5-bin-hadoop2.7\jars\bonecp-0.8.0.RELEASE.jar;C:\spark\spark-2.4.5-bin-hadoop2.7\jars\breeze-macros_2.11-0.13.2.jar;C:\spark\spark-2.4.5-bin-hadoop2.7\jars\breeze_2.11-0.13.2.jar;C:\spark\spark-2.4.5-bin-hadoop2.7\jars\calcite-avatica-1.2.0-incubating.jar;C:\spark\spark-2.4.5-bin-hadoop2.7\jars\calcite-core-1.2.0-incubating.jar;C:\spark\spark-2.4.5-bin-hadoop2.7\jars\calcite-linq4j-1.2.0-incubating.jar;C:\spark\spark-2.4.5-bin-hadoop2.7\jars\chill-java-0.9.3.jar;C:\spark\spark-2.4.5-bin-hadoop2.7\jars\chill_2.11-0.9.3.jar;C:\spark\spark-2.4.5-bin-hadoop2.7\jars\commons-beanutils-1.9.4.jar;C:\spark\spark
Launcher Type: SUN_STANDARD

Environment Variables:
JAVA_HOME=C:\Program Files\Java\jre1.8.0_241
USERNAME=Andreas
OS=Windows_NT
PROCESSOR_IDENTIFIER=Intel64 Family 6 Model 158 Stepping 10, GenuineIntel



---------------  S Y S T E M  ---------------

OS: Windows 10.0 , 64 bit Build 18362 (10.0.18362.778)

CPU:total 12 (initial active 12) (6 cores per cpu, 2 threads per core) family 6 model 158 stepping 10, cmov, cx8, fxsr, mmx, sse, sse2, sse3, ssse3, sse4.1, sse4.2, popcnt, avx, avx2, aes, clmul, erms, rtm, 3dnowpref, lzcnt, ht, tsc, tscinvbit, bmi1, bmi2, adx

Memory: 4k page, physical 33420332k(22658192k free), swap 38401068k(25163448k free)

vm_info: Java HotSpot(TM) 64-Bit Server VM (25.241-b07) for windows-amd64 JRE (1.8.0_241-b07), built on Dec 11 2019 10:21:40 by "rejava" with MS VC++ 10.0 (VS2010)

time: Thu May 07 11:15:23 2020
timezone: Vsteuropa, sommartid
elapsed time: 117 seconds (0d 0h 1m 57s)

